{"/Users/rodrigobrezolin/Documents/pessoal/YGM-backend-firestore/src/common/customError/customError.ts": {"path":"/Users/rodrigobrezolin/Documents/pessoal/YGM-backend-firestore/src/common/customError/customError.ts","statementMap":{"0":{"start":{"line":3,"column":4},"end":{"line":3,"column":19}},"1":{"start":{"line":2,"column":30},"end":{"line":2,"column":45}},"2":{"start":{"line":2,"column":63},"end":{"line":2,"column":84}},"3":{"start":{"line":1,"column":0},"end":{"line":1,"column":13}}},"fnMap":{"0":{"name":"(anonymous_0)","decl":{"start":{"line":2,"column":2},"end":{"line":2,"column":30}},"loc":{"start":{"line":2,"column":87},"end":{"line":4,"column":3}}}},"branchMap":{"0":{"loc":{"start":{"line":2,"column":63},"end":{"line":2,"column":87}},"type":"default-arg","locations":[{"start":{"line":2,"column":84},"end":{"line":2,"column":87}}]}},"s":{"0":86,"1":86,"2":86,"3":25},"f":{"0":86},"b":{"0":[0]}}
,"/Users/rodrigobrezolin/Documents/pessoal/YGM-backend-firestore/src/common/customError/invalidRequests.ts": {"path":"/Users/rodrigobrezolin/Documents/pessoal/YGM-backend-firestore/src/common/customError/invalidRequests.ts","statementMap":{"0":{"start":{"line":1,"column":0},"end":{"line":1,"column":44}},"1":{"start":{"line":5,"column":4},"end":{"line":5,"column":63}},"2":{"start":{"line":3,"column":0},"end":{"line":3,"column":13}},"3":{"start":{"line":11,"column":4},"end":{"line":11,"column":74}},"4":{"start":{"line":9,"column":0},"end":{"line":9,"column":13}}},"fnMap":{"0":{"name":"(anonymous_0)","decl":{"start":{"line":4,"column":2},"end":{"line":4,"column":null}},"loc":{"start":{"line":4,"column":2},"end":{"line":6,"column":3}}},"1":{"name":"(anonymous_1)","decl":{"start":{"line":10,"column":2},"end":{"line":10,"column":null}},"loc":{"start":{"line":10,"column":2},"end":{"line":12,"column":3}}}},"branchMap":{},"s":{"0":3,"1":0,"2":3,"3":26,"4":3},"f":{"0":0,"1":26},"b":{}}
,"/Users/rodrigobrezolin/Documents/pessoal/YGM-backend-firestore/src/common/customError/notFound.ts": {"path":"/Users/rodrigobrezolin/Documents/pessoal/YGM-backend-firestore/src/common/customError/notFound.ts","statementMap":{"0":{"start":{"line":1,"column":0},"end":{"line":1,"column":44}},"1":{"start":{"line":6,"column":4},"end":{"line":6,"column":null}},"2":{"start":{"line":5,"column":21},"end":{"line":5,"column":37}},"3":{"start":{"line":4,"column":0},"end":{"line":4,"column":13}}},"fnMap":{"0":{"name":"(anonymous_0)","decl":{"start":{"line":5,"column":2},"end":{"line":5,"column":21}},"loc":{"start":{"line":5,"column":43},"end":{"line":7,"column":3}}}},"branchMap":{"0":{"loc":{"start":{"line":5,"column":21},"end":{"line":5,"column":43}},"type":"default-arg","locations":[{"start":{"line":5,"column":37},"end":{"line":5,"column":43}}]}},"s":{"0":8,"1":10,"2":10,"3":8},"f":{"0":10},"b":{"0":[2]}}
,"/Users/rodrigobrezolin/Documents/pessoal/YGM-backend-firestore/src/common/database/BaseDatabase.ts": {"path":"/Users/rodrigobrezolin/Documents/pessoal/YGM-backend-firestore/src/common/database/BaseDatabase.ts","statementMap":{"0":{"start":{"line":1,"column":0},"end":{"line":1,"column":40}},"1":{"start":{"line":2,"column":0},"end":{"line":2,"column":30}},"2":{"start":{"line":4,"column":0},"end":{"line":4,"column":51}},"3":{"start":{"line":5,"column":0},"end":{"line":5,"column":42}},"4":{"start":{"line":7,"column":0},"end":{"line":7,"column":null}},"5":{"start":{"line":9,"column":0},"end":{"line":11,"column":3}},"6":{"start":{"line":24,"column":4},"end":{"line":24,"column":66}},"7":{"start":{"line":28,"column":17},"end":{"line":28,"column":46}},"8":{"start":{"line":29,"column":4},"end":{"line":29,"column":46}},"9":{"start":{"line":29,"column":34},"end":{"line":29,"column":44}},"10":{"start":{"line":33,"column":17},"end":{"line":33,"column":54}},"11":{"start":{"line":34,"column":4},"end":{"line":34,"column":null}},"12":{"start":{"line":38,"column":4},"end":{"line":38,"column":63}},"13":{"start":{"line":42,"column":17},"end":{"line":42,"column":63}},"14":{"start":{"line":43,"column":4},"end":{"line":45,"column":null}},"15":{"start":{"line":44,"column":6},"end":{"line":44,"column":null}},"16":{"start":{"line":46,"column":4},"end":{"line":46,"column":40}},"17":{"start":{"line":50,"column":17},"end":{"line":50,"column":54}},"18":{"start":{"line":51,"column":4},"end":{"line":55,"column":null}},"19":{"start":{"line":52,"column":6},"end":{"line":52,"column":30}},"20":{"start":{"line":54,"column":6},"end":{"line":54,"column":null}},"21":{"start":{"line":14,"column":0},"end":{"line":14,"column":22}},"22":{"start":{"line":16,"column":19},"end":{"line":16,"column":49}},"23":{"start":{"line":18,"column":19},"end":{"line":18,"column":39}}},"fnMap":{"0":{"name":"(anonymous_14)","decl":{"start":{"line":23,"column":12},"end":{"line":23,"column":22}},"loc":{"start":{"line":23,"column":22},"end":{"line":25,"column":3}}},"1":{"name":"(anonymous_15)","decl":{"start":{"line":27,"column":18},"end":{"line":27,"column":25}},"loc":{"start":{"line":27,"column":25},"end":{"line":30,"column":null}}},"2":{"name":"(anonymous_17)","decl":{"start":{"line":29,"column":25},"end":{"line":29,"column":26}},"loc":{"start":{"line":29,"column":34},"end":{"line":29,"column":44}}},"3":{"name":"(anonymous_18)","decl":{"start":{"line":32,"column":18},"end":{"line":32,"column":26}},"loc":{"start":{"line":32,"column":36},"end":{"line":35,"column":null}}},"4":{"name":"(anonymous_20)","decl":{"start":{"line":37,"column":18},"end":{"line":37,"column":24}},"loc":{"start":{"line":37,"column":47},"end":{"line":39,"column":null}}},"5":{"name":"(anonymous_22)","decl":{"start":{"line":41,"column":18},"end":{"line":41,"column":22}},"loc":{"start":{"line":41,"column":45},"end":{"line":47,"column":null}}},"6":{"name":"(anonymous_24)","decl":{"start":{"line":49,"column":18},"end":{"line":49,"column":24}},"loc":{"start":{"line":49,"column":35},"end":{"line":56,"column":null}}}},"branchMap":{"0":{"loc":{"start":{"line":34,"column":11},"end":{"line":34,"column":41}},"type":"cond-expr","locations":[{"start":{"line":34,"column":18},"end":{"line":34,"column":29}},{"start":{"line":34,"column":32},"end":{"line":34,"column":41}}]},"1":{"loc":{"start":{"line":43,"column":4},"end":{"line":45,"column":null}},"type":"if","locations":[{"start":{"line":43,"column":4},"end":{"line":45,"column":null}}]},"2":{"loc":{"start":{"line":51,"column":4},"end":{"line":55,"column":null}},"type":"if","locations":[{"start":{"line":51,"column":4},"end":{"line":55,"column":null}},{"start":{"line":53,"column":11},"end":{"line":55,"column":null}}]}},"s":{"0":6,"1":6,"2":6,"3":6,"4":6,"5":6,"6":51,"7":2,"8":2,"9":4,"10":23,"11":23,"12":7,"13":3,"14":3,"15":1,"16":2,"17":5,"18":5,"19":4,"20":1,"21":6,"22":6,"23":6},"f":{"0":51,"1":2,"2":4,"3":23,"4":7,"5":3,"6":5},"b":{"0":[23,0],"1":[1],"2":[4,1]}}
,"/Users/rodrigobrezolin/Documents/pessoal/YGM-backend-firestore/src/common/database/config.ts": {"path":"/Users/rodrigobrezolin/Documents/pessoal/YGM-backend-firestore/src/common/database/config.ts","statementMap":{"0":{"start":{"line":3,"column":13},"end":{"line":15,"column":2}},"1":{"start":{"line":18,"column":13},"end":{"line":25,"column":2}}},"fnMap":{},"branchMap":{"0":{"loc":{"start":{"line":7,"column":15},"end":{"line":7,"column":62}},"type":"cond-expr","locations":[{"start":{"line":7,"column":38},"end":{"line":7,"column":40}},{"start":{"line":7,"column":38},"end":{"line":7,"column":62}}]},"1":{"loc":{"start":{"line":7,"column":15},"end":{"line":7,"column":40}},"type":"binary-expr","locations":[{"start":{"line":7,"column":15},"end":{"line":7,"column":40}},{"start":{"line":7,"column":38},"end":{"line":7,"column":40}}]}},"s":{"0":6,"1":6},"f":{},"b":{"0":[0,6],"1":[6,6]}}
,"/Users/rodrigobrezolin/Documents/pessoal/YGM-backend-firestore/src/common/domain/common.enum.ts": {"path":"/Users/rodrigobrezolin/Documents/pessoal/YGM-backend-firestore/src/common/domain/common.enum.ts","statementMap":{"0":{"start":{"line":1,"column":0},"end":{"line":1,"column":null}},"1":{"start":{"line":2,"column":2},"end":{"line":2,"column":null}},"2":{"start":{"line":3,"column":2},"end":{"line":3,"column":null}},"3":{"start":{"line":4,"column":2},"end":{"line":4,"column":null}},"4":{"start":{"line":5,"column":2},"end":{"line":5,"column":null}},"5":{"start":{"line":8,"column":0},"end":{"line":8,"column":null}},"6":{"start":{"line":9,"column":2},"end":{"line":9,"column":null}},"7":{"start":{"line":10,"column":2},"end":{"line":10,"column":null}},"8":{"start":{"line":11,"column":2},"end":{"line":11,"column":null}},"9":{"start":{"line":12,"column":2},"end":{"line":12,"column":null}},"10":{"start":{"line":13,"column":2},"end":{"line":13,"column":null}},"11":{"start":{"line":14,"column":2},"end":{"line":14,"column":null}},"12":{"start":{"line":15,"column":2},"end":{"line":15,"column":null}},"13":{"start":{"line":18,"column":0},"end":{"line":18,"column":null}},"14":{"start":{"line":19,"column":2},"end":{"line":19,"column":null}},"15":{"start":{"line":20,"column":2},"end":{"line":20,"column":null}},"16":{"start":{"line":21,"column":2},"end":{"line":21,"column":null}},"17":{"start":{"line":22,"column":2},"end":{"line":22,"column":null}},"18":{"start":{"line":23,"column":2},"end":{"line":23,"column":null}},"19":{"start":{"line":24,"column":2},"end":{"line":24,"column":null}},"20":{"start":{"line":27,"column":0},"end":{"line":27,"column":null}},"21":{"start":{"line":28,"column":2},"end":{"line":28,"column":null}},"22":{"start":{"line":29,"column":2},"end":{"line":29,"column":null}},"23":{"start":{"line":30,"column":2},"end":{"line":30,"column":null}},"24":{"start":{"line":33,"column":0},"end":{"line":33,"column":null}},"25":{"start":{"line":34,"column":2},"end":{"line":34,"column":null}},"26":{"start":{"line":35,"column":2},"end":{"line":35,"column":null}},"27":{"start":{"line":36,"column":2},"end":{"line":36,"column":null}},"28":{"start":{"line":37,"column":2},"end":{"line":37,"column":null}},"29":{"start":{"line":38,"column":2},"end":{"line":38,"column":null}},"30":{"start":{"line":39,"column":2},"end":{"line":39,"column":null}},"31":{"start":{"line":40,"column":2},"end":{"line":40,"column":null}},"32":{"start":{"line":41,"column":2},"end":{"line":41,"column":null}},"33":{"start":{"line":42,"column":2},"end":{"line":42,"column":null}},"34":{"start":{"line":43,"column":2},"end":{"line":43,"column":null}},"35":{"start":{"line":44,"column":2},"end":{"line":44,"column":null}},"36":{"start":{"line":45,"column":2},"end":{"line":45,"column":null}},"37":{"start":{"line":48,"column":13},"end":{"line":61,"column":2}}},"fnMap":{"0":{"name":"(anonymous_0)","decl":{"start":{"line":1,"column":0},"end":{"line":1,"column":12}},"loc":{"start":{"line":1,"column":21},"end":{"line":6,"column":1}}},"1":{"name":"(anonymous_1)","decl":{"start":{"line":8,"column":0},"end":{"line":8,"column":12}},"loc":{"start":{"line":8,"column":16},"end":{"line":16,"column":1}}},"2":{"name":"(anonymous_2)","decl":{"start":{"line":18,"column":0},"end":{"line":18,"column":12}},"loc":{"start":{"line":18,"column":15},"end":{"line":25,"column":1}}},"3":{"name":"(anonymous_3)","decl":{"start":{"line":27,"column":0},"end":{"line":27,"column":12}},"loc":{"start":{"line":27,"column":21},"end":{"line":31,"column":1}}},"4":{"name":"(anonymous_4)","decl":{"start":{"line":33,"column":0},"end":{"line":33,"column":12}},"loc":{"start":{"line":33,"column":16},"end":{"line":46,"column":1}}}},"branchMap":{"0":{"loc":{"start":{"line":1,"column":12},"end":{"line":1,"column":null}},"type":"binary-expr","locations":[{"start":{"line":1,"column":12},"end":{"line":1,"column":21}},{"start":{"line":1,"column":12},"end":{"line":1,"column":null}}]},"1":{"loc":{"start":{"line":8,"column":12},"end":{"line":8,"column":null}},"type":"binary-expr","locations":[{"start":{"line":8,"column":12},"end":{"line":8,"column":16}},{"start":{"line":8,"column":12},"end":{"line":8,"column":null}}]},"2":{"loc":{"start":{"line":18,"column":12},"end":{"line":18,"column":null}},"type":"binary-expr","locations":[{"start":{"line":18,"column":12},"end":{"line":18,"column":15}},{"start":{"line":18,"column":12},"end":{"line":18,"column":null}}]},"3":{"loc":{"start":{"line":27,"column":12},"end":{"line":27,"column":null}},"type":"binary-expr","locations":[{"start":{"line":27,"column":12},"end":{"line":27,"column":21}},{"start":{"line":27,"column":12},"end":{"line":27,"column":null}}]},"4":{"loc":{"start":{"line":33,"column":12},"end":{"line":33,"column":null}},"type":"binary-expr","locations":[{"start":{"line":33,"column":12},"end":{"line":33,"column":16}},{"start":{"line":33,"column":12},"end":{"line":33,"column":null}}]}},"s":{"0":13,"1":13,"2":13,"3":13,"4":13,"5":13,"6":13,"7":13,"8":13,"9":13,"10":13,"11":13,"12":13,"13":13,"14":13,"15":13,"16":13,"17":13,"18":13,"19":13,"20":13,"21":13,"22":13,"23":13,"24":13,"25":13,"26":13,"27":13,"28":13,"29":13,"30":13,"31":13,"32":13,"33":13,"34":13,"35":13,"36":13,"37":13},"f":{"0":13,"1":13,"2":13,"3":13,"4":13},"b":{"0":[13,13],"1":[13,13],"2":[13,13],"3":[13,13],"4":[13,13]}}
,"/Users/rodrigobrezolin/Documents/pessoal/YGM-backend-firestore/src/common/domain/common.id.dto.ts": {"path":"/Users/rodrigobrezolin/Documents/pessoal/YGM-backend-firestore/src/common/domain/common.id.dto.ts","statementMap":{"0":{"start":{"line":1,"column":0},"end":{"line":1,"column":19}},"1":{"start":{"line":7,"column":13},"end":{"line":10,"column":null}},"2":{"start":{"line":10,"column":22},"end":{"line":10,"column":35}}},"fnMap":{"0":{"name":"(anonymous_1)","decl":{"start":{"line":10,"column":14},"end":{"line":10,"column":18}},"loc":{"start":{"line":10,"column":22},"end":{"line":10,"column":35}}}},"branchMap":{},"s":{"0":5,"1":5,"2":7},"f":{"0":7},"b":{}}
,"/Users/rodrigobrezolin/Documents/pessoal/YGM-backend-firestore/src/common/domain/common.pattern.date.ts": {"path":"/Users/rodrigobrezolin/Documents/pessoal/YGM-backend-firestore/src/common/domain/common.pattern.date.ts","statementMap":{"0":{"start":{"line":1,"column":0},"end":{"line":1,"column":57}},"1":{"start":{"line":3,"column":34},"end":{"line":16,"column":1}},"2":{"start":{"line":4,"column":20},"end":{"line":4,"column":72}},"3":{"start":{"line":5,"column":2},"end":{"line":7,"column":null}},"4":{"start":{"line":6,"column":4},"end":{"line":6,"column":74}},"5":{"start":{"line":9,"column":29},"end":{"line":9,"column":57}},"6":{"start":{"line":11,"column":15},"end":{"line":11,"column":45}},"7":{"start":{"line":13,"column":2},"end":{"line":15,"column":null}},"8":{"start":{"line":14,"column":4},"end":{"line":14,"column":87}},"9":{"start":{"line":3,"column":13},"end":{"line":3,"column":34}}},"fnMap":{"0":{"name":"(anonymous_0)","decl":{"start":{"line":3,"column":34},"end":{"line":3,"column":35}},"loc":{"start":{"line":3,"column":52},"end":{"line":16,"column":1}}}},"branchMap":{"0":{"loc":{"start":{"line":5,"column":2},"end":{"line":7,"column":null}},"type":"if","locations":[{"start":{"line":5,"column":2},"end":{"line":7,"column":null}}]},"1":{"loc":{"start":{"line":13,"column":2},"end":{"line":15,"column":null}},"type":"if","locations":[{"start":{"line":13,"column":2},"end":{"line":15,"column":null}}]}},"s":{"0":9,"1":9,"2":72,"3":72,"4":11,"5":61,"6":61,"7":61,"8":0,"9":9},"f":{"0":72},"b":{"0":[11],"1":[0]}}
,"/Users/rodrigobrezolin/Documents/pessoal/YGM-backend-firestore/src/common/domain/common.pattern.name.ts": {"path":"/Users/rodrigobrezolin/Documents/pessoal/YGM-backend-firestore/src/common/domain/common.pattern.name.ts","statementMap":{"0":{"start":{"line":1,"column":0},"end":{"line":1,"column":57}},"1":{"start":{"line":3,"column":28},"end":{"line":9,"column":1}},"2":{"start":{"line":5,"column":4},"end":{"line":5,"column":114}},"3":{"start":{"line":6,"column":2},"end":{"line":8,"column":null}},"4":{"start":{"line":7,"column":4},"end":{"line":7,"column":81}},"5":{"start":{"line":3,"column":13},"end":{"line":3,"column":28}}},"fnMap":{"0":{"name":"(anonymous_0)","decl":{"start":{"line":3,"column":28},"end":{"line":3,"column":29}},"loc":{"start":{"line":3,"column":45},"end":{"line":9,"column":1}}}},"branchMap":{"0":{"loc":{"start":{"line":6,"column":2},"end":{"line":8,"column":null}},"type":"if","locations":[{"start":{"line":6,"column":2},"end":{"line":8,"column":null}}]}},"s":{"0":13,"1":13,"2":60,"3":60,"4":5,"5":13},"f":{"0":60},"b":{"0":[5]}}
,"/Users/rodrigobrezolin/Documents/pessoal/YGM-backend-firestore/src/common/domain/common.pattern.time.ts": {"path":"/Users/rodrigobrezolin/Documents/pessoal/YGM-backend-firestore/src/common/domain/common.pattern.time.ts","statementMap":{"0":{"start":{"line":1,"column":0},"end":{"line":1,"column":57}},"1":{"start":{"line":4,"column":28},"end":{"line":9,"column":1}},"2":{"start":{"line":5,"column":20},"end":{"line":5,"column":47}},"3":{"start":{"line":6,"column":2},"end":{"line":8,"column":null}},"4":{"start":{"line":7,"column":4},"end":{"line":7,"column":73}},"5":{"start":{"line":4,"column":13},"end":{"line":4,"column":28}}},"fnMap":{"0":{"name":"(anonymous_0)","decl":{"start":{"line":4,"column":28},"end":{"line":4,"column":29}},"loc":{"start":{"line":4,"column":44},"end":{"line":9,"column":1}}}},"branchMap":{"0":{"loc":{"start":{"line":6,"column":2},"end":{"line":8,"column":null}},"type":"if","locations":[{"start":{"line":6,"column":2},"end":{"line":8,"column":null}}]}},"s":{"0":9,"1":9,"2":101,"3":101,"4":8,"5":9},"f":{"0":101},"b":{"0":[8]}}
,"/Users/rodrigobrezolin/Documents/pessoal/YGM-backend-firestore/src/common/domain/common.zodPatterns.ts": {"path":"/Users/rodrigobrezolin/Documents/pessoal/YGM-backend-firestore/src/common/domain/common.zodPatterns.ts","statementMap":{"0":{"start":{"line":1,"column":0},"end":{"line":1,"column":24}},"1":{"start":{"line":3,"column":13},"end":{"line":6,"column":10}},"2":{"start":{"line":8,"column":13},"end":{"line":10,"column":50}},"3":{"start":{"line":12,"column":13},"end":{"line":14,"column":3}},"4":{"start":{"line":16,"column":13},"end":{"line":16,"column":54}},"5":{"start":{"line":18,"column":13},"end":{"line":20,"column":58}},"6":{"start":{"line":22,"column":13},"end":{"line":24,"column":3}},"7":{"start":{"line":26,"column":13},"end":{"line":28,"column":3}},"8":{"start":{"line":30,"column":13},"end":{"line":32,"column":3}},"9":{"start":{"line":34,"column":13},"end":{"line":36,"column":14}},"10":{"start":{"line":38,"column":13},"end":{"line":40,"column":14}},"11":{"start":{"line":42,"column":13},"end":{"line":44,"column":14}},"12":{"start":{"line":46,"column":13},"end":{"line":53,"column":14}},"13":{"start":{"line":55,"column":13},"end":{"line":55,"column":48}},"14":{"start":{"line":57,"column":13},"end":{"line":59,"column":3}}},"fnMap":{},"branchMap":{},"s":{"0":7,"1":7,"2":7,"3":7,"4":7,"5":7,"6":7,"7":7,"8":7,"9":7,"10":7,"11":7,"12":7,"13":7,"14":7},"f":{},"b":{}}
,"/Users/rodrigobrezolin/Documents/pessoal/YGM-backend-firestore/src/common/utils/common.utils.capitilizeName.ts": {"path":"/Users/rodrigobrezolin/Documents/pessoal/YGM-backend-firestore/src/common/utils/common.utils.capitilizeName.ts","statementMap":{"0":{"start":{"line":1,"column":37},"end":{"line":3,"column":1}},"1":{"start":{"line":2,"column":2},"end":{"line":2,"column":74}},"2":{"start":{"line":2,"column":54},"end":{"line":2,"column":72}},"3":{"start":{"line":1,"column":13},"end":{"line":1,"column":37}}},"fnMap":{"0":{"name":"(anonymous_0)","decl":{"start":{"line":1,"column":37},"end":{"line":1,"column":38}},"loc":{"start":{"line":1,"column":52},"end":{"line":3,"column":1}}},"1":{"name":"(anonymous_1)","decl":{"start":{"line":2,"column":44},"end":{"line":2,"column":45}},"loc":{"start":{"line":2,"column":54},"end":{"line":2,"column":72}}}},"branchMap":{},"s":{"0":2,"1":2,"2":3,"3":2},"f":{"0":2,"1":3},"b":{}}
,"/Users/rodrigobrezolin/Documents/pessoal/YGM-backend-firestore/src/common/utils/common.utils.formatDate.ts": {"path":"/Users/rodrigobrezolin/Documents/pessoal/YGM-backend-firestore/src/common/utils/common.utils.formatDate.ts","statementMap":{"0":{"start":{"line":1,"column":0},"end":{"line":1,"column":66}},"1":{"start":{"line":3,"column":26},"end":{"line":19,"column":1}},"2":{"start":{"line":4,"column":2},"end":{"line":18,"column":null}},"3":{"start":{"line":5,"column":31},"end":{"line":5,"column":58}},"4":{"start":{"line":7,"column":4},"end":{"line":9,"column":null}},"5":{"start":{"line":8,"column":6},"end":{"line":8,"column":35}},"6":{"start":{"line":11,"column":4},"end":{"line":13,"column":null}},"7":{"start":{"line":12,"column":6},"end":{"line":12,"column":null}},"8":{"start":{"line":15,"column":4},"end":{"line":15,"column":93}},"9":{"start":{"line":17,"column":4},"end":{"line":17,"column":null}},"10":{"start":{"line":3,"column":13},"end":{"line":3,"column":26}}},"fnMap":{"0":{"name":"(anonymous_0)","decl":{"start":{"line":3,"column":26},"end":{"line":3,"column":27}},"loc":{"start":{"line":3,"column":43},"end":{"line":19,"column":1}}}},"branchMap":{"0":{"loc":{"start":{"line":7,"column":4},"end":{"line":9,"column":null}},"type":"if","locations":[{"start":{"line":7,"column":4},"end":{"line":9,"column":null}}]},"1":{"loc":{"start":{"line":7,"column":8},"end":{"line":7,"column":31}},"type":"binary-expr","locations":[{"start":{"line":7,"column":8},"end":{"line":7,"column":13}},{"start":{"line":7,"column":17},"end":{"line":7,"column":23}},{"start":{"line":7,"column":27},"end":{"line":7,"column":31}}]},"2":{"loc":{"start":{"line":11,"column":4},"end":{"line":13,"column":null}},"type":"if","locations":[{"start":{"line":11,"column":4},"end":{"line":13,"column":null}}]},"3":{"loc":{"start":{"line":11,"column":8},"end":{"line":11,"column":84}},"type":"binary-expr","locations":[{"start":{"line":11,"column":8},"end":{"line":11,"column":19}},{"start":{"line":11,"column":23},"end":{"line":11,"column":34}},{"start":{"line":11,"column":38},"end":{"line":11,"column":47}},{"start":{"line":11,"column":51},"end":{"line":11,"column":61}},{"start":{"line":11,"column":65},"end":{"line":11,"column":72}},{"start":{"line":11,"column":76},"end":{"line":11,"column":84}}]}},"s":{"0":3,"1":3,"2":23,"3":23,"4":23,"5":11,"6":12,"7":2,"8":10,"9":13,"10":3},"f":{"0":23},"b":{"0":[11],"1":[23,14,13],"2":[2],"3":[12,12,12,12,11,11]}}
,"/Users/rodrigobrezolin/Documents/pessoal/YGM-backend-firestore/src/modules/auth/business/auth.Business.ts": {"path":"/Users/rodrigobrezolin/Documents/pessoal/YGM-backend-firestore/src/modules/auth/business/auth.Business.ts","statementMap":{"0":{"start":{"line":3,"column":0},"end":{"line":3,"column":90}},"1":{"start":{"line":4,"column":0},"end":{"line":4,"column":45}},"2":{"start":{"line":13,"column":12},"end":{"line":13,"column":34}},"3":{"start":{"line":14,"column":12},"end":{"line":14,"column":39}},"4":{"start":{"line":15,"column":12},"end":{"line":15,"column":45}},"5":{"start":{"line":19,"column":20},"end":{"line":19,"column":50}},"6":{"start":{"line":20,"column":4},"end":{"line":20,"column":52}},"7":{"start":{"line":24,"column":26},"end":{"line":24,"column":31}},"8":{"start":{"line":25,"column":24},"end":{"line":25,"column":60}},"9":{"start":{"line":27,"column":20},"end":{"line":31,"column":6}},"10":{"start":{"line":32,"column":5},"end":{"line":32,"column":43}},"11":{"start":{"line":33,"column":4},"end":{"line":33,"column":null}},"12":{"start":{"line":37,"column":4},"end":{"line":37,"column":49}},"13":{"start":{"line":41,"column":4},"end":{"line":41,"column":37}},"14":{"start":{"line":42,"column":4},"end":{"line":42,"column":null}},"15":{"start":{"line":46,"column":17},"end":{"line":46,"column":47}},"16":{"start":{"line":47,"column":19},"end":{"line":47,"column":34}},"17":{"start":{"line":48,"column":4},"end":{"line":48,"column":null}},"18":{"start":{"line":52,"column":23},"end":{"line":52,"column":62}},"19":{"start":{"line":53,"column":4},"end":{"line":53,"column":69}},"20":{"start":{"line":11,"column":0},"end":{"line":11,"column":13}}},"fnMap":{"0":{"name":"(anonymous_7)","decl":{"start":{"line":12,"column":2},"end":{"line":12,"column":null}},"loc":{"start":{"line":15,"column":45},"end":{"line":16,"column":6}}},"1":{"name":"(anonymous_8)","decl":{"start":{"line":18,"column":15},"end":{"line":18,"column":20}},"loc":{"start":{"line":18,"column":40},"end":{"line":21,"column":null}}},"2":{"name":"(anonymous_10)","decl":{"start":{"line":23,"column":15},"end":{"line":23,"column":21}},"loc":{"start":{"line":23,"column":38},"end":{"line":34,"column":null}}},"3":{"name":"(anonymous_12)","decl":{"start":{"line":36,"column":15},"end":{"line":36,"column":32}},"loc":{"start":{"line":36,"column":32},"end":{"line":38,"column":null}}},"4":{"name":"(anonymous_14)","decl":{"start":{"line":40,"column":15},"end":{"line":40,"column":25}},"loc":{"start":{"line":40,"column":39},"end":{"line":43,"column":null}}},"5":{"name":"(anonymous_16)","decl":{"start":{"line":45,"column":15},"end":{"line":45,"column":29}},"loc":{"start":{"line":45,"column":43},"end":{"line":49,"column":null}}},"6":{"name":"(anonymous_18)","decl":{"start":{"line":51,"column":15},"end":{"line":51,"column":33}},"loc":{"start":{"line":51,"column":53},"end":{"line":54,"column":null}}}},"branchMap":{},"s":{"0":1,"1":1,"2":1,"3":1,"4":1,"5":1,"6":1,"7":1,"8":1,"9":1,"10":1,"11":1,"12":1,"13":1,"14":1,"15":1,"16":1,"17":1,"18":2,"19":2,"20":1},"f":{"0":1,"1":1,"2":1,"3":1,"4":1,"5":1,"6":2},"b":{}}
,"/Users/rodrigobrezolin/Documents/pessoal/YGM-backend-firestore/src/modules/auth/controller/auth.Controller.ts": {"path":"/Users/rodrigobrezolin/Documents/pessoal/YGM-backend-firestore/src/modules/auth/controller/auth.Controller.ts","statementMap":{"0":{"start":{"line":2,"column":0},"end":{"line":2,"column":64}},"1":{"start":{"line":4,"column":0},"end":{"line":4,"column":60}},"2":{"start":{"line":5,"column":0},"end":{"line":5,"column":60}},"3":{"start":{"line":6,"column":0},"end":{"line":6,"column":62}},"4":{"start":{"line":9,"column":22},"end":{"line":9,"column":48}},"5":{"start":{"line":12,"column":18},"end":{"line":12,"column":71}},"6":{"start":{"line":13,"column":18},"end":{"line":13,"column":54}},"7":{"start":{"line":14,"column":4},"end":{"line":14,"column":36}},"8":{"start":{"line":18,"column":18},"end":{"line":21,"column":6}},"9":{"start":{"line":22,"column":18},"end":{"line":22,"column":55}},"10":{"start":{"line":23,"column":4},"end":{"line":23,"column":36}},"11":{"start":{"line":27,"column":19},"end":{"line":27,"column":62}},"12":{"start":{"line":28,"column":4},"end":{"line":28,"column":35}},"13":{"start":{"line":32,"column":18},"end":{"line":32,"column":55}},"14":{"start":{"line":33,"column":4},"end":{"line":33,"column":46}},"15":{"start":{"line":34,"column":4},"end":{"line":34,"column":58}},"16":{"start":{"line":38,"column":18},"end":{"line":38,"column":55}},"17":{"start":{"line":39,"column":4},"end":{"line":39,"column":50}},"18":{"start":{"line":40,"column":4},"end":{"line":40,"column":67}},"19":{"start":{"line":44,"column":18},"end":{"line":44,"column":62}},"20":{"start":{"line":45,"column":4},"end":{"line":45,"column":54}},"21":{"start":{"line":46,"column":4},"end":{"line":46,"column":67}},"22":{"start":{"line":8,"column":0},"end":{"line":8,"column":13}}},"fnMap":{"0":{"name":"(anonymous_7)","decl":{"start":{"line":9,"column":2},"end":{"line":9,"column":22}},"loc":{"start":{"line":9,"column":48},"end":{"line":9,"column":52}}},"1":{"name":"(anonymous_8)","decl":{"start":{"line":11,"column":15},"end":{"line":11,"column":20}},"loc":{"start":{"line":11,"column":48},"end":{"line":15,"column":null}}},"2":{"name":"(anonymous_10)","decl":{"start":{"line":17,"column":15},"end":{"line":17,"column":21}},"loc":{"start":{"line":17,"column":49},"end":{"line":24,"column":null}}},"3":{"name":"(anonymous_12)","decl":{"start":{"line":26,"column":15},"end":{"line":26,"column":32}},"loc":{"start":{"line":26,"column":60},"end":{"line":29,"column":null}}},"4":{"name":"(anonymous_14)","decl":{"start":{"line":31,"column":15},"end":{"line":31,"column":25}},"loc":{"start":{"line":31,"column":53},"end":{"line":35,"column":null}}},"5":{"name":"(anonymous_16)","decl":{"start":{"line":37,"column":15},"end":{"line":37,"column":29}},"loc":{"start":{"line":37,"column":57},"end":{"line":41,"column":null}}},"6":{"name":"(anonymous_18)","decl":{"start":{"line":43,"column":15},"end":{"line":43,"column":33}},"loc":{"start":{"line":43,"column":61},"end":{"line":47,"column":null}}}},"branchMap":{},"s":{"0":1,"1":1,"2":1,"3":1,"4":1,"5":1,"6":1,"7":1,"8":1,"9":1,"10":1,"11":1,"12":1,"13":1,"14":1,"15":1,"16":1,"17":1,"18":1,"19":1,"20":1,"21":1,"22":1},"f":{"0":1,"1":1,"2":1,"3":1,"4":1,"5":1,"6":1},"b":{}}
,"/Users/rodrigobrezolin/Documents/pessoal/YGM-backend-firestore/src/modules/auth/database/auth.Database.ts": {"path":"/Users/rodrigobrezolin/Documents/pessoal/YGM-backend-firestore/src/modules/auth/database/auth.Database.ts","statementMap":{"0":{"start":{"line":2,"column":0},"end":{"line":2,"column":45}},"1":{"start":{"line":3,"column":0},"end":{"line":3,"column":69}},"2":{"start":{"line":5,"column":0},"end":{"line":5,"column":64}},"3":{"start":{"line":8,"column":2},"end":{"line":8,"column":27}},"4":{"start":{"line":11,"column":20},"end":{"line":11,"column":49}},"5":{"start":{"line":12,"column":19},"end":{"line":12,"column":43}},"6":{"start":{"line":13,"column":6},"end":{"line":15,"column":null}},"7":{"start":{"line":14,"column":8},"end":{"line":14,"column":null}},"8":{"start":{"line":16,"column":6},"end":{"line":16,"column":40}},"9":{"start":{"line":20,"column":28},"end":{"line":20,"column":72}},"10":{"start":{"line":21,"column":6},"end":{"line":21,"column":null}},"11":{"start":{"line":25,"column":6},"end":{"line":25,"column":45}},"12":{"start":{"line":29,"column":4},"end":{"line":29,"column":51}},"13":{"start":{"line":33,"column":17},"end":{"line":33,"column":41}},"14":{"start":{"line":34,"column":4},"end":{"line":36,"column":null}},"15":{"start":{"line":35,"column":6},"end":{"line":35,"column":36}},"16":{"start":{"line":37,"column":4},"end":{"line":37,"column":null}},"17":{"start":{"line":41,"column":17},"end":{"line":41,"column":75}},"18":{"start":{"line":42,"column":4},"end":{"line":42,"column":60}},"19":{"start":{"line":42,"column":34},"end":{"line":42,"column":58}},"20":{"start":{"line":46,"column":4},"end":{"line":46,"column":27}},"21":{"start":{"line":47,"column":4},"end":{"line":47,"column":null}},"22":{"start":{"line":48,"column":4},"end":{"line":48,"column":null}},"23":{"start":{"line":53,"column":22},"end":{"line":54,"column":null}},"24":{"start":{"line":56,"column":4},"end":{"line":56,"column":22}},"25":{"start":{"line":60,"column":4},"end":{"line":60,"column":61}},"26":{"start":{"line":64,"column":4},"end":{"line":69,"column":6}},"27":{"start":{"line":74,"column":4},"end":{"line":74,"column":74}},"28":{"start":{"line":78,"column":4},"end":{"line":84,"column":9}},"29":{"start":{"line":83,"column":8},"end":{"line":83,"column":48}},"30":{"start":{"line":83,"column":30},"end":{"line":83,"column":46}},"31":{"start":{"line":7,"column":0},"end":{"line":7,"column":13}}},"fnMap":{"0":{"name":"(anonymous_7)","decl":{"start":{"line":7,"column":0},"end":{"line":7,"column":13}},"loc":{"start":{"line":7,"column":0},"end":{"line":86,"column":1}}},"1":{"name":"(anonymous_8)","decl":{"start":{"line":10,"column":15},"end":{"line":10,"column":20}},"loc":{"start":{"line":10,"column":34},"end":{"line":17,"column":null}}},"2":{"name":"(anonymous_11)","decl":{"start":{"line":19,"column":17},"end":{"line":19,"column":28}},"loc":{"start":{"line":19,"column":42},"end":{"line":22,"column":null}}},"3":{"name":"(anonymous_13)","decl":{"start":{"line":24,"column":17},"end":{"line":24,"column":30}},"loc":{"start":{"line":24,"column":41},"end":{"line":26,"column":null}}},"4":{"name":"(anonymous_15)","decl":{"start":{"line":28,"column":15},"end":{"line":28,"column":25}},"loc":{"start":{"line":28,"column":36},"end":{"line":30,"column":null}}},"5":{"name":"(anonymous_18)","decl":{"start":{"line":32,"column":15},"end":{"line":32,"column":23}},"loc":{"start":{"line":32,"column":34},"end":{"line":38,"column":null}}},"6":{"name":"(anonymous_21)","decl":{"start":{"line":40,"column":15},"end":{"line":40,"column":32}},"loc":{"start":{"line":40,"column":32},"end":{"line":43,"column":null}}},"7":{"name":"(anonymous_23)","decl":{"start":{"line":42,"column":25},"end":{"line":42,"column":26}},"loc":{"start":{"line":42,"column":34},"end":{"line":42,"column":58}}},"8":{"name":"(anonymous_24)","decl":{"start":{"line":45,"column":15},"end":{"line":45,"column":25}},"loc":{"start":{"line":45,"column":36},"end":{"line":49,"column":null}}},"9":{"name":"(anonymous_27)","decl":{"start":{"line":52,"column":15},"end":{"line":52,"column":29}},"loc":{"start":{"line":52,"column":43},"end":{"line":57,"column":null}}},"10":{"name":"(anonymous_29)","decl":{"start":{"line":59,"column":15},"end":{"line":59,"column":25}},"loc":{"start":{"line":59,"column":36},"end":{"line":61,"column":null}}},"11":{"name":"(anonymous_31)","decl":{"start":{"line":63,"column":10},"end":{"line":63,"column":25}},"loc":{"start":{"line":63,"column":36},"end":{"line":70,"column":3}}},"12":{"name":"(anonymous_32)","decl":{"start":{"line":72,"column":16},"end":{"line":72,"column":34}},"loc":{"start":{"line":72,"column":45},"end":{"line":75,"column":null}}},"13":{"name":"(anonymous_34)","decl":{"start":{"line":76,"column":16},"end":{"line":76,"column":34}},"loc":{"start":{"line":76,"column":45},"end":{"line":85,"column":null}}},"14":{"name":"(anonymous_36)","decl":{"start":{"line":82,"column":12},"end":{"line":82,"column":13}},"loc":{"start":{"line":82,"column":21},"end":{"line":84,"column":7}}},"15":{"name":"(anonymous_37)","decl":{"start":{"line":83,"column":21},"end":{"line":83,"column":22}},"loc":{"start":{"line":83,"column":30},"end":{"line":83,"column":46}}}},"branchMap":{"0":{"loc":{"start":{"line":13,"column":6},"end":{"line":15,"column":null}},"type":"if","locations":[{"start":{"line":13,"column":6},"end":{"line":15,"column":null}}]},"1":{"loc":{"start":{"line":34,"column":4},"end":{"line":36,"column":null}},"type":"if","locations":[{"start":{"line":34,"column":4},"end":{"line":36,"column":null}}]}},"s":{"0":1,"1":1,"2":1,"3":1,"4":0,"5":0,"6":0,"7":0,"8":0,"9":0,"10":0,"11":0,"12":1,"13":3,"14":3,"15":1,"16":2,"17":1,"18":1,"19":2,"20":1,"21":1,"22":1,"23":0,"24":0,"25":1,"26":1,"27":1,"28":1,"29":1,"30":0,"31":1},"f":{"0":1,"1":0,"2":0,"3":0,"4":1,"5":3,"6":1,"7":2,"8":1,"9":0,"10":1,"11":1,"12":1,"13":1,"14":1,"15":0},"b":{"0":[0],"1":[1]}}
,"/Users/rodrigobrezolin/Documents/pessoal/YGM-backend-firestore/src/modules/auth/domain/auth.Entity.ts": {"path":"/Users/rodrigobrezolin/Documents/pessoal/YGM-backend-firestore/src/modules/auth/domain/auth.Entity.ts","statementMap":{"0":{"start":{"line":1,"column":0},"end":{"line":1,"column":74}},"1":{"start":{"line":5,"column":12},"end":{"line":5,"column":25}},"2":{"start":{"line":6,"column":12},"end":{"line":6,"column":25}},"3":{"start":{"line":7,"column":12},"end":{"line":7,"column":23}},"4":{"start":{"line":8,"column":12},"end":{"line":8,"column":29}},"5":{"start":{"line":9,"column":12},"end":{"line":9,"column":30}},"6":{"start":{"line":11,"column":4},"end":{"line":11,"column":21}},"7":{"start":{"line":15,"column":4},"end":{"line":15,"column":36}},"8":{"start":{"line":19,"column":4},"end":{"line":19,"column":40}},"9":{"start":{"line":23,"column":4},"end":{"line":23,"column":22}},"10":{"start":{"line":27,"column":4},"end":{"line":27,"column":23}},"11":{"start":{"line":30,"column":4},"end":{"line":32,"column":null}},"12":{"start":{"line":31,"column":6},"end":{"line":31,"column":30}},"13":{"start":{"line":36,"column":4},"end":{"line":42,"column":6}},"14":{"start":{"line":3,"column":0},"end":{"line":3,"column":13}}},"fnMap":{"0":{"name":"(anonymous_0)","decl":{"start":{"line":4,"column":2},"end":{"line":4,"column":null}},"loc":{"start":{"line":9,"column":35},"end":{"line":12,"column":3}}},"1":{"name":"(anonymous_1)","decl":{"start":{"line":14,"column":9},"end":{"line":14,"column":14}},"loc":{"start":{"line":14,"column":14},"end":{"line":16,"column":3}}},"2":{"name":"(anonymous_2)","decl":{"start":{"line":18,"column":9},"end":{"line":18,"column":16}},"loc":{"start":{"line":18,"column":16},"end":{"line":20,"column":3}}},"3":{"name":"(anonymous_3)","decl":{"start":{"line":22,"column":9},"end":{"line":22,"column":17}},"loc":{"start":{"line":22,"column":17},"end":{"line":24,"column":3}}},"4":{"name":"(anonymous_4)","decl":{"start":{"line":26,"column":9},"end":{"line":26,"column":18}},"loc":{"start":{"line":26,"column":18},"end":{"line":28,"column":3}}},"5":{"name":"(anonymous_5)","decl":{"start":{"line":29,"column":9},"end":{"line":29,"column":18}},"loc":{"start":{"line":29,"column":18},"end":{"line":33,"column":3}}},"6":{"name":"(anonymous_6)","decl":{"start":{"line":35,"column":9},"end":{"line":35,"column":15}},"loc":{"start":{"line":35,"column":31},"end":{"line":43,"column":3}}}},"branchMap":{"0":{"loc":{"start":{"line":8,"column":12},"end":{"line":8,"column":34}},"type":"default-arg","locations":[{"start":{"line":8,"column":29},"end":{"line":8,"column":34}}]},"1":{"loc":{"start":{"line":9,"column":12},"end":{"line":9,"column":35}},"type":"default-arg","locations":[{"start":{"line":9,"column":30},"end":{"line":9,"column":35}}]},"2":{"loc":{"start":{"line":15,"column":11},"end":{"line":15,"column":35}},"type":"cond-expr","locations":[{"start":{"line":15,"column":21},"end":{"line":15,"column":28}},{"start":{"line":15,"column":31},"end":{"line":15,"column":35}}]},"3":{"loc":{"start":{"line":19,"column":11},"end":{"line":19,"column":39}},"type":"cond-expr","locations":[{"start":{"line":19,"column":23},"end":{"line":19,"column":32}},{"start":{"line":19,"column":35},"end":{"line":19,"column":39}}]},"4":{"loc":{"start":{"line":30,"column":4},"end":{"line":32,"column":null}},"type":"if","locations":[{"start":{"line":30,"column":4},"end":{"line":32,"column":null}}]}},"s":{"0":4,"1":13,"2":13,"3":13,"4":13,"5":13,"6":13,"7":2,"8":3,"9":4,"10":1,"11":13,"12":12,"13":12,"14":4},"f":{"0":13,"1":2,"2":3,"3":4,"4":1,"5":13,"6":12},"b":{"0":[5],"1":[6],"2":[2,0],"3":[3,0],"4":[12]}}
,"/Users/rodrigobrezolin/Documents/pessoal/YGM-backend-firestore/src/modules/auth/domain/DTOs/auth.email.dto.ts": {"path":"/Users/rodrigobrezolin/Documents/pessoal/YGM-backend-firestore/src/modules/auth/domain/DTOs/auth.email.dto.ts","statementMap":{"0":{"start":{"line":1,"column":0},"end":{"line":1,"column":19}},"1":{"start":{"line":2,"column":0},"end":{"line":2,"column":71}},"2":{"start":{"line":8,"column":13},"end":{"line":10,"column":null}},"3":{"start":{"line":10,"column":22},"end":{"line":10,"column":38}}},"fnMap":{"0":{"name":"(anonymous_1)","decl":{"start":{"line":10,"column":14},"end":{"line":10,"column":18}},"loc":{"start":{"line":10,"column":22},"end":{"line":10,"column":38}}}},"branchMap":{},"s":{"0":1,"1":1,"2":1,"3":1},"f":{"0":1},"b":{}}
,"/Users/rodrigobrezolin/Documents/pessoal/YGM-backend-firestore/src/modules/auth/domain/DTOs/auth.login.dto.ts": {"path":"/Users/rodrigobrezolin/Documents/pessoal/YGM-backend-firestore/src/modules/auth/domain/DTOs/auth.login.dto.ts","statementMap":{"0":{"start":{"line":1,"column":0},"end":{"line":1,"column":19}},"1":{"start":{"line":2,"column":0},"end":{"line":2,"column":72}},"2":{"start":{"line":8,"column":13},"end":{"line":11,"column":null}},"3":{"start":{"line":11,"column":22},"end":{"line":11,"column":38}}},"fnMap":{"0":{"name":"(anonymous_1)","decl":{"start":{"line":11,"column":14},"end":{"line":11,"column":18}},"loc":{"start":{"line":11,"column":22},"end":{"line":11,"column":38}}}},"branchMap":{},"s":{"0":1,"1":1,"2":1,"3":1},"f":{"0":1},"b":{}}
,"/Users/rodrigobrezolin/Documents/pessoal/YGM-backend-firestore/src/modules/auth/domain/DTOs/auth.signup.dto.ts": {"path":"/Users/rodrigobrezolin/Documents/pessoal/YGM-backend-firestore/src/modules/auth/domain/DTOs/auth.signup.dto.ts","statementMap":{"0":{"start":{"line":1,"column":0},"end":{"line":1,"column":19}},"1":{"start":{"line":2,"column":0},"end":{"line":2,"column":81}},"2":{"start":{"line":9,"column":13},"end":{"line":12,"column":null}},"3":{"start":{"line":12,"column":22},"end":{"line":12,"column":39}}},"fnMap":{"0":{"name":"(anonymous_1)","decl":{"start":{"line":12,"column":14},"end":{"line":12,"column":18}},"loc":{"start":{"line":12,"column":22},"end":{"line":12,"column":39}}}},"branchMap":{},"s":{"0":1,"1":1,"2":1,"3":1},"f":{"0":1},"b":{}}
,"/Users/rodrigobrezolin/Documents/pessoal/YGM-backend-firestore/src/modules/booking/business/booking.Business.ts": {"path":"/Users/rodrigobrezolin/Documents/pessoal/YGM-backend-firestore/src/modules/booking/business/booking.Business.ts","statementMap":{"0":{"start":{"line":1,"column":0},"end":{"line":1,"column":51}},"1":{"start":{"line":7,"column":0},"end":{"line":7,"column":85}},"2":{"start":{"line":9,"column":0},"end":{"line":9,"column":70}},"3":{"start":{"line":13,"column":22},"end":{"line":13,"column":50}},"4":{"start":{"line":15,"column":4},"end":{"line":15,"column":42}},"5":{"start":{"line":19,"column":24},"end":{"line":19,"column":29}},"6":{"start":{"line":20,"column":4},"end":{"line":20,"column":23}},"7":{"start":{"line":21,"column":4},"end":{"line":21,"column":64}},"8":{"start":{"line":25,"column":32},"end":{"line":25,"column":37}},"9":{"start":{"line":27,"column":4},"end":{"line":35,"column":null}},"10":{"start":{"line":28,"column":6},"end":{"line":28,"column":28}},"11":{"start":{"line":29,"column":6},"end":{"line":29,"column":25}},"12":{"start":{"line":30,"column":11},"end":{"line":35,"column":null}},"13":{"start":{"line":31,"column":6},"end":{"line":31,"column":29}},"14":{"start":{"line":32,"column":6},"end":{"line":32,"column":26}},"15":{"start":{"line":34,"column":6},"end":{"line":34,"column":77}},"16":{"start":{"line":37,"column":4},"end":{"line":37,"column":64}},"17":{"start":{"line":41,"column":39},"end":{"line":41,"column":44}},"18":{"start":{"line":42,"column":15},"end":{"line":42,"column":45}},"19":{"start":{"line":44,"column":26},"end":{"line":44,"column":62}},"20":{"start":{"line":45,"column":4},"end":{"line":47,"column":null}},"21":{"start":{"line":46,"column":6},"end":{"line":46,"column":57}},"22":{"start":{"line":49,"column":23},"end":{"line":49,"column":55}},"23":{"start":{"line":50,"column":37},"end":{"line":54,"column":null}},"24":{"start":{"line":55,"column":40},"end":{"line":59,"column":null}},"25":{"start":{"line":62,"column":6},"end":{"line":62,"column":null}},"26":{"start":{"line":63,"column":6},"end":{"line":63,"column":null}},"27":{"start":{"line":64,"column":6},"end":{"line":64,"column":null}},"28":{"start":{"line":69,"column":33},"end":{"line":69,"column":38}},"29":{"start":{"line":70,"column":15},"end":{"line":70,"column":39}},"30":{"start":{"line":72,"column":26},"end":{"line":72,"column":62}},"31":{"start":{"line":73,"column":4},"end":{"line":75,"column":null}},"32":{"start":{"line":74,"column":6},"end":{"line":74,"column":57}},"33":{"start":{"line":77,"column":23},"end":{"line":77,"column":55}},"34":{"start":{"line":78,"column":37},"end":{"line":82,"column":null}},"35":{"start":{"line":83,"column":4},"end":{"line":83,"column":null}},"36":{"start":{"line":84,"column":4},"end":{"line":84,"column":null}},"37":{"start":{"line":88,"column":38},"end":{"line":88,"column":51}},"38":{"start":{"line":90,"column":4},"end":{"line":92,"column":null}},"39":{"start":{"line":91,"column":6},"end":{"line":91,"column":null}},"40":{"start":{"line":94,"column":4},"end":{"line":110,"column":null}},"41":{"start":{"line":95,"column":6},"end":{"line":95,"column":45}},"42":{"start":{"line":97,"column":42},"end":{"line":101,"column":null}},"43":{"start":{"line":102,"column":39},"end":{"line":106,"column":null}},"44":{"start":{"line":107,"column":6},"end":{"line":107,"column":null}},"45":{"start":{"line":108,"column":6},"end":{"line":108,"column":null}},"46":{"start":{"line":109,"column":6},"end":{"line":109,"column":45}},"47":{"start":{"line":12,"column":0},"end":{"line":12,"column":13}}},"fnMap":{"0":{"name":"(anonymous_7)","decl":{"start":{"line":13,"column":2},"end":{"line":13,"column":22}},"loc":{"start":{"line":13,"column":50},"end":{"line":13,"column":54}}},"1":{"name":"(anonymous_8)","decl":{"start":{"line":14,"column":15},"end":{"line":14,"column":26}},"loc":{"start":{"line":14,"column":40},"end":{"line":16,"column":null}}},"2":{"name":"(anonymous_10)","decl":{"start":{"line":18,"column":15},"end":{"line":18,"column":30}},"loc":{"start":{"line":18,"column":57},"end":{"line":22,"column":null}}},"3":{"name":"(anonymous_12)","decl":{"start":{"line":24,"column":15},"end":{"line":24,"column":27}},"loc":{"start":{"line":24,"column":49},"end":{"line":38,"column":null}}},"4":{"name":"(anonymous_14)","decl":{"start":{"line":40,"column":15},"end":{"line":40,"column":28}},"loc":{"start":{"line":40,"column":52},"end":{"line":66,"column":null}}},"5":{"name":"(anonymous_16)","decl":{"start":{"line":68,"column":15},"end":{"line":68,"column":34}},"loc":{"start":{"line":68,"column":57},"end":{"line":85,"column":null}}},"6":{"name":"(anonymous_18)","decl":{"start":{"line":87,"column":15},"end":{"line":87,"column":28}},"loc":{"start":{"line":87,"column":52},"end":{"line":111,"column":null}}}},"branchMap":{"0":{"loc":{"start":{"line":20,"column":12},"end":{"line":20,"column":22}},"type":"cond-expr","locations":[{"start":{"line":20,"column":12},"end":{"line":20,"column":17}},{"start":{"line":20,"column":21},"end":{"line":20,"column":22}}]},"1":{"loc":{"start":{"line":20,"column":12},"end":{"line":20,"column":21}},"type":"binary-expr","locations":[{"start":{"line":20,"column":12},"end":{"line":20,"column":21}},{"start":{"line":20,"column":12},"end":{"line":20,"column":21}}]},"2":{"loc":{"start":{"line":27,"column":4},"end":{"line":35,"column":null}},"type":"if","locations":[{"start":{"line":27,"column":4},"end":{"line":35,"column":null}},{"start":{"line":30,"column":11},"end":{"line":35,"column":null}}]},"3":{"loc":{"start":{"line":29,"column":14},"end":{"line":29,"column":24}},"type":"cond-expr","locations":[{"start":{"line":29,"column":14},"end":{"line":29,"column":19}},{"start":{"line":29,"column":23},"end":{"line":29,"column":24}}]},"4":{"loc":{"start":{"line":29,"column":14},"end":{"line":29,"column":23}},"type":"binary-expr","locations":[{"start":{"line":29,"column":14},"end":{"line":29,"column":23}},{"start":{"line":29,"column":14},"end":{"line":29,"column":23}}]},"5":{"loc":{"start":{"line":30,"column":11},"end":{"line":35,"column":null}},"type":"if","locations":[{"start":{"line":30,"column":11},"end":{"line":35,"column":null}},{"start":{"line":33,"column":11},"end":{"line":35,"column":null}}]},"6":{"loc":{"start":{"line":32,"column":14},"end":{"line":32,"column":25}},"type":"cond-expr","locations":[{"start":{"line":32,"column":14},"end":{"line":32,"column":19}},{"start":{"line":32,"column":23},"end":{"line":32,"column":25}}]},"7":{"loc":{"start":{"line":32,"column":14},"end":{"line":32,"column":23}},"type":"binary-expr","locations":[{"start":{"line":32,"column":14},"end":{"line":32,"column":23}},{"start":{"line":32,"column":14},"end":{"line":32,"column":23}}]},"8":{"loc":{"start":{"line":45,"column":4},"end":{"line":47,"column":null}},"type":"if","locations":[{"start":{"line":45,"column":4},"end":{"line":47,"column":null}}]},"9":{"loc":{"start":{"line":73,"column":4},"end":{"line":75,"column":null}},"type":"if","locations":[{"start":{"line":73,"column":4},"end":{"line":75,"column":null}}]},"10":{"loc":{"start":{"line":90,"column":4},"end":{"line":92,"column":null}},"type":"if","locations":[{"start":{"line":90,"column":4},"end":{"line":92,"column":null}}]},"11":{"loc":{"start":{"line":90,"column":7},"end":{"line":90,"column":34}},"type":"binary-expr","locations":[{"start":{"line":90,"column":7},"end":{"line":90,"column":18}},{"start":{"line":90,"column":22},"end":{"line":90,"column":34}}]},"12":{"loc":{"start":{"line":94,"column":4},"end":{"line":110,"column":null}},"type":"if","locations":[{"start":{"line":94,"column":4},"end":{"line":110,"column":null}},{"start":{"line":96,"column":11},"end":{"line":110,"column":null}}]}},"s":{"0":1,"1":1,"2":1,"3":1,"4":2,"5":2,"6":2,"7":2,"8":4,"9":4,"10":1,"11":1,"12":3,"13":2,"14":2,"15":1,"16":3,"17":2,"18":2,"19":2,"20":2,"21":1,"22":1,"23":1,"24":1,"25":1,"26":1,"27":1,"28":2,"29":2,"30":2,"31":2,"32":1,"33":1,"34":1,"35":1,"36":1,"37":3,"38":3,"39":1,"40":2,"41":1,"42":1,"43":1,"44":1,"45":1,"46":1,"47":1},"f":{"0":1,"1":2,"2":2,"3":4,"4":2,"5":2,"6":3},"b":{"0":[1,1],"1":[2,2],"2":[1,3],"3":[0,1],"4":[1,1],"5":[2,1],"6":[1,1],"7":[2,2],"8":[1],"9":[1],"10":[1],"11":[3,3],"12":[1,1]}}
,"/Users/rodrigobrezolin/Documents/pessoal/YGM-backend-firestore/src/modules/booking/controller/booking.Controller.ts": {"path":"/Users/rodrigobrezolin/Documents/pessoal/YGM-backend-firestore/src/modules/booking/controller/booking.Controller.ts","statementMap":{"0":{"start":{"line":2,"column":0},"end":{"line":2,"column":64}},"1":{"start":{"line":4,"column":0},"end":{"line":4,"column":72}},"2":{"start":{"line":5,"column":0},"end":{"line":5,"column":77}},"3":{"start":{"line":6,"column":0},"end":{"line":6,"column":65}},"4":{"start":{"line":7,"column":0},"end":{"line":7,"column":84}},"5":{"start":{"line":8,"column":0},"end":{"line":8,"column":74}},"6":{"start":{"line":11,"column":22},"end":{"line":11,"column":54}},"7":{"start":{"line":14,"column":18},"end":{"line":17,"column":6}},"8":{"start":{"line":18,"column":19},"end":{"line":18,"column":68}},"9":{"start":{"line":19,"column":4},"end":{"line":19,"column":35}},"10":{"start":{"line":23,"column":18},"end":{"line":23,"column":53}},"11":{"start":{"line":24,"column":19},"end":{"line":24,"column":64}},"12":{"start":{"line":25,"column":4},"end":{"line":25,"column":35}},"13":{"start":{"line":29,"column":18},"end":{"line":33,"column":6}},"14":{"start":{"line":34,"column":19},"end":{"line":34,"column":65}},"15":{"start":{"line":35,"column":4},"end":{"line":35,"column":35}},"16":{"start":{"line":39,"column":18},"end":{"line":45,"column":6}},"17":{"start":{"line":46,"column":4},"end":{"line":46,"column":52}},"18":{"start":{"line":47,"column":4},"end":{"line":47,"column":66}},"19":{"start":{"line":51,"column":18},"end":{"line":56,"column":6}},"20":{"start":{"line":57,"column":4},"end":{"line":57,"column":58}},"21":{"start":{"line":58,"column":4},"end":{"line":58,"column":66}},"22":{"start":{"line":62,"column":18},"end":{"line":65,"column":6}},"23":{"start":{"line":66,"column":4},"end":{"line":66,"column":52}},"24":{"start":{"line":67,"column":4},"end":{"line":67,"column":59}},"25":{"start":{"line":10,"column":0},"end":{"line":10,"column":13}}},"fnMap":{"0":{"name":"(anonymous_7)","decl":{"start":{"line":11,"column":2},"end":{"line":11,"column":22}},"loc":{"start":{"line":11,"column":54},"end":{"line":11,"column":58}}},"1":{"name":"(anonymous_8)","decl":{"start":{"line":13,"column":15},"end":{"line":13,"column":30}},"loc":{"start":{"line":13,"column":58},"end":{"line":20,"column":null}}},"2":{"name":"(anonymous_10)","decl":{"start":{"line":22,"column":15},"end":{"line":22,"column":26}},"loc":{"start":{"line":22,"column":54},"end":{"line":26,"column":null}}},"3":{"name":"(anonymous_12)","decl":{"start":{"line":28,"column":15},"end":{"line":28,"column":27}},"loc":{"start":{"line":28,"column":55},"end":{"line":36,"column":null}}},"4":{"name":"(anonymous_14)","decl":{"start":{"line":38,"column":15},"end":{"line":38,"column":28}},"loc":{"start":{"line":38,"column":56},"end":{"line":48,"column":null}}},"5":{"name":"(anonymous_16)","decl":{"start":{"line":50,"column":15},"end":{"line":50,"column":34}},"loc":{"start":{"line":50,"column":62},"end":{"line":59,"column":null}}},"6":{"name":"(anonymous_18)","decl":{"start":{"line":61,"column":15},"end":{"line":61,"column":28}},"loc":{"start":{"line":61,"column":56},"end":{"line":68,"column":null}}}},"branchMap":{},"s":{"0":1,"1":1,"2":1,"3":1,"4":1,"5":1,"6":1,"7":2,"8":2,"9":2,"10":1,"11":1,"12":1,"13":2,"14":2,"15":2,"16":1,"17":1,"18":1,"19":1,"20":1,"21":1,"22":1,"23":1,"24":1,"25":1},"f":{"0":1,"1":2,"2":1,"3":2,"4":1,"5":1,"6":1},"b":{}}
,"/Users/rodrigobrezolin/Documents/pessoal/YGM-backend-firestore/src/modules/booking/database/booking.Database.ts": {"path":"/Users/rodrigobrezolin/Documents/pessoal/YGM-backend-firestore/src/modules/booking/database/booking.Database.ts","statementMap":{"0":{"start":{"line":1,"column":0},"end":{"line":1,"column":69}},"1":{"start":{"line":3,"column":0},"end":{"line":3,"column":51}},"2":{"start":{"line":5,"column":0},"end":{"line":5,"column":70}},"3":{"start":{"line":8,"column":2},"end":{"line":8,"column":30}},"4":{"start":{"line":11,"column":20},"end":{"line":11,"column":44}},"5":{"start":{"line":12,"column":4},"end":{"line":12,"column":53}},"6":{"start":{"line":20,"column":17},"end":{"line":23,"column":12}},"7":{"start":{"line":24,"column":4},"end":{"line":24,"column":59}},"8":{"start":{"line":24,"column":32},"end":{"line":24,"column":57}},"9":{"start":{"line":28,"column":4},"end":{"line":28,"column":57}},"10":{"start":{"line":32,"column":4},"end":{"line":32,"column":27}},"11":{"start":{"line":36,"column":4},"end":{"line":43,"column":6}},"12":{"start":{"line":48,"column":39},"end":{"line":48,"column":44}},"13":{"start":{"line":49,"column":17},"end":{"line":52,"column":12}},"14":{"start":{"line":53,"column":4},"end":{"line":55,"column":null}},"15":{"start":{"line":54,"column":6},"end":{"line":54,"column":79}},"16":{"start":{"line":56,"column":17},"end":{"line":56,"column":29}},"17":{"start":{"line":57,"column":4},"end":{"line":59,"column":null}},"18":{"start":{"line":58,"column":6},"end":{"line":58,"column":66}},"19":{"start":{"line":60,"column":20},"end":{"line":60,"column":48}},"20":{"start":{"line":61,"column":4},"end":{"line":64,"column":37}},"21":{"start":{"line":7,"column":0},"end":{"line":7,"column":13}}},"fnMap":{"0":{"name":"(anonymous_7)","decl":{"start":{"line":7,"column":0},"end":{"line":7,"column":13}},"loc":{"start":{"line":7,"column":0},"end":{"line":66,"column":1}}},"1":{"name":"(anonymous_8)","decl":{"start":{"line":10,"column":15},"end":{"line":10,"column":26}},"loc":{"start":{"line":10,"column":37},"end":{"line":13,"column":null}}},"2":{"name":"(anonymous_11)","decl":{"start":{"line":15,"column":15},"end":{"line":15,"column":27}},"loc":{"start":{"line":18,"column":17},"end":{"line":25,"column":null}}},"3":{"name":"(anonymous_13)","decl":{"start":{"line":24,"column":25},"end":{"line":24,"column":26}},"loc":{"start":{"line":24,"column":32},"end":{"line":24,"column":57}}},"4":{"name":"(anonymous_14)","decl":{"start":{"line":27,"column":15},"end":{"line":27,"column":28}},"loc":{"start":{"line":27,"column":45},"end":{"line":29,"column":null}}},"5":{"name":"(anonymous_17)","decl":{"start":{"line":31,"column":15},"end":{"line":31,"column":28}},"loc":{"start":{"line":31,"column":39},"end":{"line":33,"column":null}}},"6":{"name":"(anonymous_20)","decl":{"start":{"line":35,"column":10},"end":{"line":35,"column":28}},"loc":{"start":{"line":35,"column":45},"end":{"line":44,"column":3}}},"7":{"name":"(anonymous_21)","decl":{"start":{"line":46,"column":15},"end":{"line":46,"column":27}},"loc":{"start":{"line":46,"column":59},"end":{"line":65,"column":null}}}},"branchMap":{"0":{"loc":{"start":{"line":12,"column":11},"end":{"line":12,"column":52}},"type":"cond-expr","locations":[{"start":{"line":12,"column":21},"end":{"line":12,"column":45}},{"start":{"line":12,"column":48},"end":{"line":12,"column":52}}]},"1":{"loc":{"start":{"line":53,"column":4},"end":{"line":55,"column":null}},"type":"if","locations":[{"start":{"line":53,"column":4},"end":{"line":55,"column":null}}]},"2":{"loc":{"start":{"line":57,"column":4},"end":{"line":59,"column":null}},"type":"if","locations":[{"start":{"line":57,"column":4},"end":{"line":59,"column":null}}]},"3":{"loc":{"start":{"line":57,"column":9},"end":{"line":57,"column":39}},"type":"binary-expr","locations":[{"start":{"line":57,"column":9},"end":{"line":57,"column":21}},{"start":{"line":57,"column":25},"end":{"line":57,"column":39}}]}},"s":{"0":1,"1":1,"2":1,"3":1,"4":2,"5":2,"6":3,"7":3,"8":2,"9":1,"10":1,"11":1,"12":6,"13":6,"14":6,"15":1,"16":5,"17":5,"18":1,"19":4,"20":4,"21":1},"f":{"0":1,"1":2,"2":3,"3":2,"4":1,"5":1,"6":1,"7":6},"b":{"0":[1,1],"1":[1],"2":[1],"3":[5,3]}}
,"/Users/rodrigobrezolin/Documents/pessoal/YGM-backend-firestore/src/modules/booking/domain/booking.Entity.ts": {"path":"/Users/rodrigobrezolin/Documents/pessoal/YGM-backend-firestore/src/modules/booking/domain/booking.Entity.ts","statementMap":{"0":{"start":{"line":1,"column":0},"end":{"line":1,"column":80}},"1":{"start":{"line":2,"column":0},"end":{"line":2,"column":74}},"2":{"start":{"line":3,"column":0},"end":{"line":3,"column":74}},"3":{"start":{"line":7,"column":12},"end":{"line":7,"column":22}},"4":{"start":{"line":8,"column":12},"end":{"line":8,"column":24}},"5":{"start":{"line":9,"column":12},"end":{"line":9,"column":24}},"6":{"start":{"line":10,"column":12},"end":{"line":10,"column":24}},"7":{"start":{"line":11,"column":12},"end":{"line":11,"column":31}},"8":{"start":{"line":12,"column":12},"end":{"line":12,"column":30}},"9":{"start":{"line":14,"column":4},"end":{"line":14,"column":28}},"10":{"start":{"line":15,"column":4},"end":{"line":15,"column":34}},"11":{"start":{"line":16,"column":4},"end":{"line":16,"column":28}},"12":{"start":{"line":20,"column":4},"end":{"line":20,"column":19}},"13":{"start":{"line":24,"column":4},"end":{"line":24,"column":21}},"14":{"start":{"line":28,"column":4},"end":{"line":28,"column":21}},"15":{"start":{"line":32,"column":4},"end":{"line":32,"column":21}},"16":{"start":{"line":36,"column":4},"end":{"line":36,"column":28}},"17":{"start":{"line":40,"column":4},"end":{"line":40,"column":27}},"18":{"start":{"line":44,"column":4},"end":{"line":51,"column":6}},"19":{"start":{"line":5,"column":0},"end":{"line":5,"column":13}}},"fnMap":{"0":{"name":"(anonymous_0)","decl":{"start":{"line":6,"column":2},"end":{"line":6,"column":null}},"loc":{"start":{"line":12,"column":30},"end":{"line":17,"column":3}}},"1":{"name":"(anonymous_1)","decl":{"start":{"line":19,"column":9},"end":{"line":19,"column":14}},"loc":{"start":{"line":19,"column":14},"end":{"line":21,"column":3}}},"2":{"name":"(anonymous_2)","decl":{"start":{"line":23,"column":9},"end":{"line":23,"column":16}},"loc":{"start":{"line":23,"column":16},"end":{"line":25,"column":3}}},"3":{"name":"(anonymous_3)","decl":{"start":{"line":27,"column":9},"end":{"line":27,"column":16}},"loc":{"start":{"line":27,"column":16},"end":{"line":29,"column":3}}},"4":{"name":"(anonymous_4)","decl":{"start":{"line":31,"column":9},"end":{"line":31,"column":16}},"loc":{"start":{"line":31,"column":16},"end":{"line":33,"column":3}}},"5":{"name":"(anonymous_5)","decl":{"start":{"line":35,"column":9},"end":{"line":35,"column":19}},"loc":{"start":{"line":35,"column":19},"end":{"line":37,"column":3}}},"6":{"name":"(anonymous_6)","decl":{"start":{"line":39,"column":9},"end":{"line":39,"column":22}},"loc":{"start":{"line":39,"column":22},"end":{"line":41,"column":3}}},"7":{"name":"(anonymous_7)","decl":{"start":{"line":43,"column":9},"end":{"line":43,"column":15}},"loc":{"start":{"line":43,"column":32},"end":{"line":52,"column":3}}}},"branchMap":{},"s":{"0":4,"1":4,"2":4,"3":10,"4":10,"5":10,"6":10,"7":10,"8":10,"9":10,"10":10,"11":10,"12":3,"13":2,"14":2,"15":2,"16":2,"17":2,"18":10,"19":4},"f":{"0":10,"1":3,"2":2,"3":2,"4":2,"5":2,"6":2,"7":10},"b":{}}
,"/Users/rodrigobrezolin/Documents/pessoal/YGM-backend-firestore/src/modules/booking/domain/DTOs/booking.changeEntity.dto.ts": {"path":"/Users/rodrigobrezolin/Documents/pessoal/YGM-backend-firestore/src/modules/booking/domain/DTOs/booking.changeEntity.dto.ts","statementMap":{"0":{"start":{"line":7,"column":0},"end":{"line":7,"column":null}},"1":{"start":{"line":8,"column":1},"end":{"line":8,"column":null}},"2":{"start":{"line":9,"column":1},"end":{"line":9,"column":null}}},"fnMap":{"0":{"name":"(anonymous_0)","decl":{"start":{"line":7,"column":0},"end":{"line":7,"column":12}},"loc":{"start":{"line":7,"column":24},"end":{"line":10,"column":1}}}},"branchMap":{"0":{"loc":{"start":{"line":7,"column":12},"end":{"line":7,"column":null}},"type":"binary-expr","locations":[{"start":{"line":7,"column":12},"end":{"line":7,"column":24}},{"start":{"line":7,"column":12},"end":{"line":7,"column":null}}]}},"s":{"0":1,"1":1,"2":1},"f":{"0":1},"b":{"0":[1,1]}}
,"/Users/rodrigobrezolin/Documents/pessoal/YGM-backend-firestore/src/modules/booking/domain/DTOs/booking.create.dto.ts": {"path":"/Users/rodrigobrezolin/Documents/pessoal/YGM-backend-firestore/src/modules/booking/domain/DTOs/booking.create.dto.ts","statementMap":{"0":{"start":{"line":1,"column":0},"end":{"line":1,"column":19}},"1":{"start":{"line":2,"column":0},"end":{"line":2,"column":72}},"2":{"start":{"line":12,"column":13},"end":{"line":18,"column":null}},"3":{"start":{"line":18,"column":22},"end":{"line":18,"column":46}}},"fnMap":{"0":{"name":"(anonymous_1)","decl":{"start":{"line":18,"column":14},"end":{"line":18,"column":18}},"loc":{"start":{"line":18,"column":22},"end":{"line":18,"column":46}}}},"branchMap":{},"s":{"0":1,"1":1,"2":1,"3":1},"f":{"0":1},"b":{}}
,"/Users/rodrigobrezolin/Documents/pessoal/YGM-backend-firestore/src/modules/booking/domain/DTOs/booking.createSingle.dto.ts": {"path":"/Users/rodrigobrezolin/Documents/pessoal/YGM-backend-firestore/src/modules/booking/domain/DTOs/booking.createSingle.dto.ts","statementMap":{"0":{"start":{"line":1,"column":0},"end":{"line":1,"column":19}},"1":{"start":{"line":2,"column":0},"end":{"line":2,"column":72}},"2":{"start":{"line":11,"column":13},"end":{"line":16,"column":null}},"3":{"start":{"line":16,"column":22},"end":{"line":16,"column":45}}},"fnMap":{"0":{"name":"(anonymous_1)","decl":{"start":{"line":16,"column":14},"end":{"line":16,"column":18}},"loc":{"start":{"line":16,"column":22},"end":{"line":16,"column":45}}}},"branchMap":{},"s":{"0":1,"1":1,"2":1,"3":1},"f":{"0":1},"b":{}}
,"/Users/rodrigobrezolin/Documents/pessoal/YGM-backend-firestore/src/modules/booking/domain/DTOs/booking.delete.dto.ts": {"path":"/Users/rodrigobrezolin/Documents/pessoal/YGM-backend-firestore/src/modules/booking/domain/DTOs/booking.delete.dto.ts","statementMap":{"0":{"start":{"line":1,"column":0},"end":{"line":1,"column":19}},"1":{"start":{"line":2,"column":0},"end":{"line":2,"column":91}},"2":{"start":{"line":9,"column":13},"end":{"line":13,"column":null}},"3":{"start":{"line":13,"column":22},"end":{"line":13,"column":39}}},"fnMap":{"0":{"name":"(anonymous_1)","decl":{"start":{"line":13,"column":14},"end":{"line":13,"column":18}},"loc":{"start":{"line":13,"column":22},"end":{"line":13,"column":39}}}},"branchMap":{},"s":{"0":1,"1":1,"2":1,"3":1},"f":{"0":1},"b":{}}
,"/Users/rodrigobrezolin/Documents/pessoal/YGM-backend-firestore/src/modules/booking/domain/DTOs/booking.findUserCheckin.dto.ts": {"path":"/Users/rodrigobrezolin/Documents/pessoal/YGM-backend-firestore/src/modules/booking/domain/DTOs/booking.findUserCheckin.dto.ts","statementMap":{"0":{"start":{"line":1,"column":0},"end":{"line":1,"column":19}},"1":{"start":{"line":2,"column":0},"end":{"line":2,"column":82}},"2":{"start":{"line":9,"column":13},"end":{"line":12,"column":null}},"3":{"start":{"line":12,"column":22},"end":{"line":12,"column":49}}},"fnMap":{"0":{"name":"(anonymous_1)","decl":{"start":{"line":12,"column":14},"end":{"line":12,"column":18}},"loc":{"start":{"line":12,"column":22},"end":{"line":12,"column":49}}}},"branchMap":{},"s":{"0":1,"1":1,"2":1,"3":2},"f":{"0":2},"b":{}}
,"/Users/rodrigobrezolin/Documents/pessoal/YGM-backend-firestore/src/modules/booking/domain/DTOs/booking.getByEntity.dto.ts": {"path":"/Users/rodrigobrezolin/Documents/pessoal/YGM-backend-firestore/src/modules/booking/domain/DTOs/booking.getByEntity.dto.ts","statementMap":{"0":{"start":{"line":1,"column":0},"end":{"line":1,"column":19}},"1":{"start":{"line":2,"column":0},"end":{"line":2,"column":82}},"2":{"start":{"line":10,"column":13},"end":{"line":15,"column":null}},"3":{"start":{"line":15,"column":22},"end":{"line":15,"column":44}}},"fnMap":{"0":{"name":"(anonymous_1)","decl":{"start":{"line":15,"column":14},"end":{"line":15,"column":18}},"loc":{"start":{"line":15,"column":22},"end":{"line":15,"column":44}}}},"branchMap":{},"s":{"0":1,"1":1,"2":1,"3":2},"f":{"0":2},"b":{}}
,"/Users/rodrigobrezolin/Documents/pessoal/YGM-backend-firestore/src/modules/calendar/business/calendar.Business.ts": {"path":"/Users/rodrigobrezolin/Documents/pessoal/YGM-backend-firestore/src/modules/calendar/business/calendar.Business.ts","statementMap":{"0":{"start":{"line":1,"column":0},"end":{"line":1,"column":54}},"1":{"start":{"line":4,"column":0},"end":{"line":4,"column":53}},"2":{"start":{"line":6,"column":0},"end":{"line":6,"column":75}},"3":{"start":{"line":10,"column":0},"end":{"line":10,"column":57}},"4":{"start":{"line":11,"column":0},"end":{"line":11,"column":70}},"5":{"start":{"line":15,"column":12},"end":{"line":15,"column":42}},"6":{"start":{"line":16,"column":12},"end":{"line":16,"column":33}},"7":{"start":{"line":21,"column":4},"end":{"line":23,"column":null}},"8":{"start":{"line":22,"column":6},"end":{"line":22,"column":61}},"9":{"start":{"line":25,"column":22},"end":{"line":25,"column":72}},"10":{"start":{"line":25,"column":43},"end":{"line":25,"column":56}},"11":{"start":{"line":26,"column":4},"end":{"line":26,"column":64}},"12":{"start":{"line":30,"column":4},"end":{"line":30,"column":47}},"13":{"start":{"line":34,"column":65},"end":{"line":34,"column":70}},"14":{"start":{"line":35,"column":20},"end":{"line":35,"column":45}},"15":{"start":{"line":37,"column":23},"end":{"line":37,"column":39}},"16":{"start":{"line":38,"column":4},"end":{"line":38,"column":30}},"17":{"start":{"line":39,"column":4},"end":{"line":39,"column":30}},"18":{"start":{"line":41,"column":28},"end":{"line":41,"column":30}},"19":{"start":{"line":43,"column":4},"end":{"line":58,"column":null}},"20":{"start":{"line":43,"column":29},"end":{"line":43,"column":30}},"21":{"start":{"line":44,"column":17},"end":{"line":44,"column":44}},"22":{"start":{"line":45,"column":24},"end":{"line":55,"column":8}},"23":{"start":{"line":56,"column":6},"end":{"line":56,"column":34}},"24":{"start":{"line":57,"column":6},"end":{"line":57,"column":46}},"25":{"start":{"line":60,"column":21},"end":{"line":61,"column":null}},"26":{"start":{"line":61,"column":18},"end":{"line":61,"column":null}},"27":{"start":{"line":61,"column":19},"end":{"line":61,"column":null}},"28":{"start":{"line":64,"column":4},"end":{"line":64,"column":32}},"29":{"start":{"line":68,"column":31},"end":{"line":68,"column":36}},"30":{"start":{"line":70,"column":4},"end":{"line":72,"column":46}},"31":{"start":{"line":13,"column":0},"end":{"line":13,"column":13}}},"fnMap":{"0":{"name":"(anonymous_7)","decl":{"start":{"line":14,"column":2},"end":{"line":14,"column":null}},"loc":{"start":{"line":16,"column":33},"end":{"line":17,"column":6}}},"1":{"name":"(anonymous_8)","decl":{"start":{"line":19,"column":15},"end":{"line":19,"column":34}},"loc":{"start":{"line":19,"column":62},"end":{"line":27,"column":null}}},"2":{"name":"(anonymous_10)","decl":{"start":{"line":25,"column":40},"end":{"line":25,"column":41}},"loc":{"start":{"line":25,"column":43},"end":{"line":25,"column":56}}},"3":{"name":"(anonymous_11)","decl":{"start":{"line":29,"column":15},"end":{"line":29,"column":24}},"loc":{"start":{"line":29,"column":38},"end":{"line":31,"column":null}}},"4":{"name":"(anonymous_13)","decl":{"start":{"line":33,"column":15},"end":{"line":33,"column":26}},"loc":{"start":{"line":33,"column":48},"end":{"line":65,"column":null}}},"5":{"name":"(anonymous_15)","decl":{"start":{"line":61,"column":6},"end":{"line":61,"column":13}},"loc":{"start":{"line":61,"column":18},"end":{"line":61,"column":null}}},"6":{"name":"(anonymous_16)","decl":{"start":{"line":61,"column":18},"end":{"line":61,"column":19}},"loc":{"start":{"line":61,"column":18},"end":{"line":61,"column":null}}},"7":{"name":"(anonymous_17)","decl":{"start":{"line":67,"column":15},"end":{"line":67,"column":28}},"loc":{"start":{"line":67,"column":50},"end":{"line":73,"column":null}}}},"branchMap":{"0":{"loc":{"start":{"line":21,"column":4},"end":{"line":23,"column":null}},"type":"if","locations":[{"start":{"line":21,"column":4},"end":{"line":23,"column":null}}]},"1":{"loc":{"start":{"line":21,"column":8},"end":{"line":21,"column":35}},"type":"binary-expr","locations":[{"start":{"line":21,"column":8},"end":{"line":21,"column":13}},{"start":{"line":21,"column":17},"end":{"line":21,"column":35}}]},"2":{"loc":{"start":{"line":25,"column":22},"end":{"line":25,"column":72}},"type":"cond-expr","locations":[{"start":{"line":25,"column":30},"end":{"line":25,"column":57}},{"start":{"line":25,"column":60},"end":{"line":25,"column":72}}]},"3":{"loc":{"start":{"line":38,"column":15},"end":{"line":38,"column":29}},"type":"cond-expr","locations":[{"start":{"line":38,"column":15},"end":{"line":38,"column":23}},{"start":{"line":38,"column":27},"end":{"line":38,"column":29}}]},"4":{"loc":{"start":{"line":38,"column":15},"end":{"line":38,"column":27}},"type":"binary-expr","locations":[{"start":{"line":38,"column":15},"end":{"line":38,"column":27}},{"start":{"line":38,"column":15},"end":{"line":38,"column":27}}]},"5":{"loc":{"start":{"line":39,"column":15},"end":{"line":39,"column":29}},"type":"cond-expr","locations":[{"start":{"line":39,"column":15},"end":{"line":39,"column":23}},{"start":{"line":39,"column":27},"end":{"line":39,"column":29}}]},"6":{"loc":{"start":{"line":39,"column":15},"end":{"line":39,"column":27}},"type":"binary-expr","locations":[{"start":{"line":39,"column":15},"end":{"line":39,"column":27}},{"start":{"line":39,"column":15},"end":{"line":39,"column":27}}]},"7":{"loc":{"start":{"line":70,"column":4},"end":{"line":72,"column":45}},"type":"cond-expr","locations":[{"start":{"line":71,"column":8},"end":{"line":71,"column":50}},{"start":{"line":72,"column":8},"end":{"line":72,"column":45}}]}},"s":{"0":1,"1":1,"2":1,"3":1,"4":1,"5":1,"6":1,"7":4,"8":1,"9":3,"10":3,"11":2,"12":1,"13":4,"14":4,"15":4,"16":4,"17":4,"18":4,"19":4,"20":4,"21":62,"22":62,"23":62,"24":62,"25":4,"26":62,"27":62,"28":4,"29":2,"30":2,"31":1},"f":{"0":1,"1":4,"2":3,"3":1,"4":4,"5":62,"6":62,"7":2},"b":{"0":[1],"1":[4,3],"2":[2,1],"3":[3,1],"4":[4,4],"5":[2,2],"6":[4,4],"7":[1,1]}}
,"/Users/rodrigobrezolin/Documents/pessoal/YGM-backend-firestore/src/modules/calendar/business/calendar.utils.addOneWeek.ts": {"path":"/Users/rodrigobrezolin/Documents/pessoal/YGM-backend-firestore/src/modules/calendar/business/calendar.utils.addOneWeek.ts","statementMap":{"0":{"start":{"line":1,"column":26},"end":{"line":9,"column":1}},"1":{"start":{"line":2,"column":29},"end":{"line":2,"column":50}},"2":{"start":{"line":3,"column":15},"end":{"line":3,"column":59}},"3":{"start":{"line":4,"column":2},"end":{"line":4,"column":35}},"4":{"start":{"line":5,"column":17},"end":{"line":5,"column":56}},"5":{"start":{"line":6,"column":19},"end":{"line":6,"column":63}},"6":{"start":{"line":7,"column":18},"end":{"line":7,"column":36}},"7":{"start":{"line":8,"column":2},"end":{"line":8,"column":44}},"8":{"start":{"line":1,"column":13},"end":{"line":1,"column":26}}},"fnMap":{"0":{"name":"(anonymous_0)","decl":{"start":{"line":1,"column":26},"end":{"line":1,"column":27}},"loc":{"start":{"line":1,"column":56},"end":{"line":9,"column":1}}}},"branchMap":{},"s":{"0":1,"1":62,"2":62,"3":62,"4":62,"5":62,"6":62,"7":62,"8":1},"f":{"0":62},"b":{}}
,"/Users/rodrigobrezolin/Documents/pessoal/YGM-backend-firestore/src/modules/calendar/business/calendar.utils.getToday.ts": {"path":"/Users/rodrigobrezolin/Documents/pessoal/YGM-backend-firestore/src/modules/calendar/business/calendar.utils.getToday.ts","statementMap":{"0":{"start":{"line":1,"column":24},"end":{"line":7,"column":1}},"1":{"start":{"line":2,"column":16},"end":{"line":2,"column":26}},"2":{"start":{"line":3,"column":14},"end":{"line":3,"column":57}},"3":{"start":{"line":4,"column":16},"end":{"line":4,"column":66}},"4":{"start":{"line":5,"column":15},"end":{"line":5,"column":34}},"5":{"start":{"line":6,"column":2},"end":{"line":6,"column":35}},"6":{"start":{"line":1,"column":13},"end":{"line":1,"column":24}}},"fnMap":{"0":{"name":"(anonymous_0)","decl":{"start":{"line":1,"column":24},"end":{"line":1,"column":34}},"loc":{"start":{"line":1,"column":36},"end":{"line":7,"column":1}}}},"branchMap":{},"s":{"0":1,"1":2,"2":2,"3":2,"4":2,"5":2,"6":1},"f":{"0":2},"b":{}}
,"/Users/rodrigobrezolin/Documents/pessoal/YGM-backend-firestore/src/modules/calendar/controller/calendar.Controller.ts": {"path":"/Users/rodrigobrezolin/Documents/pessoal/YGM-backend-firestore/src/modules/calendar/controller/calendar.Controller.ts","statementMap":{"0":{"start":{"line":2,"column":0},"end":{"line":2,"column":64}},"1":{"start":{"line":4,"column":0},"end":{"line":4,"column":76}},"2":{"start":{"line":5,"column":0},"end":{"line":5,"column":78}},"3":{"start":{"line":6,"column":0},"end":{"line":6,"column":78}},"4":{"start":{"line":9,"column":22},"end":{"line":9,"column":56}},"5":{"start":{"line":12,"column":18},"end":{"line":12,"column":70}},"6":{"start":{"line":13,"column":19},"end":{"line":13,"column":73}},"7":{"start":{"line":14,"column":4},"end":{"line":14,"column":37}},"8":{"start":{"line":18,"column":18},"end":{"line":18,"column":55}},"9":{"start":{"line":19,"column":19},"end":{"line":19,"column":63}},"10":{"start":{"line":20,"column":4},"end":{"line":20,"column":37}},"11":{"start":{"line":24,"column":20},"end":{"line":32,"column":8}},"12":{"start":{"line":34,"column":6},"end":{"line":34,"column":53}},"13":{"start":{"line":35,"column":6},"end":{"line":35,"column":55}},"14":{"start":{"line":39,"column":18},"end":{"line":42,"column":6}},"15":{"start":{"line":43,"column":4},"end":{"line":43,"column":53}},"16":{"start":{"line":44,"column":4},"end":{"line":44,"column":61}},"17":{"start":{"line":8,"column":0},"end":{"line":8,"column":13}}},"fnMap":{"0":{"name":"(anonymous_7)","decl":{"start":{"line":9,"column":2},"end":{"line":9,"column":22}},"loc":{"start":{"line":9,"column":56},"end":{"line":9,"column":60}}},"1":{"name":"(anonymous_8)","decl":{"start":{"line":11,"column":15},"end":{"line":11,"column":34}},"loc":{"start":{"line":11,"column":62},"end":{"line":15,"column":null}}},"2":{"name":"(anonymous_10)","decl":{"start":{"line":17,"column":15},"end":{"line":17,"column":24}},"loc":{"start":{"line":17,"column":52},"end":{"line":21,"column":null}}},"3":{"name":"(anonymous_12)","decl":{"start":{"line":23,"column":15},"end":{"line":23,"column":26}},"loc":{"start":{"line":23,"column":54},"end":{"line":36,"column":null}}},"4":{"name":"(anonymous_14)","decl":{"start":{"line":38,"column":15},"end":{"line":38,"column":28}},"loc":{"start":{"line":38,"column":56},"end":{"line":45,"column":null}}}},"branchMap":{},"s":{"0":1,"1":1,"2":1,"3":1,"4":1,"5":2,"6":2,"7":2,"8":1,"9":1,"10":1,"11":3,"12":3,"13":3,"14":2,"15":2,"16":2,"17":1},"f":{"0":1,"1":2,"2":1,"3":3,"4":2},"b":{}}
,"/Users/rodrigobrezolin/Documents/pessoal/YGM-backend-firestore/src/modules/calendar/database/calendar.Database.ts": {"path":"/Users/rodrigobrezolin/Documents/pessoal/YGM-backend-firestore/src/modules/calendar/database/calendar.Database.ts","statementMap":{"0":{"start":{"line":2,"column":0},"end":{"line":2,"column":69}},"1":{"start":{"line":3,"column":0},"end":{"line":3,"column":54}},"2":{"start":{"line":4,"column":0},"end":{"line":4,"column":64}},"3":{"start":{"line":9,"column":2},"end":{"line":9,"column":30}},"4":{"start":{"line":12,"column":17},"end":{"line":12,"column":73}},"5":{"start":{"line":13,"column":24},"end":{"line":13,"column":58}},"6":{"start":{"line":13,"column":47},"end":{"line":13,"column":57}},"7":{"start":{"line":14,"column":4},"end":{"line":14,"column":56}},"8":{"start":{"line":14,"column":34},"end":{"line":14,"column":54}},"9":{"start":{"line":18,"column":22},"end":{"line":18,"column":46}},"10":{"start":{"line":19,"column":4},"end":{"line":21,"column":null}},"11":{"start":{"line":20,"column":6},"end":{"line":20,"column":33}},"12":{"start":{"line":22,"column":4},"end":{"line":22,"column":40}},"13":{"start":{"line":26,"column":4},"end":{"line":26,"column":61}},"14":{"start":{"line":30,"column":4},"end":{"line":35,"column":9}},"15":{"start":{"line":34,"column":8},"end":{"line":34,"column":48}},"16":{"start":{"line":34,"column":30},"end":{"line":34,"column":46}},"17":{"start":{"line":39,"column":4},"end":{"line":39,"column":null}},"18":{"start":{"line":43,"column":4},"end":{"line":52,"column":6}},"19":{"start":{"line":6,"column":0},"end":{"line":6,"column":13}}},"fnMap":{"0":{"name":"(anonymous_7)","decl":{"start":{"line":6,"column":0},"end":{"line":6,"column":13}},"loc":{"start":{"line":6,"column":0},"end":{"line":55,"column":1}}},"1":{"name":"(anonymous_8)","decl":{"start":{"line":11,"column":15},"end":{"line":11,"column":34}},"loc":{"start":{"line":11,"column":50},"end":{"line":15,"column":null}}},"2":{"name":"(anonymous_10)","decl":{"start":{"line":13,"column":38},"end":{"line":13,"column":39}},"loc":{"start":{"line":13,"column":47},"end":{"line":13,"column":57}}},"3":{"name":"(anonymous_11)","decl":{"start":{"line":14,"column":27},"end":{"line":14,"column":28}},"loc":{"start":{"line":14,"column":34},"end":{"line":14,"column":54}}},"4":{"name":"(anonymous_12)","decl":{"start":{"line":17,"column":15},"end":{"line":17,"column":24}},"loc":{"start":{"line":17,"column":35},"end":{"line":23,"column":null}}},"5":{"name":"(anonymous_15)","decl":{"start":{"line":25,"column":15},"end":{"line":25,"column":26}},"loc":{"start":{"line":25,"column":47},"end":{"line":27,"column":null}}},"6":{"name":"(anonymous_18)","decl":{"start":{"line":29,"column":15},"end":{"line":29,"column":31}},"loc":{"start":{"line":29,"column":47},"end":{"line":36,"column":null}}},"7":{"name":"(anonymous_20)","decl":{"start":{"line":33,"column":12},"end":{"line":33,"column":13}},"loc":{"start":{"line":33,"column":21},"end":{"line":35,"column":7}}},"8":{"name":"(anonymous_21)","decl":{"start":{"line":34,"column":21},"end":{"line":34,"column":22}},"loc":{"start":{"line":34,"column":30},"end":{"line":34,"column":46}}},"9":{"name":"(anonymous_22)","decl":{"start":{"line":38,"column":15},"end":{"line":38,"column":26}},"loc":{"start":{"line":38,"column":37},"end":{"line":40,"column":null}}},"10":{"name":"(anonymous_25)","decl":{"start":{"line":42,"column":10},"end":{"line":42,"column":30}},"loc":{"start":{"line":42,"column":45},"end":{"line":53,"column":3}}}},"branchMap":{"0":{"loc":{"start":{"line":19,"column":4},"end":{"line":21,"column":null}},"type":"if","locations":[{"start":{"line":19,"column":4},"end":{"line":21,"column":null}}]}},"s":{"0":2,"1":2,"2":2,"3":2,"4":3,"5":3,"6":3,"7":3,"8":3,"9":7,"10":7,"11":2,"12":5,"13":3,"14":1,"15":1,"16":2,"17":1,"18":3,"19":2},"f":{"0":2,"1":3,"2":3,"3":3,"4":7,"5":3,"6":1,"7":1,"8":2,"9":1,"10":3},"b":{"0":[2]}}
[...]
2,"column":84}},"1":{"start":{"line":4,"column":13},"end":{"line":25,"column":null}},"2":{"start":{"line":29,"column":2},"end":{"line":31,"column":null}},"3":{"start":{"line":29,"column":81},"end":{"line":31,"column":4}},"4":{"start":{"line":30,"column":6},"end":{"line":30,"column":null}},"5":{"start":{"line":32,"column":2},"end":{"line":34,"column":null}},"6":{"start":{"line":32,"column":63},"end":{"line":34,"column":4}},"7":{"start":{"line":33,"column":6},"end":{"line":33,"column":null}},"8":{"start":{"line":36,"column":2},"end":{"line":36,"column":75}},"9":{"start":{"line":36,"column":70},"end":{"line":36,"column":74}},"10":{"start":{"line":37,"column":2},"end":{"line":37,"column":65}},"11":{"start":{"line":37,"column":60},"end":{"line":37,"column":64}},"12":{"start":{"line":38,"column":2},"end":{"line":38,"column":75}},"13":{"start":{"line":38,"column":70},"end":{"line":38,"column":74}},"14":{"start":{"line":28,"column":0},"end":{"line":28,"column":13}}},"fnMap":{"0":{"name":"(anonymous_7)","decl":{"start":{"line":28,"column":0},"end":{"line":28,"column":13}},"loc":{"start":{"line":28,"column":0},"end":{"line":40,"column":1}}},"1":{"name":"(anonymous_8)","decl":{"start":{"line":29,"column":32},"end":{"line":29,"column":39}},"loc":{"start":{"line":29,"column":81},"end":{"line":31,"column":4}}},"2":{"name":"(anonymous_9)","decl":{"start":{"line":29,"column":81},"end":{"line":29,"column":null}},"loc":{"start":{"line":29,"column":81},"end":{"line":31,"column":3}}},"3":{"name":"(anonymous_10)","decl":{"start":{"line":32,"column":22},"end":{"line":32,"column":29}},"loc":{"start":{"line":32,"column":63},"end":{"line":34,"column":4}}},"4":{"name":"(anonymous_11)","decl":{"start":{"line":32,"column":63},"end":{"line":32,"column":null}},"loc":{"start":{"line":32,"column":63},"end":{"line":34,"column":3}}},"5":{"name":"(anonymous_12)","decl":{"start":{"line":36,"column":24},"end":{"line":36,"column":31}},"loc":{"start":{"line":36,"column":70},"end":{"line":36,"column":74}}},"6":{"name":"(anonymous_13)","decl":{"start":{"line":36,"column":70},"end":{"line":36,"column":72}},"loc":{"start":{"line":36,"column":70},"end":{"line":36,"column":73}}},"7":{"name":"(anonymous_14)","decl":{"start":{"line":37,"column":24},"end":{"line":37,"column":31}},"loc":{"start":{"line":37,"column":60},"end":{"line":37,"column":64}}},"8":{"name":"(anonymous_15)","decl":{"start":{"line":37,"column":60},"end":{"line":37,"column":62}},"loc":{"start":{"line":37,"column":60},"end":{"line":37,"column":63}}},"9":{"name":"(anonymous_16)","decl":{"start":{"line":38,"column":29},"end":{"line":38,"column":36}},"loc":{"start":{"line":38,"column":70},"end":{"line":38,"column":74}}},"10":{"name":"(anonymous_17)","decl":{"start":{"line":38,"column":70},"end":{"line":38,"column":72}},"loc":{"start":{"line":38,"column":70},"end":{"line":38,"column":73}}}},"branchMap":{},"s":{"0":2,"1":2,"2":2,"3":2,"4":2,"5":2,"6":1,"7":1,"8":2,"9":62,"10":2,"11":1,"12":2,"13":1,"14":2},"f":{"0":2,"1":2,"2":2,"3":1,"4":1,"5":62,"6":62,"7":1,"8":1,"9":1,"10":1},"b":{}}
,"/Users/rodrigobrezolin/Documents/pessoal/YGM-backend-firestore/tests/modules/contract/mocks/contract.business.mock.ts": {"path":"/Users/rodrigobrezolin/Documents/pessoal/YGM-backend-firestore/tests/modules/contract/mocks/contract.business.mock.ts","statementMap":{"0":{"start":{"line":7,"column":0},"end":{"line":7,"column":57}},"1":{"start":{"line":10,"column":22},"end":{"line":10,"column":53}},"2":{"start":{"line":12,"column":9},"end":{"line":14,"column":5}},"3":{"start":{"line":12,"column":68},"end":{"line":14,"column":4}},"4":{"start":{"line":13,"column":4},"end":{"line":13,"column":25}},"5":{"start":{"line":16,"column":9},"end":{"line":18,"column":5}},"6":{"start":{"line":16,"column":75},"end":{"line":18,"column":4}},"7":{"start":{"line":17,"column":4},"end":{"line":17,"column":28}},"8":{"start":{"line":20,"column":9},"end":{"line":22,"column":4}},"9":{"start":{"line":21,"column":53},"end":{"line":21,"column":null}},"10":{"start":{"line":24,"column":9},"end":{"line":24,"column":80}},"11":{"start":{"line":24,"column":75},"end":{"line":24,"column":79}},"12":{"start":{"line":26,"column":9},"end":{"line":28,"column":4}},"13":{"start":{"line":27,"column":52},"end":{"line":27,"column":null}},"14":{"start":{"line":9,"column":0},"end":{"line":9,"column":13}}},"fnMap":{"0":{"name":"(anonymous_7)","decl":{"start":{"line":10,"column":2},"end":{"line":10,"column":22}},"loc":{"start":{"line":10,"column":53},"end":{"line":10,"column":57}}},"1":{"name":"(anonymous_8)","decl":{"start":{"line":12,"column":36},"end":{"line":12,"column":66}},"loc":{"start":{"line":12,"column":68},"end":{"line":14,"column":4}}},"2":{"name":"(anonymous_9)","decl":{"start":{"line":12,"column":68},"end":{"line":12,"column":null}},"loc":{"start":{"line":12,"column":68},"end":{"line":14,"column":3}}},"3":{"name":"(anonymous_10)","decl":{"start":{"line":16,"column":32},"end":{"line":16,"column":39}},"loc":{"start":{"line":16,"column":75},"end":{"line":18,"column":4}}},"4":{"name":"(anonymous_11)","decl":{"start":{"line":16,"column":75},"end":{"line":16,"column":null}},"loc":{"start":{"line":16,"column":75},"end":{"line":18,"column":3}}},"5":{"name":"(anonymous_12)","decl":{"start":{"line":21,"column":4},"end":{"line":21,"column":11}},"loc":{"start":{"line":21,"column":53},"end":{"line":21,"column":null}}},"6":{"name":"(anonymous_13)","decl":{"start":{"line":21,"column":53},"end":{"line":21,"column":55}},"loc":{"start":{"line":21,"column":53},"end":{"line":21,"column":56}}},"7":{"name":"(anonymous_14)","decl":{"start":{"line":24,"column":30},"end":{"line":24,"column":37}},"loc":{"start":{"line":24,"column":75},"end":{"line":24,"column":79}}},"8":{"name":"(anonymous_15)","decl":{"start":{"line":24,"column":75},"end":{"line":24,"column":77}},"loc":{"start":{"line":24,"column":75},"end":{"line":24,"column":78}}},"9":{"name":"(anonymous_16)","decl":{"start":{"line":27,"column":4},"end":{"line":27,"column":11}},"loc":{"start":{"line":27,"column":52},"end":{"line":27,"column":null}}},"10":{"name":"(anonymous_17)","decl":{"start":{"line":27,"column":52},"end":{"line":27,"column":54}},"loc":{"start":{"line":27,"column":52},"end":{"line":27,"column":55}}}},"branchMap":{},"s":{"0":1,"1":1,"2":1,"3":1,"4":1,"5":1,"6":2,"7":2,"8":1,"9":1,"10":1,"11":1,"12":1,"13":1,"14":1},"f":{"0":1,"1":1,"2":1,"3":2,"4":2,"5":1,"6":1,"7":1,"8":1,"9":1,"10":1},"b":{}}
,"/Users/rodrigobrezolin/Documents/pessoal/YGM-backend-firestore/tests/modules/contract/mocks/contract.database.mock.ts": {"path":"/Users/rodrigobrezolin/Documents/pessoal/YGM-backend-firestore/tests/modules/contract/mocks/contract.database.mock.ts","statementMap":{"0":{"start":{"line":2,"column":0},"end":{"line":2,"column":84}},"1":{"start":{"line":4,"column":13},"end":{"line":21,"column":2}},"2":{"start":{"line":24,"column":2},"end":{"line":26,"column":5}},"3":{"start":{"line":24,"column":61},"end":{"line":26,"column":4}},"4":{"start":{"line":25,"column":4},"end":{"line":25,"column":25}},"5":{"start":{"line":27,"column":2},"end":{"line":30,"column":5}},"6":{"start":{"line":27,"column":72},"end":{"line":30,"column":4}},"7":{"start":{"line":28,"column":21},"end":{"line":28,"column":60}},"8":{"start":{"line":28,"column":44},"end":{"line":28,"column":59}},"9":{"start":{"line":29,"column":4},"end":{"line":29,"column":null}},"10":{"start":{"line":32,"column":2},"end":{"line":32,"column":76}},"11":{"start":{"line":32,"column":71},"end":{"line":32,"column":75}},"12":{"start":{"line":33,"column":2},"end":{"line":33,"column":74}},"13":{"start":{"line":33,"column":69},"end":{"line":33,"column":73}},"14":{"start":{"line":23,"column":0},"end":{"line":23,"column":13}}},"fnMap":{"0":{"name":"(anonymous_7)","decl":{"start":{"line":23,"column":0},"end":{"line":23,"column":13}},"loc":{"start":{"line":23,"column":0},"end":{"line":34,"column":1}}},"1":{"name":"(anonymous_8)","decl":{"start":{"line":24,"column":29},"end":{"line":24,"column":59}},"loc":{"start":{"line":24,"column":61},"end":{"line":26,"column":4}}},"2":{"name":"(anonymous_9)","decl":{"start":{"line":24,"column":61},"end":{"line":24,"column":null}},"loc":{"start":{"line":24,"column":61},"end":{"line":26,"column":3}}},"3":{"name":"(anonymous_10)","decl":{"start":{"line":27,"column":25},"end":{"line":27,"column":32}},"loc":{"start":{"line":27,"column":72},"end":{"line":30,"column":4}}},"4":{"name":"(anonymous_11)","decl":{"start":{"line":27,"column":72},"end":{"line":27,"column":null}},"loc":{"start":{"line":27,"column":72},"end":{"line":30,"column":3}}},"5":{"name":"(anonymous_12)","decl":{"start":{"line":28,"column":40},"end":{"line":28,"column":41}},"loc":{"start":{"line":28,"column":44},"end":{"line":28,"column":59}}},"6":{"name":"(anonymous_13)","decl":{"start":{"line":32,"column":27},"end":{"line":32,"column":34}},"loc":{"start":{"line":32,"column":71},"end":{"line":32,"column":75}}},"7":{"name":"(anonymous_14)","decl":{"start":{"line":32,"column":71},"end":{"line":32,"column":73}},"loc":{"start":{"line":32,"column":71},"end":{"line":32,"column":74}}},"8":{"name":"(anonymous_15)","decl":{"start":{"line":33,"column":25},"end":{"line":33,"column":32}},"loc":{"start":{"line":33,"column":69},"end":{"line":33,"column":73}}},"9":{"name":"(anonymous_16)","decl":{"start":{"line":33,"column":69},"end":{"line":33,"column":71}},"loc":{"start":{"line":33,"column":69},"end":{"line":33,"column":72}}}},"branchMap":{"0":{"loc":{"start":{"line":29,"column":11},"end":{"line":29,"column":25}},"type":"cond-expr","locations":[{"start":{"line":29,"column":11},"end":{"line":29,"column":17}},{"start":{"line":29,"column":21},"end":{"line":29,"column":25}}]},"1":{"loc":{"start":{"line":29,"column":11},"end":{"line":29,"column":21}},"type":"binary-expr","locations":[{"start":{"line":29,"column":11},"end":{"line":29,"column":21}},{"start":{"line":29,"column":11},"end":{"line":29,"column":21}}]}},"s":{"0":2,"1":2,"2":2,"3":1,"4":1,"5":2,"6":8,"7":8,"8":12,"9":8,"10":2,"11":1,"12":2,"13":2,"14":2},"f":{"0":2,"1":1,"2":1,"3":8,"4":8,"5":12,"6":1,"7":1,"8":2,"9":2},"b":{"0":[4,4],"1":[8,8]}}
,"/Users/rodrigobrezolin/Documents/pessoal/YGM-backend-firestore/tests/modules/firm/mocks/firm.business.mock.ts": {"path":"/Users/rodrigobrezolin/Documents/pessoal/YGM-backend-firestore/tests/modules/firm/mocks/firm.business.mock.ts","statementMap":{"0":{"start":{"line":4,"column":0},"end":{"line":4,"column":45}},"1":{"start":{"line":7,"column":24},"end":{"line":7,"column":46}},"2":{"start":{"line":9,"column":12},"end":{"line":11,"column":null}},"3":{"start":{"line":9,"column":53},"end":{"line":11,"column":6}},"4":{"start":{"line":10,"column":6},"end":{"line":10,"column":null}},"5":{"start":{"line":13,"column":12},"end":{"line":13,"column":null}},"6":{"start":{"line":13,"column":73},"end":{"line":13,"column":77}},"7":{"start":{"line":6,"column":0},"end":{"line":6,"column":13}}},"fnMap":{"0":{"name":"(anonymous_7)","decl":{"start":{"line":7,"column":4},"end":{"line":7,"column":24}},"loc":{"start":{"line":7,"column":46},"end":{"line":7,"column":50}}},"1":{"name":"(anonymous_8)","decl":{"start":{"line":9,"column":28},"end":{"line":9,"column":51}},"loc":{"start":{"line":9,"column":53},"end":{"line":11,"column":6}}},"2":{"name":"(anonymous_9)","decl":{"start":{"line":9,"column":53},"end":{"line":9,"column":null}},"loc":{"start":{"line":9,"column":53},"end":{"line":11,"column":5}}},"3":{"name":"(anonymous_10)","decl":{"start":{"line":13,"column":28},"end":{"line":13,"column":35}},"loc":{"start":{"line":13,"column":73},"end":{"line":13,"column":77}}},"4":{"name":"(anonymous_11)","decl":{"start":{"line":13,"column":73},"end":{"line":13,"column":75}},"loc":{"start":{"line":13,"column":73},"end":{"line":13,"column":76}}}},"branchMap":{},"s":{"0":1,"1":1,"2":1,"3":1,"4":1,"5":1,"6":2,"7":1},"f":{"0":1,"1":1,"2":1,"3":2,"4":2},"b":{}}
,"/Users/rodrigobrezolin/Documents/pessoal/YGM-backend-firestore/tests/modules/firm/mocks/firm.database.mock.ts": {"path":"/Users/rodrigobrezolin/Documents/pessoal/YGM-backend-firestore/tests/modules/firm/mocks/firm.database.mock.ts","statementMap":{"0":{"start":{"line":2,"column":0},"end":{"line":2,"column":71}},"1":{"start":{"line":4,"column":13},"end":{"line":12,"column":null}},"2":{"start":{"line":16,"column":11},"end":{"line":18,"column":null}},"3":{"start":{"line":16,"column":54},"end":{"line":18,"column":6}},"4":{"start":{"line":17,"column":8},"end":{"line":17,"column":null}},"5":{"start":{"line":19,"column":11},"end":{"line":19,"column":null}},"6":{"start":{"line":19,"column":63},"end":{"line":19,"column":67}},"7":{"start":{"line":15,"column":0},"end":{"line":15,"column":13}}},"fnMap":{"0":{"name":"(anonymous_7)","decl":{"start":{"line":15,"column":0},"end":{"line":15,"column":13}},"loc":{"start":{"line":15,"column":0},"end":{"line":20,"column":1}}},"1":{"name":"(anonymous_8)","decl":{"start":{"line":16,"column":27},"end":{"line":16,"column":52}},"loc":{"start":{"line":16,"column":54},"end":{"line":18,"column":6}}},"2":{"name":"(anonymous_9)","decl":{"start":{"line":16,"column":54},"end":{"line":16,"column":null}},"loc":{"start":{"line":16,"column":54},"end":{"line":18,"column":5}}},"3":{"name":"(anonymous_10)","decl":{"start":{"line":19,"column":27},"end":{"line":19,"column":34}},"loc":{"start":{"line":19,"column":63},"end":{"line":19,"column":67}}},"4":{"name":"(anonymous_11)","decl":{"start":{"line":19,"column":63},"end":{"line":19,"column":65}},"loc":{"start":{"line":19,"column":63},"end":{"line":19,"column":66}}}},"branchMap":{},"s":{"0":3,"1":3,"2":2,"3":3,"4":3,"5":2,"6":2,"7":3},"f":{"0":2,"1":3,"2":3,"3":2,"4":2},"b":{}}
,"/Users/rodrigobrezolin/Documents/pessoal/YGM-backend-firestore/tests/modules/plan/mocks/plan.business.mock.ts": {"path":"/Users/rodrigobrezolin/Documents/pessoal/YGM-backend-firestore/tests/modules/plan/mocks/plan.business.mock.ts","statementMap":{"0":{"start":{"line":8,"column":22},"end":{"line":8,"column":44}},"1":{"start":{"line":10,"column":9},"end":{"line":12,"column":5}},"2":{"start":{"line":10,"column":57},"end":{"line":12,"column":4}},"3":{"start":{"line":11,"column":4},"end":{"line":11,"column":14}},"4":{"start":{"line":14,"column":9},"end":{"line":16,"column":4}},"5":{"start":{"line":15,"column":50},"end":{"line":15,"column":null}},"6":{"start":{"line":18,"column":9},"end":{"line":18,"column":77}},"7":{"start":{"line":18,"column":72},"end":{"line":18,"column":76}},"8":{"start":{"line":20,"column":9},"end":{"line":20,"column":74}},"9":{"start":{"line":20,"column":69},"end":{"line":20,"column":73}},"10":{"start":{"line":7,"column":0},"end":{"line":7,"column":13}}},"fnMap":{"0":{"name":"(anonymous_7)","decl":{"start":{"line":8,"column":2},"end":{"line":8,"column":22}},"loc":{"start":{"line":8,"column":44},"end":{"line":8,"column":48}}},"1":{"name":"(anonymous_8)","decl":{"start":{"line":10,"column":29},"end":{"line":10,"column":55}},"loc":{"start":{"line":10,"column":57},"end":{"line":12,"column":4}}},"2":{"name":"(anonymous_9)","decl":{"start":{"line":10,"column":57},"end":{"line":10,"column":null}},"loc":{"start":{"line":10,"column":57},"end":{"line":12,"column":3}}},"3":{"name":"(anonymous_10)","decl":{"start":{"line":15,"column":4},"end":{"line":15,"column":11}},"loc":{"start":{"line":15,"column":50},"end":{"line":15,"column":null}}},"4":{"name":"(anonymous_11)","decl":{"start":{"line":15,"column":50},"end":{"line":15,"column":52}},"loc":{"start":{"line":15,"column":50},"end":{"line":15,"column":53}}},"5":{"name":"(anonymous_12)","decl":{"start":{"line":18,"column":28},"end":{"line":18,"column":35}},"loc":{"start":{"line":18,"column":72},"end":{"line":18,"column":76}}},"6":{"name":"(anonymous_13)","decl":{"start":{"line":18,"column":72},"end":{"line":18,"column":74}},"loc":{"start":{"line":18,"column":72},"end":{"line":18,"column":75}}},"7":{"name":"(anonymous_14)","decl":{"start":{"line":20,"column":30},"end":{"line":20,"column":37}},"loc":{"start":{"line":20,"column":69},"end":{"line":20,"column":73}}},"8":{"name":"(anonymous_15)","decl":{"start":{"line":20,"column":69},"end":{"line":20,"column":71}},"loc":{"start":{"line":20,"column":69},"end":{"line":20,"column":72}}}},"branchMap":{},"s":{"0":1,"1":1,"2":1,"3":1,"4":1,"5":1,"6":1,"7":1,"8":1,"9":1,"10":1},"f":{"0":1,"1":1,"2":1,"3":1,"4":1,"5":1,"6":1,"7":1,"8":1},"b":{}}
,"/Users/rodrigobrezolin/Documents/pessoal/YGM-backend-firestore/tests/modules/plan/mocks/plan.database.mock.ts": {"path":"/Users/rodrigobrezolin/Documents/pessoal/YGM-backend-firestore/tests/modules/plan/mocks/plan.database.mock.ts","statementMap":{"0":{"start":{"line":1,"column":0},"end":{"line":1,"column":65}},"1":{"start":{"line":3,"column":0},"end":{"line":3,"column":84}},"2":{"start":{"line":6,"column":18},"end":{"line":15,"column":null}},"3":{"start":{"line":19,"column":3},"end":{"line":22,"column":null}},"4":{"start":{"line":19,"column":72},"end":{"line":22,"column":5}},"5":{"start":{"line":20,"column":4},"end":{"line":20,"column":null}},"6":{"start":{"line":20,"column":31},"end":{"line":20,"column":47}},"7":{"start":{"line":23,"column":3},"end":{"line":23,"column":null}},"8":{"start":{"line":23,"column":58},"end":{"line":23,"column":62}},"9":{"start":{"line":24,"column":3},"end":{"line":24,"column":null}},"10":{"start":{"line":24,"column":56},"end":{"line":24,"column":60}},"11":{"start":{"line":25,"column":3},"end":{"line":27,"column":null}},"12":{"start":{"line":25,"column":50},"end":{"line":27,"column":4}},"13":{"start":{"line":26,"column":4},"end":{"line":26,"column":null}},"14":{"start":{"line":28,"column":3},"end":{"line":28,"column":null}},"15":{"start":{"line":28,"column":58},"end":{"line":28,"column":61}},"16":{"start":{"line":18,"column":0},"end":{"line":18,"column":13}}},"fnMap":{"0":{"name":"(anonymous_7)","decl":{"start":{"line":18,"column":0},"end":{"line":18,"column":13}},"loc":{"start":{"line":18,"column":0},"end":{"line":29,"column":1}}},"1":{"name":"(anonymous_8)","decl":{"start":{"line":19,"column":23},"end":{"line":19,"column":30}},"loc":{"start":{"line":19,"column":72},"end":{"line":22,"column":5}}},"2":{"name":"(anonymous_9)","decl":{"start":{"line":19,"column":72},"end":{"line":19,"column":null}},"loc":{"start":{"line":19,"column":72},"end":{"line":22,"column":4}}},"3":{"name":"(anonymous_10)","decl":{"start":{"line":20,"column":26},"end":{"line":20,"column":27}},"loc":{"start":{"line":20,"column":31},"end":{"line":20,"column":47}}},"4":{"name":"(anonymous_11)","decl":{"start":{"line":23,"column":24},"end":{"line":23,"column":30}},"loc":{"start":{"line":23,"column":58},"end":{"line":23,"column":62}}},"5":{"name":"(anonymous_12)","decl":{"start":{"line":23,"column":58},"end":{"line":23,"column":60}},"loc":{"start":{"line":23,"column":58},"end":{"line":23,"column":61}}},"6":{"name":"(anonymous_13)","decl":{"start":{"line":24,"column":22},"end":{"line":24,"column":28}},"loc":{"start":{"line":24,"column":56},"end":{"line":24,"column":60}}},"7":{"name":"(anonymous_14)","decl":{"start":{"line":24,"column":56},"end":{"line":24,"column":58}},"loc":{"start":{"line":24,"column":56},"end":{"line":24,"column":59}}},"8":{"name":"(anonymous_15)","decl":{"start":{"line":25,"column":23},"end":{"line":25,"column":48}},"loc":{"start":{"line":25,"column":50},"end":{"line":27,"column":4}}},"9":{"name":"(anonymous_16)","decl":{"start":{"line":25,"column":50},"end":{"line":25,"column":null}},"loc":{"start":{"line":25,"column":50},"end":{"line":27,"column":3}}},"10":{"name":"(anonymous_17)","decl":{"start":{"line":28,"column":24},"end":{"line":28,"column":30}},"loc":{"start":{"line":28,"column":58},"end":{"line":28,"column":61}}},"11":{"name":"(anonymous_18)","decl":{"start":{"line":28,"column":58},"end":{"line":28,"column":59}},"loc":{"start":{"line":28,"column":58},"end":{"line":28,"column":60}}}},"branchMap":{},"s":{"0":2,"1":2,"2":2,"3":2,"4":5,"5":5,"6":8,"7":2,"8":1,"9":2,"10":1,"11":2,"12":1,"13":1,"14":2,"15":1,"16":2},"f":{"0":2,"1":5,"2":5,"3":8,"4":1,"5":1,"6":1,"7":1,"8":1,"9":1,"10":1,"11":1},"b":{}}
}
