{"/Users/rodrigobrezolin/Documents/pessoal/YGM-backend-firestore/src/common/customError/customError.ts": {"path":"/Users/rodrigobrezolin/Documents/pessoal/YGM-backend-firestore/src/common/customError/customError.ts","statementMap":{"0":{"start":{"line":3,"column":4},"end":{"line":3,"column":19}},"1":{"start":{"line":2,"column":30},"end":{"line":2,"column":45}},"2":{"start":{"line":2,"column":63},"end":{"line":2,"column":84}},"3":{"start":{"line":1,"column":0},"end":{"line":1,"column":13}}},"fnMap":{"0":{"name":"(anonymous_0)","decl":{"start":{"line":2,"column":2},"end":{"line":2,"column":30}},"loc":{"start":{"line":2,"column":87},"end":{"line":4,"column":3}}}},"branchMap":{"0":{"loc":{"start":{"line":2,"column":63},"end":{"line":2,"column":87}},"type":"default-arg","locations":[{"start":{"line":2,"column":84},"end":{"line":2,"column":87}}]}},"s":{"0":18,"1":18,"2":18,"3":9},"f":{"0":18},"b":{"0":[0]}}
,"/Users/rodrigobrezolin/Documents/pessoal/YGM-backend-firestore/src/common/customError/notFound.ts": {"path":"/Users/rodrigobrezolin/Documents/pessoal/YGM-backend-firestore/src/common/customError/notFound.ts","statementMap":{"0":{"start":{"line":1,"column":0},"end":{"line":1,"column":44}},"1":{"start":{"line":6,"column":4},"end":{"line":6,"column":null}},"2":{"start":{"line":5,"column":21},"end":{"line":5,"column":37}},"3":{"start":{"line":4,"column":0},"end":{"line":4,"column":13}}},"fnMap":{"0":{"name":"(anonymous_0)","decl":{"start":{"line":5,"column":2},"end":{"line":5,"column":21}},"loc":{"start":{"line":5,"column":43},"end":{"line":7,"column":3}}}},"branchMap":{"0":{"loc":{"start":{"line":5,"column":21},"end":{"line":5,"column":43}},"type":"default-arg","locations":[{"start":{"line":5,"column":37},"end":{"line":5,"column":43}}]}},"s":{"0":3,"1":4,"2":4,"3":3},"f":{"0":4},"b":{"0":[2]}}
,"/Users/rodrigobrezolin/Documents/pessoal/YGM-backend-firestore/src/common/database/BaseDatabase.ts": {"path":"/Users/rodrigobrezolin/Documents/pessoal/YGM-backend-firestore/src/common/database/BaseDatabase.ts","statementMap":{"0":{"start":{"line":1,"column":0},"end":{"line":1,"column":40}},"1":{"start":{"line":2,"column":0},"end":{"line":2,"column":30}},"2":{"start":{"line":4,"column":0},"end":{"line":4,"column":51}},"3":{"start":{"line":5,"column":0},"end":{"line":5,"column":42}},"4":{"start":{"line":7,"column":0},"end":{"line":7,"column":null}},"5":{"start":{"line":9,"column":0},"end":{"line":11,"column":3}},"6":{"start":{"line":24,"column":4},"end":{"line":24,"column":66}},"7":{"start":{"line":28,"column":17},"end":{"line":28,"column":46}},"8":{"start":{"line":29,"column":4},"end":{"line":29,"column":46}},"9":{"start":{"line":29,"column":34},"end":{"line":29,"column":44}},"10":{"start":{"line":33,"column":17},"end":{"line":33,"column":54}},"11":{"start":{"line":34,"column":4},"end":{"line":34,"column":null}},"12":{"start":{"line":38,"column":4},"end":{"line":38,"column":63}},"13":{"start":{"line":42,"column":17},"end":{"line":42,"column":63}},"14":{"start":{"line":43,"column":4},"end":{"line":45,"column":null}},"15":{"start":{"line":44,"column":6},"end":{"line":44,"column":null}},"16":{"start":{"line":46,"column":4},"end":{"line":46,"column":40}},"17":{"start":{"line":50,"column":17},"end":{"line":50,"column":54}},"18":{"start":{"line":51,"column":4},"end":{"line":55,"column":null}},"19":{"start":{"line":52,"column":6},"end":{"line":52,"column":30}},"20":{"start":{"line":54,"column":6},"end":{"line":54,"column":null}},"21":{"start":{"line":14,"column":0},"end":{"line":14,"column":22}},"22":{"start":{"line":16,"column":19},"end":{"line":16,"column":49}},"23":{"start":{"line":18,"column":19},"end":{"line":18,"column":39}}},"fnMap":{"0":{"name":"(anonymous_14)","decl":{"start":{"line":23,"column":12},"end":{"line":23,"column":22}},"loc":{"start":{"line":23,"column":22},"end":{"line":25,"column":3}}},"1":{"name":"(anonymous_15)","decl":{"start":{"line":27,"column":18},"end":{"line":27,"column":25}},"loc":{"start":{"line":27,"column":25},"end":{"line":30,"column":null}}},"2":{"name":"(anonymous_17)","decl":{"start":{"line":29,"column":25},"end":{"line":29,"column":26}},"loc":{"start":{"line":29,"column":34},"end":{"line":29,"column":44}}},"3":{"name":"(anonymous_18)","decl":{"start":{"line":32,"column":18},"end":{"line":32,"column":26}},"loc":{"start":{"line":32,"column":36},"end":{"line":35,"column":null}}},"4":{"name":"(anonymous_20)","decl":{"start":{"line":37,"column":18},"end":{"line":37,"column":24}},"loc":{"start":{"line":37,"column":47},"end":{"line":39,"column":null}}},"5":{"name":"(anonymous_22)","decl":{"start":{"line":41,"column":18},"end":{"line":41,"column":22}},"loc":{"start":{"line":41,"column":45},"end":{"line":47,"column":null}}},"6":{"name":"(anonymous_24)","decl":{"start":{"line":49,"column":18},"end":{"line":49,"column":24}},"loc":{"start":{"line":49,"column":35},"end":{"line":56,"column":null}}}},"branchMap":{"0":{"loc":{"start":{"line":34,"column":11},"end":{"line":34,"column":41}},"type":"cond-expr","locations":[{"start":{"line":34,"column":18},"end":{"line":34,"column":29}},{"start":{"line":34,"column":32},"end":{"line":34,"column":41}}]},"1":{"loc":{"start":{"line":43,"column":4},"end":{"line":45,"column":null}},"type":"if","locations":[{"start":{"line":43,"column":4},"end":{"line":45,"column":null}}]},"2":{"loc":{"start":{"line":51,"column":4},"end":{"line":55,"column":null}},"type":"if","locations":[{"start":{"line":51,"column":4},"end":{"line":55,"column":null}},{"start":{"line":53,"column":11},"end":{"line":55,"column":null}}]}},"s":{"0":2,"1":2,"2":2,"3":2,"4":2,"5":2,"6":15,"7":1,"8":1,"9":2,"10":5,"11":5,"12":2,"13":2,"14":2,"15":1,"16":1,"17":3,"18":3,"19":2,"20":1,"21":2,"22":2,"23":2},"f":{"0":15,"1":1,"2":2,"3":5,"4":2,"5":2,"6":3},"b":{"0":[5,0],"1":[1],"2":[2,1]}}
,"/Users/rodrigobrezolin/Documents/pessoal/YGM-backend-firestore/src/common/database/config.ts": {"path":"/Users/rodrigobrezolin/Documents/pessoal/YGM-backend-firestore/src/common/database/config.ts","statementMap":{"0":{"start":{"line":3,"column":13},"end":{"line":15,"column":2}},"1":{"start":{"line":18,"column":13},"end":{"line":25,"column":2}}},"fnMap":{},"branchMap":{"0":{"loc":{"start":{"line":7,"column":15},"end":{"line":7,"column":62}},"type":"cond-expr","locations":[{"start":{"line":7,"column":38},"end":{"line":7,"column":40}},{"start":{"line":7,"column":38},"end":{"line":7,"column":62}}]},"1":{"loc":{"start":{"line":7,"column":15},"end":{"line":7,"column":40}},"type":"binary-expr","locations":[{"start":{"line":7,"column":15},"end":{"line":7,"column":40}},{"start":{"line":7,"column":38},"end":{"line":7,"column":40}}]}},"s":{"0":2,"1":2},"f":{},"b":{"0":[0,2],"1":[2,2]}}
,"/Users/rodrigobrezolin/Documents/pessoal/YGM-backend-firestore/src/common/domain/common.enum.ts": {"path":"/Users/rodrigobrezolin/Documents/pessoal/YGM-backend-firestore/src/common/domain/common.enum.ts","statementMap":{"0":{"start":{"line":1,"column":0},"end":{"line":1,"column":null}},"1":{"start":{"line":2,"column":2},"end":{"line":2,"column":null}},"2":{"start":{"line":3,"column":2},"end":{"line":3,"column":null}},"3":{"start":{"line":4,"column":2},"end":{"line":4,"column":null}},"4":{"start":{"line":5,"column":2},"end":{"line":5,"column":null}},"5":{"start":{"line":8,"column":0},"end":{"line":8,"column":null}},"6":{"start":{"line":9,"column":2},"end":{"line":9,"column":null}},"7":{"start":{"line":10,"column":2},"end":{"line":10,"column":null}},"8":{"start":{"line":11,"column":2},"end":{"line":11,"column":null}},"9":{"start":{"line":12,"column":2},"end":{"line":12,"column":null}},"10":{"start":{"line":13,"column":2},"end":{"line":13,"column":null}},"11":{"start":{"line":14,"column":2},"end":{"line":14,"column":null}},"12":{"start":{"line":15,"column":2},"end":{"line":15,"column":null}},"13":{"start":{"line":18,"column":0},"end":{"line":18,"column":null}},"14":{"start":{"line":19,"column":2},"end":{"line":19,"column":null}},"15":{"start":{"line":20,"column":2},"end":{"line":20,"column":null}},"16":{"start":{"line":21,"column":2},"end":{"line":21,"column":null}},"17":{"start":{"line":22,"column":2},"end":{"line":22,"column":null}},"18":{"start":{"line":23,"column":2},"end":{"line":23,"column":null}},"19":{"start":{"line":24,"column":2},"end":{"line":24,"column":null}},"20":{"start":{"line":27,"column":0},"end":{"line":27,"column":null}},"21":{"start":{"line":28,"column":2},"end":{"line":28,"column":null}},"22":{"start":{"line":29,"column":2},"end":{"line":29,"column":null}},"23":{"start":{"line":30,"column":2},"end":{"line":30,"column":null}},"24":{"start":{"line":33,"column":0},"end":{"line":33,"column":null}},"25":{"start":{"line":34,"column":2},"end":{"line":34,"column":null}},"26":{"start":{"line":35,"column":2},"end":{"line":35,"column":null}},"27":{"start":{"line":36,"column":2},"end":{"line":36,"column":null}},"28":{"start":{"line":37,"column":2},"end":{"line":37,"column":null}},"29":{"start":{"line":38,"column":2},"end":{"line":38,"column":null}},"30":{"start":{"line":39,"column":2},"end":{"line":39,"column":null}},"31":{"start":{"line":40,"column":2},"end":{"line":40,"column":null}},"32":{"start":{"line":41,"column":2},"end":{"line":41,"column":null}},"33":{"start":{"line":42,"column":2},"end":{"line":42,"column":null}},"34":{"start":{"line":43,"column":2},"end":{"line":43,"column":null}},"35":{"start":{"line":44,"column":2},"end":{"line":44,"column":null}},"36":{"start":{"line":45,"column":2},"end":{"line":45,"column":null}},"37":{"start":{"line":48,"column":13},"end":{"line":61,"column":2}}},"fnMap":{"0":{"name":"(anonymous_0)","decl":{"start":{"line":1,"column":0},"end":{"line":1,"column":12}},"loc":{"start":{"line":1,"column":21},"end":{"line":6,"column":1}}},"1":{"name":"(anonymous_1)","decl":{"start":{"line":8,"column":0},"end":{"line":8,"column":12}},"loc":{"start":{"line":8,"column":16},"end":{"line":16,"column":1}}},"2":{"name":"(anonymous_2)","decl":{"start":{"line":18,"column":0},"end":{"line":18,"column":12}},"loc":{"start":{"line":18,"column":15},"end":{"line":25,"column":1}}},"3":{"name":"(anonymous_3)","decl":{"start":{"line":27,"column":0},"end":{"line":27,"column":12}},"loc":{"start":{"line":27,"column":21},"end":{"line":31,"column":1}}},"4":{"name":"(anonymous_4)","decl":{"start":{"line":33,"column":0},"end":{"line":33,"column":12}},"loc":{"start":{"line":33,"column":16},"end":{"line":46,"column":1}}}},"branchMap":{"0":{"loc":{"start":{"line":1,"column":12},"end":{"line":1,"column":null}},"type":"binary-expr","locations":[{"start":{"line":1,"column":12},"end":{"line":1,"column":21}},{"start":{"line":1,"column":12},"end":{"line":1,"column":null}}]},"1":{"loc":{"start":{"line":8,"column":12},"end":{"line":8,"column":null}},"type":"binary-expr","locations":[{"start":{"line":8,"column":12},"end":{"line":8,"column":16}},{"start":{"line":8,"column":12},"end":{"line":8,"column":null}}]},"2":{"loc":{"start":{"line":18,"column":12},"end":{"line":18,"column":null}},"type":"binary-expr","locations":[{"start":{"line":18,"column":12},"end":{"line":18,"column":15}},{"start":{"line":18,"column":12},"end":{"line":18,"column":null}}]},"3":{"loc":{"start":{"line":27,"column":12},"end":{"line":27,"column":null}},"type":"binary-expr","locations":[{"start":{"line":27,"column":12},"end":{"line":27,"column":21}},{"start":{"line":27,"column":12},"end":{"line":27,"column":null}}]},"4":{"loc":{"start":{"line":33,"column":12},"end":{"line":33,"column":null}},"type":"binary-expr","locations":[{"start":{"line":33,"column":12},"end":{"line":33,"column":16}},{"start":{"line":33,"column":12},"end":{"line":33,"column":null}}]}},"s":{"0":4,"1":4,"2":4,"3":4,"4":4,"5":4,"6":4,"7":4,"8":4,"9":4,"10":4,"11":4,"12":4,"13":4,"14":4,"15":4,"16":4,"17":4,"18":4,"19":4,"20":4,"21":4,"22":4,"23":4,"24":4,"25":4,"26":4,"27":4,"28":4,"29":4,"30":4,"31":4,"32":4,"33":4,"34":4,"35":4,"36":4,"37":4},"f":{"0":4,"1":4,"2":4,"3":4,"4":4},"b":{"0":[4,4],"1":[4,4],"2":[4,4],"3":[4,4],"4":[4,4]}}
,"/Users/rodrigobrezolin/Documents/pessoal/YGM-backend-firestore/src/common/domain/common.id.dto.ts": {"path":"/Users/rodrigobrezolin/Documents/pessoal/YGM-backend-firestore/src/common/domain/common.id.dto.ts","statementMap":{"0":{"start":{"line":1,"column":0},"end":{"line":1,"column":19}},"1":{"start":{"line":7,"column":13},"end":{"line":10,"column":null}},"2":{"start":{"line":10,"column":22},"end":{"line":10,"column":35}}},"fnMap":{"0":{"name":"(anonymous_1)","decl":{"start":{"line":10,"column":14},"end":{"line":10,"column":18}},"loc":{"start":{"line":10,"column":22},"end":{"line":10,"column":35}}}},"branchMap":{},"s":{"0":2,"1":2,"2":3},"f":{"0":3},"b":{}}
,"/Users/rodrigobrezolin/Documents/pessoal/YGM-backend-firestore/src/common/domain/common.pattern.name.ts": {"path":"/Users/rodrigobrezolin/Documents/pessoal/YGM-backend-firestore/src/common/domain/common.pattern.name.ts","statementMap":{"0":{"start":{"line":1,"column":0},"end":{"line":1,"column":57}},"1":{"start":{"line":3,"column":28},"end":{"line":9,"column":1}},"2":{"start":{"line":5,"column":4},"end":{"line":5,"column":114}},"3":{"start":{"line":6,"column":2},"end":{"line":8,"column":null}},"4":{"start":{"line":7,"column":4},"end":{"line":7,"column":81}},"5":{"start":{"line":3,"column":13},"end":{"line":3,"column":28}}},"fnMap":{"0":{"name":"(anonymous_0)","decl":{"start":{"line":3,"column":28},"end":{"line":3,"column":29}},"loc":{"start":{"line":3,"column":45},"end":{"line":9,"column":1}}}},"branchMap":{"0":{"loc":{"start":{"line":6,"column":2},"end":{"line":8,"column":null}},"type":"if","locations":[{"start":{"line":6,"column":2},"end":{"line":8,"column":null}}]}},"s":{"0":5,"1":5,"2":23,"3":23,"4":5,"5":5},"f":{"0":23},"b":{"0":[5]}}
,"/Users/rodrigobrezolin/Documents/pessoal/YGM-backend-firestore/src/common/domain/common.zodPatterns.ts": {"path":"/Users/rodrigobrezolin/Documents/pessoal/YGM-backend-firestore/src/common/domain/common.zodPatterns.ts","statementMap":{"0":{"start":{"line":1,"column":0},"end":{"line":1,"column":24}},"1":{"start":{"line":3,"column":13},"end":{"line":6,"column":10}},"2":{"start":{"line":8,"column":13},"end":{"line":10,"column":50}},"3":{"start":{"line":12,"column":13},"end":{"line":14,"column":3}},"4":{"start":{"line":16,"column":13},"end":{"line":16,"column":54}},"5":{"start":{"line":18,"column":13},"end":{"line":20,"column":58}},"6":{"start":{"line":22,"column":13},"end":{"line":24,"column":3}},"7":{"start":{"line":26,"column":13},"end":{"line":28,"column":3}},"8":{"start":{"line":30,"column":13},"end":{"line":32,"column":3}},"9":{"start":{"line":34,"column":13},"end":{"line":36,"column":14}},"10":{"start":{"line":38,"column":13},"end":{"line":40,"column":14}},"11":{"start":{"line":42,"column":13},"end":{"line":44,"column":14}},"12":{"start":{"line":46,"column":13},"end":{"line":53,"column":14}},"13":{"start":{"line":55,"column":13},"end":{"line":55,"column":48}},"14":{"start":{"line":57,"column":13},"end":{"line":59,"column":3}}},"fnMap":{},"branchMap":{},"s":{"0":3,"1":3,"2":3,"3":3,"4":3,"5":3,"6":3,"7":3,"8":3,"9":3,"10":3,"11":3,"12":3,"13":3,"14":3},"f":{},"b":{}}
,"/Users/rodrigobrezolin/Documents/pessoal/YGM-backend-firestore/src/common/utils/common.utils.capitilizeName.ts": {"path":"/Users/rodrigobrezolin/Documents/pessoal/YGM-backend-firestore/src/common/utils/common.utils.capitilizeName.ts","statementMap":{"0":{"start":{"line":1,"column":37},"end":{"line":3,"column":1}},"1":{"start":{"line":2,"column":2},"end":{"line":2,"column":74}},"2":{"start":{"line":2,"column":54},"end":{"line":2,"column":72}},"3":{"start":{"line":1,"column":13},"end":{"line":1,"column":37}}},"fnMap":{"0":{"name":"(anonymous_0)","decl":{"start":{"line":1,"column":37},"end":{"line":1,"column":38}},"loc":{"start":{"line":1,"column":52},"end":{"line":3,"column":1}}},"1":{"name":"(anonymous_1)","decl":{"start":{"line":2,"column":44},"end":{"line":2,"column":45}},"loc":{"start":{"line":2,"column":54},"end":{"line":2,"column":72}}}},"branchMap":{},"s":{"0":1,"1":1,"2":1,"3":1},"f":{"0":1,"1":1},"b":{}}
,"/Users/rodrigobrezolin/Documents/pessoal/YGM-backend-firestore/src/modules/auth/business/auth.Business.ts": {"path":"/Users/rodrigobrezolin/Documents/pessoal/YGM-backend-firestore/src/modules/auth/business/auth.Business.ts","statementMap":{"0":{"start":{"line":3,"column":0},"end":{"line":3,"column":90}},"1":{"start":{"line":4,"column":0},"end":{"line":4,"column":45}},"2":{"start":{"line":13,"column":12},"end":{"line":13,"column":34}},"3":{"start":{"line":14,"column":12},"end":{"line":14,"column":39}},"4":{"start":{"line":15,"column":12},"end":{"line":15,"column":45}},"5":{"start":{"line":19,"column":20},"end":{"line":19,"column":50}},"6":{"start":{"line":20,"column":4},"end":{"line":20,"column":52}},"7":{"start":{"line":24,"column":26},"end":{"line":24,"column":31}},"8":{"start":{"line":25,"column":24},"end":{"line":25,"column":60}},"9":{"start":{"line":27,"column":20},"end":{"line":31,"column":6}},"10":{"start":{"line":32,"column":5},"end":{"line":32,"column":43}},"11":{"start":{"line":33,"column":4},"end":{"line":33,"column":null}},"12":{"start":{"line":37,"column":4},"end":{"line":37,"column":49}},"13":{"start":{"line":41,"column":4},"end":{"line":41,"column":37}},"14":{"start":{"line":42,"column":4},"end":{"line":42,"column":null}},"15":{"start":{"line":46,"column":17},"end":{"line":46,"column":47}},"16":{"start":{"line":47,"column":19},"end":{"line":47,"column":34}},"17":{"start":{"line":48,"column":4},"end":{"line":48,"column":null}},"18":{"start":{"line":52,"column":23},"end":{"line":52,"column":62}},"19":{"start":{"line":53,"column":4},"end":{"line":53,"column":69}},"20":{"start":{"line":11,"column":0},"end":{"line":11,"column":13}}},"fnMap":{"0":{"name":"(anonymous_7)","decl":{"start":{"line":12,"column":2},"end":{"line":12,"column":null}},"loc":{"start":{"line":15,"column":45},"end":{"line":16,"column":6}}},"1":{"name":"(anonymous_8)","decl":{"start":{"line":18,"column":15},"end":{"line":18,"column":20}},"loc":{"start":{"line":18,"column":40},"end":{"line":21,"column":null}}},"2":{"name":"(anonymous_10)","decl":{"start":{"line":23,"column":15},"end":{"line":23,"column":21}},"loc":{"start":{"line":23,"column":38},"end":{"line":34,"column":null}}},"3":{"name":"(anonymous_12)","decl":{"start":{"line":36,"column":15},"end":{"line":36,"column":32}},"loc":{"start":{"line":36,"column":32},"end":{"line":38,"column":null}}},"4":{"name":"(anonymous_14)","decl":{"start":{"line":40,"column":15},"end":{"line":40,"column":25}},"loc":{"start":{"line":40,"column":39},"end":{"line":43,"column":null}}},"5":{"name":"(anonymous_16)","decl":{"start":{"line":45,"column":15},"end":{"line":45,"column":29}},"loc":{"start":{"line":45,"column":43},"end":{"line":49,"column":null}}},"6":{"name":"(anonymous_18)","decl":{"start":{"line":51,"column":15},"end":{"line":51,"column":33}},"loc":{"start":{"line":51,"column":53},"end":{"line":54,"column":null}}}},"branchMap":{},"s":{"0":1,"1":1,"2":1,"3":1,"4":1,"5":1,"6":1,"7":1,"8":1,"9":1,"10":1,"11":1,"12":1,"13":1,"14":1,"15":1,"16":1,"17":1,"18":2,"19":2,"20":1},"f":{"0":1,"1":1,"2":1,"3":1,"4":1,"5":1,"6":2},"b":{}}
,"/Users/rodrigobrezolin/Documents/pessoal/YGM-backend-firestore/src/modules/auth/controller/auth.Controller.ts": {"path":"/Users/rodrigobrezolin/Documents/pessoal/YGM-backend-firestore/src/modules/auth/controller/auth.Controller.ts","statementMap":{"0":{"start":{"line":2,"column":0},"end":{"line":2,"column":64}},"1":{"start":{"line":4,"column":0},"end":{"line":4,"column":60}},"2":{"start":{"line":5,"column":0},"end":{"line":5,"column":60}},"3":{"start":{"line":6,"column":0},"end":{"line":6,"column":62}},"4":{"start":{"line":9,"column":22},"end":{"line":9,"column":48}},"5":{"start":{"line":12,"column":18},"end":{"line":12,"column":71}},"6":{"start":{"line":13,"column":18},"end":{"line":13,"column":54}},"7":{"start":{"line":14,"column":4},"end":{"line":14,"column":36}},"8":{"start":{"line":18,"column":18},"end":{"line":21,"column":6}},"9":{"start":{"line":22,"column":18},"end":{"line":22,"column":55}},"10":{"start":{"line":23,"column":4},"end":{"line":23,"column":36}},"11":{"start":{"line":27,"column":19},"end":{"line":27,"column":62}},"12":{"start":{"line":28,"column":4},"end":{"line":28,"column":35}},"13":{"start":{"line":32,"column":18},"end":{"line":32,"column":55}},"14":{"start":{"line":33,"column":4},"end":{"line":33,"column":46}},"15":{"start":{"line":34,"column":4},"end":{"line":34,"column":58}},"16":{"start":{"line":38,"column":18},"end":{"line":38,"column":55}},"17":{"start":{"line":39,"column":4},"end":{"line":39,"column":50}},"18":{"start":{"line":40,"column":4},"end":{"line":40,"column":67}},"19":{"start":{"line":44,"column":18},"end":{"line":44,"column":62}},"20":{"start":{"line":45,"column":4},"end":{"line":45,"column":54}},"21":{"start":{"line":46,"column":4},"end":{"line":46,"column":67}},"22":{"start":{"line":8,"column":0},"end":{"line":8,"column":13}}},"fnMap":{"0":{"name":"(anonymous_7)","decl":{"start":{"line":9,"column":2},"end":{"line":9,"column":22}},"loc":{"start":{"line":9,"column":48},"end":{"line":9,"column":52}}},"1":{"name":"(anonymous_8)","decl":{"start":{"line":11,"column":15},"end":{"line":11,"column":20}},"loc":{"start":{"line":11,"column":48},"end":{"line":15,"column":null}}},"2":{"name":"(anonymous_10)","decl":{"start":{"line":17,"column":15},"end":{"line":17,"column":21}},"loc":{"start":{"line":17,"column":49},"end":{"line":24,"column":null}}},"3":{"name":"(anonymous_12)","decl":{"start":{"line":26,"column":15},"end":{"line":26,"column":32}},"loc":{"start":{"line":26,"column":60},"end":{"line":29,"column":null}}},"4":{"name":"(anonymous_14)","decl":{"start":{"line":31,"column":15},"end":{"line":31,"column":25}},"loc":{"start":{"line":31,"column":53},"end":{"line":35,"column":null}}},"5":{"name":"(anonymous_16)","decl":{"start":{"line":37,"column":15},"end":{"line":37,"column":29}},"loc":{"start":{"line":37,"column":57},"end":{"line":41,"column":null}}},"6":{"name":"(anonymous_18)","decl":{"start":{"line":43,"column":15},"end":{"line":43,"column":33}},"loc":{"start":{"line":43,"column":61},"end":{"line":47,"column":null}}}},"branchMap":{},"s":{"0":1,"1":1,"2":1,"3":1,"4":1,"5":1,"6":1,"7":1,"8":1,"9":1,"10":1,"11":1,"12":1,"13":1,"14":1,"15":1,"16":1,"17":1,"18":1,"19":1,"20":1,"21":1,"22":1},"f":{"0":1,"1":1,"2":1,"3":1,"4":1,"5":1,"6":1},"b":{}}
,"/Users/rodrigobrezolin/Documents/pessoal/YGM-backend-firestore/src/modules/auth/database/auth.Database.ts": {"path":"/Users/rodrigobrezolin/Documents/pessoal/YGM-backend-firestore/src/modules/auth/database/auth.Database.ts","statementMap":{"0":{"start":{"line":2,"column":0},"end":{"line":2,"column":45}},"1":{"start":{"line":3,"column":0},"end":{"line":3,"column":69}},"2":{"start":{"line":5,"column":0},"end":{"line":5,"column":64}},"3":{"start":{"line":8,"column":2},"end":{"line":8,"column":27}},"4":{"start":{"line":11,"column":20},"end":{"line":11,"column":49}},"5":{"start":{"line":12,"column":19},"end":{"line":12,"column":43}},"6":{"start":{"line":13,"column":6},"end":{"line":15,"column":null}},"7":{"start":{"line":14,"column":8},"end":{"line":14,"column":null}},"8":{"start":{"line":16,"column":6},"end":{"line":16,"column":40}},"9":{"start":{"line":20,"column":28},"end":{"line":20,"column":72}},"10":{"start":{"line":21,"column":6},"end":{"line":21,"column":null}},"11":{"start":{"line":25,"column":6},"end":{"line":25,"column":45}},"12":{"start":{"line":29,"column":4},"end":{"line":29,"column":51}},"13":{"start":{"line":33,"column":17},"end":{"line":33,"column":41}},"14":{"start":{"line":34,"column":4},"end":{"line":36,"column":null}},"15":{"start":{"line":35,"column":6},"end":{"line":35,"column":36}},"16":{"start":{"line":37,"column":4},"end":{"line":37,"column":null}},"17":{"start":{"line":41,"column":17},"end":{"line":41,"column":75}},"18":{"start":{"line":42,"column":4},"end":{"line":42,"column":60}},"19":{"start":{"line":42,"column":34},"end":{"line":42,"column":58}},"20":{"start":{"line":46,"column":4},"end":{"line":46,"column":27}},"21":{"start":{"line":47,"column":4},"end":{"line":47,"column":null}},"22":{"start":{"line":48,"column":4},"end":{"line":48,"column":null}},"23":{"start":{"line":53,"column":22},"end":{"line":54,"column":null}},"24":{"start":{"line":56,"column":4},"end":{"line":56,"column":22}},"25":{"start":{"line":60,"column":4},"end":{"line":60,"column":61}},"26":{"start":{"line":64,"column":4},"end":{"line":69,"column":6}},"27":{"start":{"line":74,"column":4},"end":{"line":74,"column":74}},"28":{"start":{"line":78,"column":4},"end":{"line":84,"column":9}},"29":{"start":{"line":83,"column":8},"end":{"line":83,"column":48}},"30":{"start":{"line":83,"column":30},"end":{"line":83,"column":46}},"31":{"start":{"line":7,"column":0},"end":{"line":7,"column":13}}},"fnMap":{"0":{"name":"(anonymous_7)","decl":{"start":{"line":7,"column":0},"end":{"line":7,"column":13}},"loc":{"start":{"line":7,"column":0},"end":{"line":86,"column":1}}},"1":{"name":"(anonymous_8)","decl":{"start":{"line":10,"column":15},"end":{"line":10,"column":20}},"loc":{"start":{"line":10,"column":34},"end":{"line":17,"column":null}}},"2":{"name":"(anonymous_11)","decl":{"start":{"line":19,"column":17},"end":{"line":19,"column":28}},"loc":{"start":{"line":19,"column":42},"end":{"line":22,"column":null}}},"3":{"name":"(anonymous_13)","decl":{"start":{"line":24,"column":17},"end":{"line":24,"column":30}},"loc":{"start":{"line":24,"column":41},"end":{"line":26,"column":null}}},"4":{"name":"(anonymous_15)","decl":{"start":{"line":28,"column":15},"end":{"line":28,"column":25}},"loc":{"start":{"line":28,"column":36},"end":{"line":30,"column":null}}},"5":{"name":"(anonymous_18)","decl":{"start":{"line":32,"column":15},"end":{"line":32,"column":23}},"loc":{"start":{"line":32,"column":34},"end":{"line":38,"column":null}}},"6":{"name":"(anonymous_21)","decl":{"start":{"line":40,"column":15},"end":{"line":40,"column":32}},"loc":{"start":{"line":40,"column":32},"end":{"line":43,"column":null}}},"7":{"name":"(anonymous_23)","decl":{"start":{"line":42,"column":25},"end":{"line":42,"column":26}},"loc":{"start":{"line":42,"column":34},"end":{"line":42,"column":58}}},"8":{"name":"(anonymous_24)","decl":{"start":{"line":45,"column":15},"end":{"line":45,"column":25}},"loc":{"start":{"line":45,"column":36},"end":{"line":49,"column":null}}},"9":{"name":"(anonymous_27)","decl":{"start":{"line":52,"column":15},"end":{"line":52,"column":29}},"loc":{"start":{"line":52,"column":43},"end":{"line":57,"column":null}}},"10":{"name":"(anonymous_29)","decl":{"start":{"line":59,"column":15},"end":{"line":59,"column":25}},"loc":{"start":{"line":59,"column":36},"end":{"line":61,"column":null}}},"11":{"name":"(anonymous_31)","decl":{"start":{"line":63,"column":10},"end":{"line":63,"column":25}},"loc":{"start":{"line":63,"column":36},"end":{"line":70,"column":3}}},"12":{"name":"(anonymous_32)","decl":{"start":{"line":72,"column":16},"end":{"line":72,"column":34}},"loc":{"start":{"line":72,"column":45},"end":{"line":75,"column":null}}},"13":{"name":"(anonymous_34)","decl":{"start":{"line":76,"column":16},"end":{"line":76,"column":34}},"loc":{"start":{"line":76,"column":45},"end":{"line":85,"column":null}}},"14":{"name":"(anonymous_36)","decl":{"start":{"line":82,"column":12},"end":{"line":82,"column":13}},"loc":{"start":{"line":82,"column":21},"end":{"line":84,"column":7}}},"15":{"name":"(anonymous_37)","decl":{"start":{"line":83,"column":21},"end":{"line":83,"column":22}},"loc":{"start":{"line":83,"column":30},"end":{"line":83,"column":46}}}},"branchMap":{"0":{"loc":{"start":{"line":13,"column":6},"end":{"line":15,"column":null}},"type":"if","locations":[{"start":{"line":13,"column":6},"end":{"line":15,"column":null}}]},"1":{"loc":{"start":{"line":34,"column":4},"end":{"line":36,"column":null}},"type":"if","locations":[{"start":{"line":34,"column":4},"end":{"line":36,"column":null}}]}},"s":{"0":1,"1":1,"2":1,"3":1,"4":0,"5":0,"6":0,"7":0,"8":0,"9":0,"10":0,"11":0,"12":1,"13":3,"14":3,"15":1,"16":2,"17":1,"18":1,"19":2,"20":1,"21":1,"22":1,"23":0,"24":0,"25":1,"26":1,"27":1,"28":1,"29":1,"30":0,"31":1},"f":{"0":1,"1":0,"2":0,"3":0,"4":1,"5":3,"6":1,"7":2,"8":1,"9":0,"10":1,"11":1,"12":1,"13":1,"14":1,"15":0},"b":{"0":[0],"1":[1]}}
,"/Users/rodrigobrezolin/Documents/pessoal/YGM-backend-firestore/src/modules/auth/domain/auth.Entity.ts": {"path":"/Users/rodrigobrezolin/Documents/pessoal/YGM-backend-firestore/src/modules/auth/domain/auth.Entity.ts","statementMap":{"0":{"start":{"line":1,"column":0},"end":{"line":1,"column":74}},"1":{"start":{"line":5,"column":12},"end":{"line":5,"column":25}},"2":{"start":{"line":6,"column":12},"end":{"line":6,"column":25}},"3":{"start":{"line":7,"column":12},"end":{"line":7,"column":23}},"4":{"start":{"line":8,"column":12},"end":{"line":8,"column":29}},"5":{"start":{"line":9,"column":12},"end":{"line":9,"column":30}},"6":{"start":{"line":11,"column":4},"end":{"line":11,"column":21}},"7":{"start":{"line":15,"column":4},"end":{"line":15,"column":36}},"8":{"start":{"line":19,"column":4},"end":{"line":19,"column":40}},"9":{"start":{"line":23,"column":4},"end":{"line":23,"column":22}},"10":{"start":{"line":27,"column":4},"end":{"line":27,"column":23}},"11":{"start":{"line":30,"column":4},"end":{"line":32,"column":null}},"12":{"start":{"line":31,"column":6},"end":{"line":31,"column":30}},"13":{"start":{"line":36,"column":4},"end":{"line":42,"column":6}},"14":{"start":{"line":3,"column":0},"end":{"line":3,"column":13}}},"fnMap":{"0":{"name":"(anonymous_0)","decl":{"start":{"line":4,"column":2},"end":{"line":4,"column":null}},"loc":{"start":{"line":9,"column":35},"end":{"line":12,"column":3}}},"1":{"name":"(anonymous_1)","decl":{"start":{"line":14,"column":9},"end":{"line":14,"column":14}},"loc":{"start":{"line":14,"column":14},"end":{"line":16,"column":3}}},"2":{"name":"(anonymous_2)","decl":{"start":{"line":18,"column":9},"end":{"line":18,"column":16}},"loc":{"start":{"line":18,"column":16},"end":{"line":20,"column":3}}},"3":{"name":"(anonymous_3)","decl":{"start":{"line":22,"column":9},"end":{"line":22,"column":17}},"loc":{"start":{"line":22,"column":17},"end":{"line":24,"column":3}}},"4":{"name":"(anonymous_4)","decl":{"start":{"line":26,"column":9},"end":{"line":26,"column":18}},"loc":{"start":{"line":26,"column":18},"end":{"line":28,"column":3}}},"5":{"name":"(anonymous_5)","decl":{"start":{"line":29,"column":9},"end":{"line":29,"column":18}},"loc":{"start":{"line":29,"column":18},"end":{"line":33,"column":3}}},"6":{"name":"(anonymous_6)","decl":{"start":{"line":35,"column":9},"end":{"line":35,"column":15}},"loc":{"start":{"line":35,"column":31},"end":{"line":43,"column":3}}}},"branchMap":{"0":{"loc":{"start":{"line":8,"column":12},"end":{"line":8,"column":34}},"type":"default-arg","locations":[{"start":{"line":8,"column":29},"end":{"line":8,"column":34}}]},"1":{"loc":{"start":{"line":9,"column":12},"end":{"line":9,"column":35}},"type":"default-arg","locations":[{"start":{"line":9,"column":30},"end":{"line":9,"column":35}}]},"2":{"loc":{"start":{"line":15,"column":11},"end":{"line":15,"column":35}},"type":"cond-expr","locations":[{"start":{"line":15,"column":21},"end":{"line":15,"column":28}},{"start":{"line":15,"column":31},"end":{"line":15,"column":35}}]},"3":{"loc":{"start":{"line":19,"column":11},"end":{"line":19,"column":39}},"type":"cond-expr","locations":[{"start":{"line":19,"column":23},"end":{"line":19,"column":32}},{"start":{"line":19,"column":35},"end":{"line":19,"column":39}}]},"4":{"loc":{"start":{"line":30,"column":4},"end":{"line":32,"column":null}},"type":"if","locations":[{"start":{"line":30,"column":4},"end":{"line":32,"column":null}}]}},"s":{"0":4,"1":13,"2":13,"3":13,"4":13,"5":13,"6":13,"7":2,"8":3,"9":4,"10":1,"11":13,"12":12,"13":12,"14":4},"f":{"0":13,"1":2,"2":3,"3":4,"4":1,"5":13,"6":12},"b":{"0":[5],"1":[6],"2":[2,0],"3":[3,0],"4":[12]}}
,"/Users/rodrigobrezolin/Documents/pessoal/YGM-backend-firestore/src/modules/auth/domain/DTOs/auth.email.dto.ts": {"path":"/Users/rodrigobrezolin/Documents/pessoal/YGM-backend-firestore/src/modules/auth/domain/DTOs/auth.email.dto.ts","statementMap":{"0":{"start":{"line":1,"column":0},"end":{"line":1,"column":19}},"1":{"start":{"line":2,"column":0},"end":{"line":2,"column":71}},"2":{"start":{"line":8,"column":13},"end":{"line":10,"column":null}},"3":{"start":{"line":10,"column":22},"end":{"line":10,"column":38}}},"fnMap":{"0":{"name":"(anonymous_1)","decl":{"start":{"line":10,"column":14},"end":{"line":10,"column":18}},"loc":{"start":{"line":10,"column":22},"end":{"line":10,"column":38}}}},"branchMap":{},"s":{"0":1,"1":1,"2":1,"3":1},"f":{"0":1},"b":{}}
,"/Users/rodrigobrezolin/Documents/pessoal/YGM-backend-firestore/src/modules/auth/domain/DTOs/auth.login.dto.ts": {"path":"/Users/rodrigobrezolin/Documents/pessoal/YGM-backend-firestore/src/modules/auth/domain/DTOs/auth.login.dto.ts","statementMap":{"0":{"start":{"line":1,"column":0},"end":{"line":1,"column":19}},"1":{"start":{"line":2,"column":0},"end":{"line":2,"column":72}},"2":{"start":{"line":8,"column":13},"end":{"line":11,"column":null}},"3":{"start":{"line":11,"column":22},"end":{"line":11,"column":38}}},"fnMap":{"0":{"name":"(anonymous_1)","decl":{"start":{"line":11,"column":14},"end":{"line":11,"column":18}},"loc":{"start":{"line":11,"column":22},"end":{"line":11,"column":38}}}},"branchMap":{},"s":{"0":1,"1":1,"2":1,"3":1},"f":{"0":1},"b":{}}
,"/Users/rodrigobrezolin/Documents/pessoal/YGM-backend-firestore/src/modules/auth/domain/DTOs/auth.signup.dto.ts": {"path":"/Users/rodrigobrezolin/Documents/pessoal/YGM-backend-firestore/src/modules/auth/domain/DTOs/auth.signup.dto.ts","statementMap":{"0":{"start":{"line":1,"column":0},"end":{"line":1,"column":19}},"1":{"start":{"line":2,"column":0},"end":{"line":2,"column":81}},"2":{"start":{"line":9,"column":13},"end":{"line":12,"column":null}},"3":{"start":{"line":12,"column":22},"end":{"line":12,"column":39}}},"fnMap":{"0":{"name":"(anonymous_1)","decl":{"start":{"line":12,"column":14},"end":{"line":12,"column":18}},"loc":{"start":{"line":12,"column":22},"end":{"line":12,"column":39}}}},"branchMap":{},"s":{"0":1,"1":1,"2":1,"3":1},"f":{"0":1},"b":{}}
,"/Users/rodrigobrezolin/Documents/pessoal/YGM-backend-firestore/src/modules/plans/business/plan.Business.ts": {"path":"/Users/rodrigobrezolin/Documents/pessoal/YGM-backend-firestore/src/modules/plans/business/plan.Business.ts","statementMap":{"0":{"start":{"line":1,"column":0},"end":{"line":1,"column":70}},"1":{"start":{"line":2,"column":0},"end":{"line":2,"column":64}},"2":{"start":{"line":6,"column":0},"end":{"line":6,"column":57}},"3":{"start":{"line":8,"column":0},"end":{"line":8,"column":52}},"4":{"start":{"line":11,"column":22},"end":{"line":11,"column":44}},"5":{"start":{"line":14,"column":4},"end":{"line":14,"column":41}},"6":{"start":{"line":18,"column":49},"end":{"line":18,"column":54}},"7":{"start":{"line":19,"column":16},"end":{"line":19,"column":38}},"8":{"start":{"line":21,"column":26},"end":{"line":21,"column":56}},"9":{"start":{"line":22,"column":4},"end":{"line":24,"column":null}},"10":{"start":{"line":23,"column":6},"end":{"line":23,"column":52}},"11":{"start":{"line":26,"column":17},"end":{"line":33,"column":6}},"12":{"start":{"line":34,"column":4},"end":{"line":34,"column":39}},"13":{"start":{"line":38,"column":35},"end":{"line":38,"column":40}},"14":{"start":{"line":39,"column":17},"end":{"line":39,"column":47}},"15":{"start":{"line":41,"column":4},"end":{"line":43,"column":null}},"16":{"start":{"line":42,"column":6},"end":{"line":42,"column":null}},"17":{"start":{"line":45,"column":4},"end":{"line":47,"column":null}},"18":{"start":{"line":46,"column":6},"end":{"line":46,"column":72}},"19":{"start":{"line":49,"column":4},"end":{"line":49,"column":59}},"20":{"start":{"line":50,"column":4},"end":{"line":50,"column":37}},"21":{"start":{"line":54,"column":4},"end":{"line":54,"column":37}},"22":{"start":{"line":10,"column":0},"end":{"line":10,"column":13}}},"fnMap":{"0":{"name":"(anonymous_7)","decl":{"start":{"line":11,"column":2},"end":{"line":11,"column":22}},"loc":{"start":{"line":11,"column":44},"end":{"line":11,"column":48}}},"1":{"name":"(anonymous_8)","decl":{"start":{"line":13,"column":15},"end":{"line":13,"column":24}},"loc":{"start":{"line":13,"column":24},"end":{"line":15,"column":null}}},"2":{"name":"(anonymous_10)","decl":{"start":{"line":17,"column":15},"end":{"line":17,"column":25}},"loc":{"start":{"line":17,"column":46},"end":{"line":35,"column":null}}},"3":{"name":"(anonymous_12)","decl":{"start":{"line":37,"column":15},"end":{"line":37,"column":23}},"loc":{"start":{"line":37,"column":42},"end":{"line":51,"column":null}}},"4":{"name":"(anonymous_14)","decl":{"start":{"line":53,"column":15},"end":{"line":53,"column":25}},"loc":{"start":{"line":53,"column":39},"end":{"line":55,"column":null}}}},"branchMap":{"0":{"loc":{"start":{"line":22,"column":4},"end":{"line":24,"column":null}},"type":"if","locations":[{"start":{"line":22,"column":4},"end":{"line":24,"column":null}}]},"1":{"loc":{"start":{"line":41,"column":4},"end":{"line":43,"column":null}},"type":"if","locations":[{"start":{"line":41,"column":4},"end":{"line":43,"column":null}}]},"2":{"loc":{"start":{"line":45,"column":4},"end":{"line":47,"column":null}},"type":"if","locations":[{"start":{"line":45,"column":4},"end":{"line":47,"column":null}}]}},"s":{"0":1,"1":1,"2":1,"3":1,"4":1,"5":1,"6":2,"7":2,"8":2,"9":2,"10":1,"11":1,"12":1,"13":3,"14":3,"15":3,"16":1,"17":2,"18":1,"19":1,"20":1,"21":1,"22":1},"f":{"0":1,"1":1,"2":2,"3":3,"4":1},"b":{"0":[1],"1":[1],"2":[1]}}
,"/Users/rodrigobrezolin/Documents/pessoal/YGM-backend-firestore/src/modules/plans/business/plan.utils.formatPrice.ts": {"path":"/Users/rodrigobrezolin/Documents/pessoal/YGM-backend-firestore/src/modules/plans/business/plan.utils.formatPrice.ts","statementMap":{"0":{"start":{"line":1,"column":27},"end":{"line":1,"column":104}},"1":{"start":{"line":1,"column":62},"end":{"line":1,"column":104}},"2":{"start":{"line":1,"column":13},"end":{"line":1,"column":27}}},"fnMap":{"0":{"name":"(anonymous_0)","decl":{"start":{"line":1,"column":27},"end":{"line":1,"column":28}},"loc":{"start":{"line":1,"column":62},"end":{"line":1,"column":104}}}},"branchMap":{},"s":{"0":1,"1":2,"2":1},"f":{"0":2},"b":{}}
,"/Users/rodrigobrezolin/Documents/pessoal/YGM-backend-firestore/src/modules/plans/controller/plan.Controller.ts": {"path":"/Users/rodrigobrezolin/Documents/pessoal/YGM-backend-firestore/src/modules/plans/controller/plan.Controller.ts","statementMap":{"0":{"start":{"line":2,"column":0},"end":{"line":2,"column":64}},"1":{"start":{"line":4,"column":0},"end":{"line":4,"column":70}},"2":{"start":{"line":5,"column":0},"end":{"line":5,"column":66}},"3":{"start":{"line":8,"column":22},"end":{"line":8,"column":48}},"4":{"start":{"line":11,"column":19},"end":{"line":11,"column":54}},"5":{"start":{"line":12,"column":4},"end":{"line":12,"column":35}},"6":{"start":{"line":16,"column":18},"end":{"line":22,"column":6}},"7":{"start":{"line":23,"column":4},"end":{"line":23,"column":46}},"8":{"start":{"line":24,"column":4},"end":{"line":24,"column":66}},"9":{"start":{"line":28,"column":18},"end":{"line":31,"column":6}},"10":{"start":{"line":32,"column":4},"end":{"line":32,"column":44}},"11":{"start":{"line":33,"column":4},"end":{"line":33,"column":68}},"12":{"start":{"line":37,"column":18},"end":{"line":37,"column":55}},"13":{"start":{"line":38,"column":4},"end":{"line":38,"column":46}},"14":{"start":{"line":39,"column":4},"end":{"line":39,"column":68}},"15":{"start":{"line":7,"column":0},"end":{"line":7,"column":13}}},"fnMap":{"0":{"name":"(anonymous_7)","decl":{"start":{"line":8,"column":2},"end":{"line":8,"column":22}},"loc":{"start":{"line":8,"column":48},"end":{"line":8,"column":52}}},"1":{"name":"(anonymous_8)","decl":{"start":{"line":10,"column":15},"end":{"line":10,"column":24}},"loc":{"start":{"line":10,"column":52},"end":{"line":13,"column":null}}},"2":{"name":"(anonymous_10)","decl":{"start":{"line":15,"column":15},"end":{"line":15,"column":25}},"loc":{"start":{"line":15,"column":53},"end":{"line":25,"column":null}}},"3":{"name":"(anonymous_12)","decl":{"start":{"line":27,"column":15},"end":{"line":27,"column":23}},"loc":{"start":{"line":27,"column":51},"end":{"line":34,"column":null}}},"4":{"name":"(anonymous_14)","decl":{"start":{"line":36,"column":15},"end":{"line":36,"column":25}},"loc":{"start":{"line":36,"column":53},"end":{"line":40,"column":null}}}},"branchMap":{},"s":{"0":1,"1":1,"2":1,"3":1,"4":1,"5":1,"6":1,"7":1,"8":1,"9":1,"10":1,"11":1,"12":1,"13":1,"14":1,"15":1},"f":{"0":1,"1":1,"2":1,"3":1,"4":1},"b":{}}
,"/Users/rodrigobrezolin/Documents/pessoal/YGM-backend-firestore/src/modules/plans/database/plan.Database.ts": {"path":"/Users/rodrigobrezolin/Documents/pessoal/YGM-backend-firestore/src/modules/plans/database/plan.Database.ts","statementMap":{"0":{"start":{"line":2,"column":0},"end":{"line":2,"column":57}},"1":{"start":{"line":3,"column":0},"end":{"line":3,"column":69}},"2":{"start":{"line":4,"column":0},"end":{"line":4,"column":64}},"3":{"start":{"line":8,"column":2},"end":{"line":8,"column":27}},"4":{"start":{"line":11,"column":21},"end":{"line":11,"column":42}},"5":{"start":{"line":12,"column":4},"end":{"line":12,"column":62}},"6":{"start":{"line":12,"column":39},"end":{"line":12,"column":60}},"7":{"start":{"line":16,"column":17},"end":{"line":16,"column":41}},"8":{"start":{"line":17,"column":4},"end":{"line":19,"column":null}},"9":{"start":{"line":18,"column":6},"end":{"line":18,"column":null}},"10":{"start":{"line":21,"column":4},"end":{"line":21,"column":null}},"11":{"start":{"line":25,"column":4},"end":{"line":25,"column":51}},"12":{"start":{"line":29,"column":4},"end":{"line":29,"column":49}},"13":{"start":{"line":33,"column":4},"end":{"line":33,"column":27}},"14":{"start":{"line":37,"column":4},"end":{"line":44,"column":6}},"15":{"start":{"line":48,"column":4},"end":{"line":48,"column":84}},"16":{"start":{"line":6,"column":0},"end":{"line":6,"column":13}}},"fnMap":{"0":{"name":"(anonymous_7)","decl":{"start":{"line":6,"column":0},"end":{"line":6,"column":13}},"loc":{"start":{"line":6,"column":0},"end":{"line":51,"column":1}}},"1":{"name":"(anonymous_8)","decl":{"start":{"line":10,"column":15},"end":{"line":10,"column":24}},"loc":{"start":{"line":10,"column":24},"end":{"line":13,"column":null}}},"2":{"name":"(anonymous_11)","decl":{"start":{"line":12,"column":24},"end":{"line":12,"column":25}},"loc":{"start":{"line":12,"column":39},"end":{"line":12,"column":60}}},"3":{"name":"(anonymous_12)","decl":{"start":{"line":15,"column":15},"end":{"line":15,"column":23}},"loc":{"start":{"line":15,"column":34},"end":{"line":22,"column":null}}},"4":{"name":"(anonymous_15)","decl":{"start":{"line":24,"column":15},"end":{"line":24,"column":25}},"loc":{"start":{"line":24,"column":36},"end":{"line":26,"column":null}}},"5":{"name":"(anonymous_18)","decl":{"start":{"line":28,"column":15},"end":{"line":28,"column":23}},"loc":{"start":{"line":28,"column":34},"end":{"line":30,"column":null}}},"6":{"name":"(anonymous_21)","decl":{"start":{"line":32,"column":15},"end":{"line":32,"column":25}},"loc":{"start":{"line":32,"column":36},"end":{"line":34,"column":null}}},"7":{"name":"(anonymous_24)","decl":{"start":{"line":36,"column":10},"end":{"line":36,"column":25}},"loc":{"start":{"line":36,"column":35},"end":{"line":45,"column":3}}},"8":{"name":"(anonymous_25)","decl":{"start":{"line":47,"column":10},"end":{"line":47,"column":20}},"loc":{"start":{"line":47,"column":30},"end":{"line":50,"column":3}}}},"branchMap":{"0":{"loc":{"start":{"line":17,"column":4},"end":{"line":19,"column":null}},"type":"if","locations":[{"start":{"line":17,"column":4},"end":{"line":19,"column":null}}]},"1":{"loc":{"start":{"line":48,"column":11},"end":{"line":48,"column":83}},"type":"cond-expr","locations":[{"start":{"line":48,"column":28},"end":{"line":48,"column":46}},{"start":{"line":48,"column":49},"end":{"line":48,"column":83}}]}},"s":{"0":1,"1":1,"2":1,"3":1,"4":1,"5":1,"6":2,"7":2,"8":2,"9":0,"10":2,"11":1,"12":2,"13":2,"14":2,"15":4,"16":1},"f":{"0":1,"1":1,"2":2,"3":2,"4":1,"5":2,"6":2,"7":2,"8":4},"b":{"0":[0],"1":[3,1]}}
,"/Users/rodrigobrezolin/Documents/pessoal/YGM-backend-firestore/src/modules/plans/domain/plan.Entity.ts": {"path":"/Users/rodrigobrezolin/Documents/pessoal/YGM-backend-firestore/src/modules/plans/domain/plan.Entity.ts","statementMap":{"0":{"start":{"line":1,"column":0},"end":{"line":1,"column":70}},"1":{"start":{"line":2,"column":0},"end":{"line":2,"column":69}},"2":{"start":{"line":6,"column":12},"end":{"line":6,"column":22}},"3":{"start":{"line":7,"column":12},"end":{"line":7,"column":22}},"4":{"start":{"line":8,"column":12},"end":{"line":8,"column":32}},"5":{"start":{"line":9,"column":12},"end":{"line":9,"column":36}},"6":{"start":{"line":10,"column":12},"end":{"line":10,"column":36}},"7":{"start":{"line":11,"column":12},"end":{"line":11,"column":34}},"8":{"start":{"line":13,"column":4},"end":{"line":13,"column":26}},"9":{"start":{"line":14,"column":4},"end":{"line":14,"column":21}},"10":{"start":{"line":18,"column":4},"end":{"line":18,"column":19}},"11":{"start":{"line":22,"column":4},"end":{"line":22,"column":21}},"12":{"start":{"line":26,"column":4},"end":{"line":26,"column":26}},"13":{"start":{"line":30,"column":4},"end":{"line":30,"column":33}},"14":{"start":{"line":34,"column":4},"end":{"line":34,"column":33}},"15":{"start":{"line":38,"column":4},"end":{"line":38,"column":31}},"16":{"start":{"line":42,"column":4},"end":{"line":42,"column":null}},"17":{"start":{"line":46,"column":4},"end":{"line":48,"column":null}},"18":{"start":{"line":47,"column":6},"end":{"line":47,"column":126}},"19":{"start":{"line":52,"column":4},"end":{"line":54,"column":null}},"20":{"start":{"line":53,"column":6},"end":{"line":53,"column":90}},"21":{"start":{"line":58,"column":4},"end":{"line":65,"column":6}},"22":{"start":{"line":4,"column":0},"end":{"line":4,"column":13}},"23":{"start":{"line":71,"column":22},"end":{"line":71,"column":32}},"24":{"start":{"line":71,"column":42},"end":{"line":71,"column":52}},"25":{"start":{"line":76,"column":4},"end":{"line":76,"column":19}},"26":{"start":{"line":70,"column":0},"end":{"line":70,"column":13}}},"fnMap":{"0":{"name":"(anonymous_0)","decl":{"start":{"line":5,"column":2},"end":{"line":5,"column":null}},"loc":{"start":{"line":11,"column":34},"end":{"line":15,"column":3}}},"1":{"name":"(anonymous_1)","decl":{"start":{"line":17,"column":9},"end":{"line":17,"column":14}},"loc":{"start":{"line":17,"column":14},"end":{"line":19,"column":3}}},"2":{"name":"(anonymous_2)","decl":{"start":{"line":21,"column":9},"end":{"line":21,"column":16}},"loc":{"start":{"line":21,"column":16},"end":{"line":23,"column":3}}},"3":{"name":"(anonymous_3)","decl":{"start":{"line":25,"column":9},"end":{"line":25,"column":21}},"loc":{"start":{"line":25,"column":21},"end":{"line":27,"column":3}}},"4":{"name":"(anonymous_4)","decl":{"start":{"line":29,"column":9},"end":{"line":29,"column":28}},"loc":{"start":{"line":29,"column":28},"end":{"line":31,"column":3}}},"5":{"name":"(anonymous_5)","decl":{"start":{"line":33,"column":9},"end":{"line":33,"column":28}},"loc":{"start":{"line":33,"column":28},"end":{"line":35,"column":3}}},"6":{"name":"(anonymous_6)","decl":{"start":{"line":37,"column":9},"end":{"line":37,"column":26}},"loc":{"start":{"line":37,"column":26},"end":{"line":39,"column":3}}},"7":{"name":"(anonymous_7)","decl":{"start":{"line":41,"column":9},"end":{"line":41,"column":26}},"loc":{"start":{"line":41,"column":40},"end":{"line":43,"column":3}}},"8":{"name":"(anonymous_8)","decl":{"start":{"line":45,"column":10},"end":{"line":45,"column":19}},"loc":{"start":{"line":45,"column":19},"end":{"line":49,"column":3}}},"9":{"name":"(anonymous_9)","decl":{"start":{"line":51,"column":10},"end":{"line":51,"column":24}},"loc":{"start":{"line":51,"column":24},"end":{"line":55,"column":3}}},"10":{"name":"(anonymous_10)","decl":{"start":{"line":57,"column":9},"end":{"line":57,"column":15}},"loc":{"start":{"line":57,"column":32},"end":{"line":66,"column":3}}},"11":{"name":"(anonymous_11)","decl":{"start":{"line":71,"column":2},"end":{"line":71,"column":22}},"loc":{"start":{"line":71,"column":52},"end":{"line":73,"column":3}}},"12":{"name":"(anonymous_12)","decl":{"start":{"line":75,"column":9},"end":{"line":75,"column":14}},"loc":{"start":{"line":75,"column":14},"end":{"line":77,"column":3}}}},"branchMap":{"0":{"loc":{"start":{"line":46,"column":4},"end":{"line":48,"column":null}},"type":"if","locations":[{"start":{"line":46,"column":4},"end":{"line":48,"column":null}}]},"1":{"loc":{"start":{"line":52,"column":4},"end":{"line":54,"column":null}},"type":"if","locations":[{"start":{"line":52,"column":4},"end":{"line":54,"column":null}}]}},"s":{"0":4,"1":4,"2":30,"3":30,"4":30,"5":30,"6":30,"7":30,"8":30,"9":26,"10":11,"11":3,"12":4,"13":3,"14":3,"15":4,"16":2,"17":26,"18":3,"19":30,"20":4,"21":30,"22":4,"23":4,"24":4,"25":3,"26":4},"f":{"0":30,"1":11,"2":3,"3":4,"4":3,"5":3,"6":4,"7":2,"8":26,"9":30,"10":30,"11":4,"12":3},"b":{"0":[3],"1":[4]}}
,"/Users/rodrigobrezolin/Documents/pessoal/YGM-backend-firestore/src/modules/plans/domain/DTOs/plan.createPlan.dto.ts": {"path":"/Users/rodrigobrezolin/Documents/pessoal/YGM-backend-firestore/src/modules/plans/domain/DTOs/plan.createPlan.dto.ts","statementMap":{"0":{"start":{"line":1,"column":0},"end":{"line":1,"column":19}},"1":{"start":{"line":2,"column":0},"end":{"line":2,"column":108}},"2":{"start":{"line":12,"column":13},"end":{"line":18,"column":null}},"3":{"start":{"line":18,"column":22},"end":{"line":18,"column":43}}},"fnMap":{"0":{"name":"(anonymous_1)","decl":{"start":{"line":18,"column":14},"end":{"line":18,"column":18}},"loc":{"start":{"line":18,"column":22},"end":{"line":18,"column":43}}}},"branchMap":{},"s":{"0":1,"1":1,"2":1,"3":1},"f":{"0":1},"b":{}}
,"/Users/rodrigobrezolin/Documents/pessoal/YGM-backend-firestore/src/modules/plans/domain/DTOs/plan.editPlan.dto.ts": {"path":"/Users/rodrigobrezolin/Documents/pessoal/YGM-backend-firestore/src/modules/plans/domain/DTOs/plan.editPlan.dto.ts","statementMap":{"0":{"start":{"line":2,"column":0},"end":{"line":2,"column":19}},"1":{"start":{"line":3,"column":0},"end":{"line":3,"column":84}},"2":{"start":{"line":10,"column":13},"end":{"line":13,"column":null}},"3":{"start":{"line":13,"column":22},"end":{"line":13,"column":41}}},"fnMap":{"0":{"name":"(anonymous_1)","decl":{"start":{"line":13,"column":14},"end":{"line":13,"column":18}},"loc":{"start":{"line":13,"column":22},"end":{"line":13,"column":41}}}},"branchMap":{},"s":{"0":1,"1":1,"2":1,"3":1},"f":{"0":1},"b":{}}
,"/Users/rodrigobrezolin/Documents/pessoal/YGM-backend-firestore/tests/modules/auth/mocks/auth.businessMock.ts": {"path":"/Users/rodrigobrezolin/Documents/pessoal/YGM-backend-firestore/tests/modules/auth/mocks/auth.businessMock.ts","statementMap":{"0":{"start":{"line":9,"column":0},"end":{"line":9,"column":43}},"1":{"start":{"line":15,"column":12},"end":{"line":15,"column":34}},"2":{"start":{"line":16,"column":12},"end":{"line":16,"column":39}},"3":{"start":{"line":17,"column":12},"end":{"line":17,"column":45}},"4":{"start":{"line":20,"column":9},"end":{"line":22,"column":4}},"5":{"start":{"line":21,"column":50},"end":{"line":21,"column":null}},"6":{"start":{"line":21,"column":51},"end":{"line":21,"column":null}},"7":{"start":{"line":24,"column":9},"end":{"line":24,"column":80}},"8":{"start":{"line":24,"column":70},"end":{"line":24,"column":79}},"9":{"start":{"line":24,"column":71},"end":{"line":24,"column":79}},"10":{"start":{"line":26,"column":9},"end":{"line":26,"column":78}},"11":{"start":{"line":26,"column":65},"end":{"line":26,"column":77}},"12":{"start":{"line":26,"column":66},"end":{"line":26,"column":77}},"13":{"start":{"line":28,"column":9},"end":{"line":28,"column":74}},"14":{"start":{"line":28,"column":69},"end":{"line":28,"column":73}},"15":{"start":{"line":30,"column":9},"end":{"line":30,"column":78}},"16":{"start":{"line":30,"column":73},"end":{"line":30,"column":77}},"17":{"start":{"line":32,"column":9},"end":{"line":34,"column":4}},"18":{"start":{"line":33,"column":49},"end":{"line":33,"column":null}},"19":{"start":{"line":13,"column":0},"end":{"line":13,"column":13}}},"fnMap":{"0":{"name":"(anonymous_7)","decl":{"start":{"line":14,"column":2},"end":{"line":14,"column":null}},"loc":{"start":{"line":17,"column":45},"end":{"line":18,"column":6}}},"1":{"name":"(anonymous_8)","decl":{"start":{"line":21,"column":4},"end":{"line":21,"column":11}},"loc":{"start":{"line":21,"column":50},"end":{"line":21,"column":null}}},"2":{"name":"(anonymous_9)","decl":{"start":{"line":21,"column":50},"end":{"line":21,"column":51}},"loc":{"start":{"line":21,"column":50},"end":{"line":21,"column":null}}},"3":{"name":"(anonymous_10)","decl":{"start":{"line":24,"column":26},"end":{"line":24,"column":33}},"loc":{"start":{"line":24,"column":70},"end":{"line":24,"column":79}}},"4":{"name":"(anonymous_11)","decl":{"start":{"line":24,"column":70},"end":{"line":24,"column":71}},"loc":{"start":{"line":24,"column":70},"end":{"line":24,"column":79}}},"5":{"name":"(anonymous_12)","decl":{"start":{"line":26,"column":37},"end":{"line":26,"column":63}},"loc":{"start":{"line":26,"column":65},"end":{"line":26,"column":77}}},"6":{"name":"(anonymous_13)","decl":{"start":{"line":26,"column":65},"end":{"line":26,"column":66}},"loc":{"start":{"line":26,"column":65},"end":{"line":26,"column":77}}},"7":{"name":"(anonymous_14)","decl":{"start":{"line":28,"column":30},"end":{"line":28,"column":37}},"loc":{"start":{"line":28,"column":69},"end":{"line":28,"column":73}}},"8":{"name":"(anonymous_15)","decl":{"start":{"line":28,"column":69},"end":{"line":28,"column":71}},"loc":{"start":{"line":28,"column":69},"end":{"line":28,"column":72}}},"9":{"name":"(anonymous_16)","decl":{"start":{"line":30,"column":34},"end":{"line":30,"column":41}},"loc":{"start":{"line":30,"column":73},"end":{"line":30,"column":77}}},"10":{"name":"(anonymous_17)","decl":{"start":{"line":30,"column":73},"end":{"line":30,"column":75}},"loc":{"start":{"line":30,"column":73},"end":{"line":30,"column":76}}},"11":{"name":"(anonymous_18)","decl":{"start":{"line":33,"column":4},"end":{"line":33,"column":11}},"loc":{"start":{"line":33,"column":49},"end":{"line":33,"column":null}}},"12":{"name":"(anonymous_19)","decl":{"start":{"line":33,"column":49},"end":{"line":33,"column":51}},"loc":{"start":{"line":33,"column":49},"end":{"line":33,"column":52}}}},"branchMap":{},"s":{"0":1,"1":1,"2":1,"3":1,"4":1,"5":1,"6":1,"7":1,"8":1,"9":1,"10":1,"11":1,"12":1,"13":1,"14":1,"15":1,"16":1,"17":1,"18":1,"19":1},"f":{"0":1,"1":1,"2":1,"3":1,"4":1,"5":1,"6":1,"7":1,"8":1,"9":1,"10":1,"11":1,"12":1},"b":{}}
,"/Users/rodrigobrezolin/Documents/pessoal/YGM-backend-firestore/tests/modules/auth/mocks/auth.database.mock.ts": {"path":"/Users/rodrigobrezolin/Documents/pessoal/YGM-backend-firestore/tests/modules/auth/mocks/auth.database.mock.ts","statementMap":{"0":{"start":{"line":4,"column":0},"end":{"line":4,"column":43}},"1":{"start":{"line":9,"column":2},"end":{"line":12,"column":null}},"2":{"start":{"line":10,"column":42},"end":{"line":12,"column":4}},"3":{"start":{"line":11,"column":6},"end":{"line":11,"column":42}},"4":{"start":{"line":13,"column":2},"end":{"line":17,"column":4}},"5":{"start":{"line":14,"column":70},"end":{"line":16,"column":null}},"6":{"start":{"line":15,"column":6},"end":{"line":15,"column":40}},"7":{"start":{"line":19,"column":2},"end":{"line":19,"column":null}},"8":{"start":{"line":19,"column":63},"end":{"line":19,"column":67}},"9":{"start":{"line":21,"column":2},"end":{"line":23,"column":5}},"10":{"start":{"line":21,"column":57},"end":{"line":23,"column":4}},"11":{"start":{"line":22,"column":4},"end":{"line":22,"column":20}},"12":{"start":{"line":24,"column":2},"end":{"line":26,"column":5}},"13":{"start":{"line":24,"column":58},"end":{"line":26,"column":4}},"14":{"start":{"line":25,"column":4},"end":{"line":25,"column":22}},"15":{"start":{"line":27,"column":2},"end":{"line":27,"column":64}},"16":{"start":{"line":27,"column":59},"end":{"line":27,"column":63}},"17":{"start":{"line":28,"column":2},"end":{"line":30,"column":5}},"18":{"start":{"line":28,"column":53},"end":{"line":30,"column":4}},"19":{"start":{"line":29,"column":4},"end":{"line":29,"column":37}},"20":{"start":{"line":31,"column":2},"end":{"line":31,"column":64}},"21":{"start":{"line":31,"column":59},"end":{"line":31,"column":63}},"22":{"start":{"line":32,"column":2},"end":{"line":32,"column":64}},"23":{"start":{"line":32,"column":59},"end":{"line":32,"column":63}},"24":{"start":{"line":33,"column":2},"end":{"line":33,"column":74}},"25":{"start":{"line":33,"column":65},"end":{"line":33,"column":73}},"26":{"start":{"line":33,"column":66},"end":{"line":33,"column":73}},"27":{"start":{"line":7,"column":0},"end":{"line":7,"column":13}}},"fnMap":{"0":{"name":"(anonymous_7)","decl":{"start":{"line":7,"column":0},"end":{"line":7,"column":13}},"loc":{"start":{"line":7,"column":0},"end":{"line":34,"column":1}}},"1":{"name":"(anonymous_8)","decl":{"start":{"line":10,"column":4},"end":{"line":10,"column":11}},"loc":{"start":{"line":10,"column":42},"end":{"line":12,"column":4}}},"2":{"name":"(anonymous_9)","decl":{"start":{"line":10,"column":42},"end":{"line":10,"column":null}},"loc":{"start":{"line":10,"column":42},"end":{"line":12,"column":3}}},"3":{"name":"(anonymous_10)","decl":{"start":{"line":14,"column":4},"end":{"line":14,"column":11}},"loc":{"start":{"line":14,"column":70},"end":{"line":16,"column":null}}},"4":{"name":"(anonymous_11)","decl":{"start":{"line":14,"column":70},"end":{"line":14,"column":null}},"loc":{"start":{"line":14,"column":70},"end":{"line":16,"column":5}}},"5":{"name":"(anonymous_12)","decl":{"start":{"line":19,"column":27},"end":{"line":19,"column":34}},"loc":{"start":{"line":19,"column":63},"end":{"line":19,"column":67}}},"6":{"name":"(anonymous_13)","decl":{"start":{"line":19,"column":63},"end":{"line":19,"column":65}},"loc":{"start":{"line":19,"column":63},"end":{"line":19,"column":66}}},"7":{"name":"(anonymous_14)","decl":{"start":{"line":21,"column":21},"end":{"line":21,"column":28}},"loc":{"start":{"line":21,"column":57},"end":{"line":23,"column":4}}},"8":{"name":"(anonymous_15)","decl":{"start":{"line":21,"column":57},"end":{"line":21,"column":null}},"loc":{"start":{"line":21,"column":57},"end":{"line":23,"column":3}}},"9":{"name":"(anonymous_16)","decl":{"start":{"line":24,"column":30},"end":{"line":24,"column":56}},"loc":{"start":{"line":24,"column":58},"end":{"line":26,"column":4}}},"10":{"name":"(anonymous_17)","decl":{"start":{"line":24,"column":58},"end":{"line":24,"column":null}},"loc":{"start":{"line":24,"column":58},"end":{"line":26,"column":3}}},"11":{"name":"(anonymous_18)","decl":{"start":{"line":27,"column":23},"end":{"line":27,"column":30}},"loc":{"start":{"line":27,"column":59},"end":{"line":27,"column":63}}},"12":{"name":"(anonymous_19)","decl":{"start":{"line":27,"column":59},"end":{"line":27,"column":61}},"loc":{"start":{"line":27,"column":59},"end":{"line":27,"column":62}}},"13":{"name":"(anonymous_20)","decl":{"start":{"line":28,"column":18},"end":{"line":28,"column":51}},"loc":{"start":{"line":28,"column":53},"end":{"line":30,"column":4}}},"14":{"name":"(anonymous_21)","decl":{"start":{"line":28,"column":53},"end":{"line":28,"column":null}},"loc":{"start":{"line":28,"column":53},"end":{"line":30,"column":3}}},"15":{"name":"(anonymous_22)","decl":{"start":{"line":31,"column":23},"end":{"line":31,"column":30}},"loc":{"start":{"line":31,"column":59},"end":{"line":31,"column":63}}},"16":{"name":"(anonymous_23)","decl":{"start":{"line":31,"column":59},"end":{"line":31,"column":61}},"loc":{"start":{"line":31,"column":59},"end":{"line":31,"column":62}}},"17":{"name":"(anonymous_24)","decl":{"start":{"line":32,"column":23},"end":{"line":32,"column":30}},"loc":{"start":{"line":32,"column":59},"end":{"line":32,"column":63}}},"18":{"name":"(anonymous_25)","decl":{"start":{"line":32,"column":59},"end":{"line":32,"column":61}},"loc":{"start":{"line":32,"column":59},"end":{"line":32,"column":62}}},"19":{"name":"(anonymous_26)","decl":{"start":{"line":33,"column":27},"end":{"line":33,"column":34}},"loc":{"start":{"line":33,"column":65},"end":{"line":33,"column":73}}},"20":{"name":"(anonymous_27)","decl":{"start":{"line":33,"column":65},"end":{"line":33,"column":66}},"loc":{"start":{"line":33,"column":65},"end":{"line":33,"column":73}}}},"branchMap":{},"s":{"0":2,"1":2,"2":1,"3":1,"4":2,"5":0,"6":0,"7":2,"8":1,"9":2,"10":1,"11":1,"12":2,"13":1,"14":1,"15":2,"16":0,"17":2,"18":1,"19":1,"20":2,"21":1,"22":2,"23":1,"24":2,"25":2,"26":2,"27":2},"f":{"0":2,"1":1,"2":1,"3":0,"4":0,"5":1,"6":1,"7":1,"8":1,"9":1,"10":1,"11":0,"12":0,"13":1,"14":1,"15":1,"16":1,"17":1,"18":1,"19":2,"20":2},"b":{}}
,"/Users/rodrigobrezolin/Documents/pessoal/YGM-backend-firestore/tests/modules/auth/mocks/auth.mailer.service.mock.ts": {"path":"/Users/rodrigobrezolin/Documents/pessoal/YGM-backend-firestore/tests/modules/auth/mocks/auth.mailer.service.mock.ts","statementMap":{"0":{"start":{"line":5,"column":2},"end":{"line":8,"column":26}},"1":{"start":{"line":8,"column":21},"end":{"line":8,"column":25}},"2":{"start":{"line":3,"column":0},"end":{"line":3,"column":13}}},"fnMap":{"0":{"name":"(anonymous_7)","decl":{"start":{"line":3,"column":0},"end":{"line":3,"column":13}},"loc":{"start":{"line":3,"column":0},"end":{"line":9,"column":1}}},"1":{"name":"(anonymous_8)","decl":{"start":{"line":5,"column":35},"end":{"line":5,"column":null}},"loc":{"start":{"line":8,"column":21},"end":{"line":8,"column":25}}},"2":{"name":"(anonymous_9)","decl":{"start":{"line":8,"column":21},"end":{"line":8,"column":23}},"loc":{"start":{"line":8,"column":21},"end":{"line":8,"column":24}}}},"branchMap":{},"s":{"0":2,"1":2,"2":2},"f":{"0":2,"1":2,"2":2},"b":{}}
,"/Users/rodrigobrezolin/Documents/pessoal/YGM-backend-firestore/tests/modules/auth/mocks/auth.userMock.ts": {"path":"/Users/rodrigobrezolin/Documents/pessoal/YGM-backend-firestore/tests/modules/auth/mocks/auth.userMock.ts","statementMap":{"0":{"start":{"line":1,"column":0},"end":{"line":1,"column":71}},"1":{"start":{"line":3,"column":13},"end":{"line":10,"column":5}}},"fnMap":{},"branchMap":{},"s":{"0":2,"1":2},"f":{},"b":{}}
,"/Users/rodrigobrezolin/Documents/pessoal/YGM-backend-firestore/tests/modules/auth/mocks/common.token.mock.ts": {"path":"/Users/rodrigobrezolin/Documents/pessoal/YGM-backend-firestore/tests/modules/auth/mocks/common.token.mock.ts","statementMap":{"0":{"start":{"line":4,"column":4},"end":{"line":6,"column":null}},"1":{"start":{"line":5,"column":7},"end":{"line":5,"column":null}},"2":{"start":{"line":7,"column":4},"end":{"line":9,"column":null}},"3":{"start":{"line":8,"column":8},"end":{"line":8,"column":null}},"4":{"start":{"line":10,"column":4},"end":{"line":10,"column":null}},"5":{"start":{"line":10,"column":61},"end":{"line":10,"column":65}},"6":{"start":{"line":11,"column":4},"end":{"line":11,"column":null}},"7":{"start":{"line":3,"column":0},"end":{"line":3,"column":13}}},"fnMap":{"0":{"name":"(anonymous_0)","decl":{"start":{"line":3,"column":0},"end":{"line":3,"column":13}},"loc":{"start":{"line":3,"column":0},"end":{"line":13,"column":1}}},"1":{"name":"(anonymous_1)","decl":{"start":{"line":4,"column":27},"end":{"line":4,"column":28}},"loc":{"start":{"line":4,"column":51},"end":{"line":6,"column":5}}},"2":{"name":"(anonymous_2)","decl":{"start":{"line":7,"column":25},"end":{"line":7,"column":26}},"loc":{"start":{"line":7,"column":51},"end":{"line":9,"column":5}}},"3":{"name":"(anonymous_3)","decl":{"start":{"line":10,"column":35},"end":{"line":10,"column":36}},"loc":{"start":{"line":10,"column":61},"end":{"line":10,"column":65}}},"4":{"name":"(anonymous_4)","decl":{"start":{"line":11,"column":35},"end":{"line":11,"column":36}},"loc":{"start":{"line":11,"column":53},"end":{"line":11,"column":57}}}},"branchMap":{},"s":{"0":2,"1":2,"2":2,"3":0,"4":2,"5":0,"6":2,"7":2},"f":{"0":2,"1":2,"2":0,"3":0,"4":0},"b":{}}
,"/Users/rodrigobrezolin/Documents/pessoal/YGM-backend-firestore/tests/modules/plan/mocks/plan.business.mock.ts": {"path":"/Users/rodrigobrezolin/Documents/pessoal/YGM-backend-firestore/tests/modules/plan/mocks/plan.business.mock.ts","statementMap":{"0":{"start":{"line":8,"column":22},"end":{"line":8,"column":44}},"1":{"start":{"line":10,"column":9},"end":{"line":12,"column":5}},"2":{"start":{"line":10,"column":57},"end":{"line":12,"column":4}},"3":{"start":{"line":11,"column":4},"end":{"line":11,"column":14}},"4":{"start":{"line":14,"column":9},"end":{"line":16,"column":4}},"5":{"start":{"line":15,"column":50},"end":{"line":15,"column":null}},"6":{"start":{"line":18,"column":9},"end":{"line":18,"column":77}},"7":{"start":{"line":18,"column":72},"end":{"line":18,"column":76}},"8":{"start":{"line":20,"column":9},"end":{"line":20,"column":74}},"9":{"start":{"line":20,"column":69},"end":{"line":20,"column":73}},"10":{"start":{"line":7,"column":0},"end":{"line":7,"column":13}}},"fnMap":{"0":{"name":"(anonymous_7)","decl":{"start":{"line":8,"column":2},"end":{"line":8,"column":22}},"loc":{"start":{"line":8,"column":44},"end":{"line":8,"column":48}}},"1":{"name":"(anonymous_8)","decl":{"start":{"line":10,"column":29},"end":{"line":10,"column":55}},"loc":{"start":{"line":10,"column":57},"end":{"line":12,"column":4}}},"2":{"name":"(anonymous_9)","decl":{"start":{"line":10,"column":57},"end":{"line":10,"column":null}},"loc":{"start":{"line":10,"column":57},"end":{"line":12,"column":3}}},"3":{"name":"(anonymous_10)","decl":{"start":{"line":15,"column":4},"end":{"line":15,"column":11}},"loc":{"start":{"line":15,"column":50},"end":{"line":15,"column":null}}},"4":{"name":"(anonymous_11)","decl":{"start":{"line":15,"column":50},"end":{"line":15,"column":52}},"loc":{"start":{"line":15,"column":50},"end":{"line":15,"column":53}}},"5":{"name":"(anonymous_12)","decl":{"start":{"line":18,"column":28},"end":{"line":18,"column":35}},"loc":{"start":{"line":18,"column":72},"end":{"line":18,"column":76}}},"6":{"name":"(anonymous_13)","decl":{"start":{"line":18,"column":72},"end":{"line":18,"column":74}},"loc":{"start":{"line":18,"column":72},"end":{"line":18,"column":75}}},"7":{"name":"(anonymous_14)","decl":{"start":{"line":20,"column":30},"end":{"line":20,"column":37}},"loc":{"start":{"line":20,"column":69},"end":{"line":20,"column":73}}},"8":{"name":"(anonymous_15)","decl":{"start":{"line":20,"column":69},"end":{"line":20,"column":71}},"loc":{"start":{"line":20,"column":69},"end":{"line":20,"column":72}}}},"branchMap":{},"s":{"0":1,"1":1,"2":1,"3":1,"4":1,"5":1,"6":1,"7":1,"8":1,"9":1,"10":1},"f":{"0":1,"1":1,"2":1,"3":1,"4":1,"5":1,"6":1,"7":1,"8":1},"b":{}}
,"/Users/rodrigobrezolin/Documents/pessoal/YGM-backend-firestore/tests/modules/plan/mocks/plan.database.mock.ts": {"path":"/Users/rodrigobrezolin/Documents/pessoal/YGM-backend-firestore/tests/modules/plan/mocks/plan.database.mock.ts","statementMap":{"0":{"start":{"line":1,"column":0},"end":{"line":1,"column":65}},"1":{"start":{"line":3,"column":0},"end":{"line":3,"column":84}},"2":{"start":{"line":6,"column":18},"end":{"line":15,"column":null}},"3":{"start":{"line":19,"column":3},"end":{"line":22,"column":null}},"4":{"start":{"line":19,"column":72},"end":{"line":22,"column":5}},"5":{"start":{"line":20,"column":4},"end":{"line":20,"column":null}},"6":{"start":{"line":20,"column":31},"end":{"line":20,"column":47}},"7":{"start":{"line":23,"column":3},"end":{"line":23,"column":null}},"8":{"start":{"line":23,"column":58},"end":{"line":23,"column":62}},"9":{"start":{"line":24,"column":3},"end":{"line":24,"column":null}},"10":{"start":{"line":24,"column":56},"end":{"line":24,"column":60}},"11":{"start":{"line":25,"column":3},"end":{"line":27,"column":null}},"12":{"start":{"line":25,"column":50},"end":{"line":27,"column":4}},"13":{"start":{"line":26,"column":4},"end":{"line":26,"column":null}},"14":{"start":{"line":28,"column":3},"end":{"line":28,"column":null}},"15":{"start":{"line":28,"column":58},"end":{"line":28,"column":61}},"16":{"start":{"line":18,"column":0},"end":{"line":18,"column":13}}},"fnMap":{"0":{"name":"(anonymous_7)","decl":{"start":{"line":18,"column":0},"end":{"line":18,"column":13}},"loc":{"start":{"line":18,"column":0},"end":{"line":29,"column":1}}},"1":{"name":"(anonymous_8)","decl":{"start":{"line":19,"column":23},"end":{"line":19,"column":30}},"loc":{"start":{"line":19,"column":72},"end":{"line":22,"column":5}}},"2":{"name":"(anonymous_9)","decl":{"start":{"line":19,"column":72},"end":{"line":19,"column":null}},"loc":{"start":{"line":19,"column":72},"end":{"line":22,"column":4}}},"3":{"name":"(anonymous_10)","decl":{"start":{"line":20,"column":26},"end":{"line":20,"column":27}},"loc":{"start":{"line":20,"column":31},"end":{"line":20,"column":47}}},"4":{"name":"(anonymous_11)","decl":{"start":{"line":23,"column":24},"end":{"line":23,"column":30}},"loc":{"start":{"line":23,"column":58},"end":{"line":23,"column":62}}},"5":{"name":"(anonymous_12)","decl":{"start":{"line":23,"column":58},"end":{"line":23,"column":60}},"loc":{"start":{"line":23,"column":58},"end":{"line":23,"column":61}}},"6":{"name":"(anonymous_13)","decl":{"start":{"line":24,"column":22},"end":{"line":24,"column":28}},"loc":{"start":{"line":24,"column":56},"end":{"line":24,"column":60}}},"7":{"name":"(anonymous_14)","decl":{"start":{"line":24,"column":56},"end":{"line":24,"column":58}},"loc":{"start":{"line":24,"column":56},"end":{"line":24,"column":59}}},"8":{"name":"(anonymous_15)","decl":{"start":{"line":25,"column":23},"end":{"line":25,"column":48}},"loc":{"start":{"line":25,"column":50},"end":{"line":27,"column":4}}},"9":{"name":"(anonymous_16)","decl":{"start":{"line":25,"column":50},"end":{"line":25,"column":null}},"loc":{"start":{"line":25,"column":50},"end":{"line":27,"column":3}}},"10":{"name":"(anonymous_17)","decl":{"start":{"line":28,"column":24},"end":{"line":28,"column":30}},"loc":{"start":{"line":28,"column":58},"end":{"line":28,"column":61}}},"11":{"name":"(anonymous_18)","decl":{"start":{"line":28,"column":58},"end":{"line":28,"column":59}},"loc":{"start":{"line":28,"column":58},"end":{"line":28,"column":60}}}},"branchMap":{},"s":{"0":2,"1":2,"2":2,"3":2,"4":5,"5":5,"6":8,"7":2,"8":1,"9":2,"10":1,"11":2,"12":1,"13":1,"14":2,"15":1,"16":2},"f":{"0":2,"1":5,"2":5,"3":8,"4":1,"5":1,"6":1,"7":1,"8":1,"9":1,"10":1,"11":1},"b":{}}
}
