TN:
SF:src/common/customError/customError.ts
FN:2,(anonymous_0)
FNF:1
FNH:1
FNDA:86,(anonymous_0)
DA:1,25
DA:2,86
DA:3,86
LF:3
LH:3
BRDA:2,0,0,0
BRF:1
BRH:0
end_of_record
TN:
SF:src/common/customError/invalidRequests.ts
FN:4,(anonymous_0)
FN:10,(anonymous_1)
FNF:2
FNH:1
FNDA:0,(anonymous_0)
FNDA:26,(anonymous_1)
DA:1,3
DA:3,3
DA:5,0
DA:9,3
DA:11,26
LF:5
LH:4
BRF:0
BRH:0
end_of_record
TN:
SF:src/common/customError/notFound.ts
FN:5,(anonymous_0)
FNF:1
FNH:1
FNDA:10,(anonymous_0)
DA:1,8
DA:4,8
DA:5,10
DA:6,10
LF:4
LH:4
BRDA:5,0,0,2
BRF:1
BRH:1
end_of_record
TN:
SF:src/common/database/BaseDatabase.ts
FN:23,(anonymous_14)
FN:27,(anonymous_15)
FN:29,(anonymous_17)
FN:32,(anonymous_18)
FN:37,(anonymous_20)
FN:41,(anonymous_22)
FN:49,(anonymous_24)
FNF:7
FNH:7
FNDA:51,(anonymous_14)
FNDA:2,(anonymous_15)
FNDA:4,(anonymous_17)
FNDA:23,(anonymous_18)
FNDA:7,(anonymous_20)
FNDA:3,(anonymous_22)
FNDA:5,(anonymous_24)
DA:1,6
DA:2,6
DA:4,6
DA:5,6
DA:7,6
DA:9,6
DA:14,6
DA:16,6
DA:18,6
DA:24,51
DA:28,2
DA:29,4
DA:33,23
DA:34,23
DA:38,7
DA:42,3
DA:43,3
DA:44,1
DA:46,2
DA:50,5
DA:51,5
DA:52,4
DA:54,1
LF:23
LH:23
BRDA:34,0,0,23
BRDA:34,0,1,0
BRDA:43,1,0,1
BRDA:51,2,0,4
BRDA:51,2,1,1
BRF:5
BRH:4
end_of_record
TN:
SF:src/common/database/config.ts
FNF:0
FNH:0
DA:3,6
DA:18,6
LF:2
LH:2
BRDA:7,0,0,0
BRDA:7,0,1,6
BRDA:7,1,0,6
BRDA:7,1,1,6
BRF:4
BRH:3
end_of_record
TN:
SF:src/common/domain/common.enum.ts
FN:1,(anonymous_0)
FN:8,(anonymous_1)
FN:18,(anonymous_2)
FN:27,(anonymous_3)
FN:33,(anonymous_4)
FNF:5
FNH:5
FNDA:13,(anonymous_0)
FNDA:13,(anonymous_1)
FNDA:13,(anonymous_2)
FNDA:13,(anonymous_3)
FNDA:13,(anonymous_4)
DA:1,13
DA:2,13
DA:3,13
DA:4,13
DA:5,13
DA:8,13
DA:9,13
DA:10,13
DA:11,13
DA:12,13
DA:13,13
DA:14,13
DA:15,13
DA:18,13
DA:19,13
DA:20,13
DA:21,13
DA:22,13
DA:23,13
DA:24,13
DA:27,13
DA:28,13
DA:29,13
DA:30,13
DA:33,13
DA:34,13
DA:35,13
DA:36,13
DA:37,13
DA:38,13
DA:39,13
DA:40,13
DA:41,13
DA:42,13
DA:43,13
DA:44,13
DA:45,13
DA:48,13
LF:38
LH:38
BRDA:1,0,0,13
BRDA:1,0,1,13
BRDA:8,1,0,13
BRDA:8,1,1,13
BRDA:18,2,0,13
BRDA:18,2,1,13
BRDA:27,3,0,13
BRDA:27,3,1,13
BRDA:33,4,0,13
BRDA:33,4,1,13
BRF:10
BRH:10
end_of_record
TN:
SF:src/common/domain/common.id.dto.ts
FN:10,(anonymous_1)
FNF:1
FNH:1
FNDA:7,(anonymous_1)
DA:1,5
DA:7,5
DA:10,7
LF:3
LH:3
BRF:0
BRH:0
end_of_record
TN:
SF:src/common/domain/common.pattern.date.ts
FN:3,(anonymous_0)
FNF:1
FNH:1
FNDA:72,(anonymous_0)
DA:1,9
DA:3,9
DA:4,72
DA:5,72
DA:6,11
DA:9,61
DA:11,61
DA:13,61
DA:14,0
LF:9
LH:8
BRDA:5,0,0,11
BRDA:13,1,0,0
BRF:2
BRH:1
end_of_record
TN:
SF:src/common/domain/common.pattern.name.ts
FN:3,(anonymous_0)
FNF:1
FNH:1
FNDA:60,(anonymous_0)
DA:1,13
DA:3,13
DA:5,60
DA:6,60
DA:7,5
LF:5
LH:5
BRDA:6,0,0,5
BRF:1
BRH:1
end_of_record
TN:
SF:src/common/domain/common.pattern.time.ts
FN:4,(anonymous_0)
FNF:1
FNH:1
FNDA:101,(anonymous_0)
DA:1,9
DA:4,9
DA:5,101
DA:6,101
DA:7,8
LF:5
LH:5
BRDA:6,0,0,8
BRF:1
BRH:1
end_of_record
TN:
SF:src/common/domain/common.zodPatterns.ts
FNF:0
FNH:0
DA:1,7
DA:3,7
DA:8,7
DA:12,7
DA:16,7
DA:18,7
DA:22,7
DA:26,7
DA:30,7
DA:34,7
DA:38,7
DA:42,7
DA:46,7
DA:55,7
DA:57,7
LF:15
LH:15
BRF:0
BRH:0
end_of_record
TN:
SF:src/common/utils/common.utils.capitilizeName.ts
FN:1,(anonymous_0)
FN:2,(anonymous_1)
FNF:2
FNH:2
FNDA:2,(anonymous_0)
FNDA:3,(anonymous_1)
DA:1,2
DA:2,3
LF:2
LH:2
BRF:0
BRH:0
end_of_record
TN:
SF:src/common/utils/common.utils.formatDate.ts
FN:3,(anonymous_0)
FNF:1
FNH:1
FNDA:23,(anonymous_0)
DA:1,3
DA:3,3
DA:4,23
DA:5,23
DA:7,23
DA:8,11
DA:11,12
DA:12,2
DA:15,10
DA:17,13
LF:10
LH:10
BRDA:7,0,0,11
BRDA:7,1,0,23
BRDA:7,1,1,14
BRDA:7,1,2,13
BRDA:11,2,0,2
BRDA:11,3,0,12
BRDA:11,3,1,12
BRDA:11,3,2,12
BRDA:11,3,3,12
BRDA:11,3,4,11
BRDA:11,3,5,11
BRF:11
BRH:11
end_of_record
TN:
SF:src/modules/auth/business/auth.Business.ts
FN:12,(anonymous_7)
FN:18,(anonymous_8)
FN:23,(anonymous_10)
FN:36,(anonymous_12)
FN:40,(anonymous_14)
FN:45,(anonymous_16)
FN:51,(anonymous_18)
FNF:7
FNH:7
FNDA:1,(anonymous_7)
FNDA:1,(anonymous_8)
FNDA:1,(anonymous_10)
FNDA:1,(anonymous_12)
FNDA:1,(anonymous_14)
FNDA:1,(anonymous_16)
FNDA:2,(anonymous_18)
DA:3,1
DA:4,1
DA:11,1
DA:13,1
DA:14,1
DA:15,1
DA:19,1
DA:20,1
DA:24,1
DA:25,1
DA:27,1
DA:32,1
DA:33,1
DA:37,1
DA:41,1
DA:42,1
DA:46,1
DA:47,1
DA:48,1
DA:52,2
DA:53,2
LF:21
LH:21
BRF:0
BRH:0
end_of_record
TN:
SF:src/modules/auth/controller/auth.Controller.ts
FN:9,(anonymous_7)
FN:11,(anonymous_8)
FN:17,(anonymous_10)
FN:26,(anonymous_12)
FN:31,(anonymous_14)
FN:37,(anonymous_16)
FN:43,(anonymous_18)
FNF:7
FNH:7
FNDA:1,(anonymous_7)
FNDA:1,(anonymous_8)
FNDA:1,(anonymous_10)
FNDA:1,(anonymous_12)
FNDA:1,(anonymous_14)
FNDA:1,(anonymous_16)
FNDA:1,(anonymous_18)
DA:2,1
DA:4,1
DA:5,1
DA:6,1
DA:8,1
DA:9,1
DA:12,1
DA:13,1
DA:14,1
DA:18,1
DA:22,1
DA:23,1
DA:27,1
DA:28,1
DA:32,1
DA:33,1
DA:34,1
DA:38,1
DA:39,1
DA:40,1
DA:44,1
DA:45,1
DA:46,1
LF:23
LH:23
BRF:0
BRH:0
end_of_record
TN:
SF:src/modules/auth/database/auth.Database.ts
FN:7,(anonymous_7)
FN:10,(anonymous_8)
FN:19,(anonymous_11)
FN:24,(anonymous_13)
FN:28,(anonymous_15)
FN:32,(anonymous_18)
FN:40,(anonymous_21)
FN:42,(anonymous_23)
FN:45,(anonymous_24)
FN:52,(anonymous_27)
FN:59,(anonymous_29)
FN:63,(anonymous_31)
FN:72,(anonymous_32)
FN:76,(anonymous_34)
FN:82,(anonymous_36)
FN:83,(anonymous_37)
FNF:16
FNH:11
FNDA:1,(anonymous_7)
FNDA:0,(anonymous_8)
FNDA:0,(anonymous_11)
FNDA:0,(anonymous_13)
FNDA:1,(anonymous_15)
FNDA:3,(anonymous_18)
FNDA:1,(anonymous_21)
FNDA:2,(anonymous_23)
FNDA:1,(anonymous_24)
FNDA:0,(anonymous_27)
FNDA:1,(anonymous_29)
FNDA:1,(anonymous_31)
FNDA:1,(anonymous_32)
FNDA:1,(anonymous_34)
FNDA:1,(anonymous_36)
FNDA:0,(anonymous_37)
DA:2,1
DA:3,1
DA:5,1
DA:7,1
DA:8,1
DA:11,0
DA:12,0
DA:13,0
DA:14,0
DA:16,0
DA:20,0
DA:21,0
DA:25,0
DA:29,1
DA:33,3
DA:34,3
DA:35,1
DA:37,2
DA:41,1
DA:42,2
DA:46,1
DA:47,1
DA:48,1
DA:53,0
DA:56,0
DA:60,1
DA:64,1
DA:74,1
DA:78,1
DA:83,1
LF:30
LH:20
BRDA:13,0,0,0
BRDA:34,1,0,1
BRF:2
BRH:1
end_of_record
TN:
SF:src/modules/auth/domain/auth.Entity.ts
FN:4,(anonymous_0)
FN:14,(anonymous_1)
FN:18,(anonymous_2)
FN:22,(anonymous_3)
FN:26,(anonymous_4)
FN:29,(anonymous_5)
FN:35,(anonymous_6)
FNF:7
FNH:7
FNDA:13,(anonymous_0)
FNDA:2,(anonymous_1)
FNDA:3,(anonymous_2)
FNDA:4,(anonymous_3)
FNDA:1,(anonymous_4)
FNDA:13,(anonymous_5)
FNDA:12,(anonymous_6)
DA:1,4
DA:3,4
DA:5,13
DA:6,13
DA:7,13
DA:8,13
DA:9,13
DA:11,13
DA:15,2
DA:19,3
DA:23,4
DA:27,1
DA:30,13
DA:31,12
DA:36,12
LF:15
LH:15
BRDA:8,0,0,5
BRDA:9,1,0,6
BRDA:15,2,0,2
BRDA:15,2,1,0
BRDA:19,3,0,3
BRDA:19,3,1,0
BRDA:30,4,0,12
BRF:7
BRH:5
end_of_record
TN:
SF:src/modules/auth/domain/DTOs/auth.email.dto.ts
FN:10,(anonymous_1)
FNF:1
FNH:1
FNDA:1,(anonymous_1)
DA:1,1
DA:2,1
DA:8,1
DA:10,1
LF:4
LH:4
BRF:0
BRH:0
end_of_record
TN:
SF:src/modules/auth/domain/DTOs/auth.login.dto.ts
FN:11,(anonymous_1)
FNF:1
FNH:1
FNDA:1,(anonymous_1)
DA:1,1
DA:2,1
DA:8,1
DA:11,1
LF:4
LH:4
BRF:0
BRH:0
end_of_record
TN:
SF:src/modules/auth/domain/DTOs/auth.signup.dto.ts
FN:12,(anonymous_1)
FNF:1
FNH:1
FNDA:1,(anonymous_1)
DA:1,1
DA:2,1
DA:9,1
DA:12,1
LF:4
LH:4
BRF:0
BRH:0
end_of_record
TN:
SF:src/modules/booking/business/booking.Business.ts
FN:13,(anonymous_7)
FN:14,(anonymous_8)
FN:18,(anonymous_10)
FN:24,(anonymous_12)
FN:40,(anonymous_14)
FN:68,(anonymous_16)
FN:87,(anonymous_18)
FNF:7
FNH:7
FNDA:1,(anonymous_7)
FNDA:2,(anonymous_8)
FNDA:2,(anonymous_10)
FNDA:4,(anonymous_12)
FNDA:2,(anonymous_14)
FNDA:2,(anonymous_16)
FNDA:3,(anonymous_18)
DA:1,1
DA:7,1
DA:9,1
DA:12,1
DA:13,1
DA:15,2
DA:19,2
DA:20,2
DA:21,2
DA:25,4
DA:27,4
DA:28,1
DA:29,1
DA:30,3
DA:31,2
DA:32,2
DA:34,1
DA:37,3
DA:41,2
DA:42,2
DA:44,2
DA:45,2
DA:46,1
DA:49,1
DA:50,1
DA:55,1
DA:62,1
DA:63,1
DA:64,1
DA:69,2
DA:70,2
DA:72,2
DA:73,2
DA:74,1
DA:77,1
DA:78,1
DA:83,1
DA:84,1
DA:88,3
DA:90,3
DA:91,1
DA:94,2
DA:95,1
DA:97,1
DA:102,1
DA:107,1
DA:108,1
DA:109,1
LF:48
LH:48
BRDA:20,0,0,1
BRDA:20,0,1,1
BRDA:20,1,0,2
BRDA:20,1,1,2
BRDA:27,2,0,1
BRDA:27,2,1,3
BRDA:29,3,0,0
BRDA:29,3,1,1
BRDA:29,4,0,1
BRDA:29,4,1,1
BRDA:30,5,0,2
BRDA:30,5,1,1
BRDA:32,6,0,1
BRDA:32,6,1,1
BRDA:32,7,0,2
BRDA:32,7,1,2
BRDA:45,8,0,1
BRDA:73,9,0,1
BRDA:90,10,0,1
BRDA:90,11,0,3
BRDA:90,11,1,3
BRDA:94,12,0,1
BRDA:94,12,1,1
BRF:23
BRH:22
end_of_record
TN:
SF:src/modules/booking/controller/booking.Controller.ts
FN:11,(anonymous_7)
FN:13,(anonymous_8)
FN:22,(anonymous_10)
FN:28,(anonymous_12)
FN:38,(anonymous_14)
FN:50,(anonymous_16)
FN:61,(anonymous_18)
FNF:7
FNH:7
FNDA:1,(anonymous_7)
FNDA:2,(anonymous_8)
FNDA:1,(anonymous_10)
FNDA:2,(anonymous_12)
FNDA:1,(anonymous_14)
FNDA:1,(anonymous_16)
FNDA:1,(anonymous_18)
DA:2,1
DA:4,1
DA:5,1
DA:6,1
DA:7,1
DA:8,1
DA:10,1
DA:11,1
DA:14,2
DA:18,2
DA:19,2
DA:23,1
DA:24,1
DA:25,1
DA:29,2
DA:34,2
DA:35,2
DA:39,1
DA:46,1
DA:47,1
DA:51,1
DA:57,1
DA:58,1
DA:62,1
DA:66,1
DA:67,1
LF:26
LH:26
BRF:0
BRH:0
end_of_record
TN:
SF:src/modules/booking/database/booking.Database.ts
FN:7,(anonymous_7)
FN:10,(anonymous_8)
FN:15,(anonymous_11)
FN:24,(anonymous_13)
FN:27,(anonymous_14)
FN:31,(anonymous_17)
FN:35,(anonymous_20)
FN:46,(anonymous_21)
FNF:8
FNH:8
FNDA:1,(anonymous_7)
FNDA:2,(anonymous_8)
FNDA:3,(anonymous_11)
FNDA:2,(anonymous_13)
FNDA:1,(anonymous_14)
FNDA:1,(anonymous_17)
FNDA:1,(anonymous_20)
FNDA:6,(anonymous_21)
DA:1,1
DA:3,1
DA:5,1
DA:7,1
DA:8,1
DA:11,2
DA:12,2
DA:20,3
DA:24,3
DA:28,1
DA:32,1
DA:36,1
DA:48,6
DA:49,6
DA:53,6
DA:54,1
DA:56,5
DA:57,5
DA:58,1
DA:60,4
DA:61,4
LF:21
LH:21
BRDA:12,0,0,1
BRDA:12,0,1,1
BRDA:53,1,0,1
BRDA:57,2,0,1
BRDA:57,3,0,5
BRDA:57,3,1,3
BRF:6
BRH:6
end_of_record
TN:
SF:src/modules/booking/domain/booking.Entity.ts
FN:6,(anonymous_0)
FN:19,(anonymous_1)
FN:23,(anonymous_2)
FN:27,(anonymous_3)
FN:31,(anonymous_4)
FN:35,(anonymous_5)
FN:39,(anonymous_6)
FN:43,(anonymous_7)
FNF:8
FNH:8
FNDA:10,(anonymous_0)
FNDA:3,(anonymous_1)
FNDA:2,(anonymous_2)
FNDA:2,(anonymous_3)
FNDA:2,(anonymous_4)
FNDA:2,(anonymous_5)
FNDA:2,(anonymous_6)
FNDA:10,(anonymous_7)
DA:1,4
DA:2,4
DA:3,4
DA:5,4
DA:7,10
DA:8,10
DA:9,10
DA:10,10
DA:11,10
DA:12,10
DA:14,10
DA:15,10
DA:16,10
DA:20,3
DA:24,2
DA:28,2
DA:32,2
DA:36,2
DA:40,2
DA:44,10
LF:20
LH:20
BRF:0
BRH:0
end_of_record
TN:
SF:src/modules/booking/domain/DTOs/booking.changeEntity.dto.ts
FN:7,(anonymous_0)
FNF:1
FNH:1
FNDA:1,(anonymous_0)
DA:7,1
DA:8,1
DA:9,1
LF:3
LH:3
BRDA:7,0,0,1
BRDA:7,0,1,1
BRF:2
BRH:2
end_of_record
TN:
SF:src/modules/booking/domain/DTOs/booking.create.dto.ts
FN:18,(anonymous_1)
FNF:1
FNH:1
FNDA:1,(anonymous_1)
DA:1,1
DA:2,1
DA:12,1
DA:18,1
LF:4
LH:4
BRF:0
BRH:0
end_of_record
TN:
SF:src/modules/booking/domain/DTOs/booking.createSingle.dto.ts
FN:16,(anonymous_1)
FNF:1
FNH:1
FNDA:1,(anonymous_1)
DA:1,1
DA:2,1
DA:11,1
DA:16,1
LF:4
LH:4
BRF:0
BRH:0
end_of_record
TN:
SF:src/modules/booking/domain/DTOs/booking.delete.dto.ts
FN:13,(anonymous_1)
FNF:1
FNH:1
FNDA:1,(anonymous_1)
DA:1,1
DA:2,1
DA:9,1
DA:13,1
LF:4
LH:4
BRF:0
BRH:0
end_of_record
TN:
SF:src/modules/booking/domain/DTOs/booking.findUserCheckin.dto.ts
FN:12,(anonymous_1)
FNF:1
FNH:1
FNDA:2,(anonymous_1)
DA:1,1
DA:2,1
DA:9,1
DA:12,2
LF:4
LH:4
BRF:0
BRH:0
end_of_record
TN:
SF:src/modules/booking/domain/DTOs/booking.getByEntity.dto.ts
FN:15,(anonymous_1)
FNF:1
FNH:1
FNDA:2,(anonymous_1)
DA:1,1
DA:2,1
DA:10,1
DA:15,2
LF:4
LH:4
BRF:0
BRH:0
end_of_record
TN:
SF:src/modules/calendar/business/calendar.Business.ts
FN:14,(anonymous_7)
FN:19,(anonymous_8)
FN:25,(anonymous_10)
FN:29,(anonymous_11)
FN:33,(anonymous_13)
FN:61,(anonymous_15)
FN:61,(anonymous_16)
FN:67,(anonymous_17)
FNF:8
FNH:8
FNDA:1,(anonymous_7)
FNDA:4,(anonymous_8)
FNDA:3,(anonymous_10)
FNDA:1,(anonymous_11)
FNDA:4,(anonymous_13)
FNDA:62,(anonymous_15)
FNDA:62,(anonymous_16)
FNDA:2,(anonymous_17)
DA:1,1
DA:4,1
DA:6,1
DA:10,1
DA:11,1
DA:13,1
DA:15,1
DA:16,1
DA:21,4
DA:22,1
DA:25,3
DA:26,2
DA:30,1
DA:34,4
DA:35,4
DA:37,4
DA:38,4
DA:39,4
DA:41,4
DA:43,4
DA:44,62
DA:45,62
DA:56,62
DA:57,62
DA:60,4
DA:61,62
DA:64,4
DA:68,2
DA:70,2
LF:29
LH:29
BRDA:21,0,0,1
BRDA:21,1,0,4
BRDA:21,1,1,3
BRDA:25,2,0,2
BRDA:25,2,1,1
BRDA:38,3,0,3
BRDA:38,3,1,1
BRDA:38,4,0,4
BRDA:38,4,1,4
BRDA:39,5,0,2
BRDA:39,5,1,2
BRDA:39,6,0,4
BRDA:39,6,1,4
BRDA:70,7,0,1
BRDA:70,7,1,1
BRF:15
BRH:15
end_of_record
TN:
SF:src/modules/calendar/business/calendar.utils.addOneWeek.ts
FN:1,(anonymous_0)
FNF:1
FNH:1
FNDA:62,(anonymous_0)
DA:1,1
DA:2,62
DA:3,62
DA:4,62
DA:5,62
DA:6,62
DA:7,62
DA:8,62
LF:8
LH:8
BRF:0
BRH:0
end_of_record
TN:
SF:src/modules/calendar/business/calendar.utils.getToday.ts
FN:1,(anonymous_0)
FNF:1
FNH:1
FNDA:2,(anonymous_0)
DA:1,1
DA:2,2
DA:3,2
DA:4,2
DA:5,2
DA:6,2
LF:6
LH:6
BRF:0
BRH:0
end_of_record
TN:
SF:src/modules/calendar/controller/calendar.Controller.ts
FN:9,(anonymous_7)
FN:11,(anonymous_8)
FN:17,(anonymous_10)
FN:23,(anonymous_12)
FN:38,(anonymous_14)
FNF:5
FNH:5
FNDA:1,(anonymous_7)
FNDA:2,(anonymous_8)
FNDA:1,(anonymous_10)
FNDA:3,(anonymous_12)
FNDA:2,(anonymous_14)
DA:2,1
DA:4,1
DA:5,1
DA:6,1
DA:8,1
DA:9,1
DA:12,2
DA:13,2
DA:14,2
DA:18,1
DA:19,1
DA:20,1
DA:24,3
DA:34,3
DA:35,3
DA:39,2
DA:43,2
DA:44,2
LF:18
LH:18
BRF:0
BRH:0
end_of_record
TN:
SF:src/modules/calendar/database/calendar.Database.ts
FN:6,(anonymous_7)
FN:11,(anonymous_8)
FN:13,(anonymous_10)
FN:14,(anonymous_11)
FN:17,(anonymous_12)
FN:25,(anonymous_15)
FN:29,(anonymous_18)
FN:33,(anonymous_20)
FN:34,(anonymous_21)
FN:38,(anonymous_22)
FN:42,(anonymous_25)
FNF:11
FNH:11
FNDA:2,(anonymous_7)
FNDA:3,(anonymous_8)
FNDA:3,(anonymous_10)
FNDA:3,(anonymous_11)
FNDA:7,(anonymous_12)
FNDA:3,(anonymous_15)
FNDA:1,(anonymous_18)
FNDA:1,(anonymous_20)
FNDA:2,(anonymous_21)
FNDA:1,(anonymous_22)
FNDA:3,(anonymous_25)
DA:2,2
DA:3,2
DA:4,2
DA:6,2
DA:9,2
DA:12,3
DA:13,3
DA:14,3
DA:18,7
DA:19,7
DA:20,2
DA:22,5
DA:26,3
DA:30,1
DA:34,2
DA:39,1
DA:43,3
LF:17
LH:17
BRDA:19,0,0,2
BRF:1
BRH:1
end_of_record
TN:
SF:src/modules/calendar/domain/calendar.Entity.ts
FN:6,(anonymous_0)
FN:20,(anonymous_1)
FN:24,(anonymous_2)
FN:28,(anonymous_3)
FN:32,(anonymous_4)
FN:36,(anonymous_5)
FN:40,(anonymous_6)
FN:44,(anonymous_7)
FN:48,(anonymous_8)
FN:52,(anonymous_9)
FN:58,(anonymous_10)
FN:64,(anonymous_11)
FNF:12
FNH:12
FNDA:85,(anonymous_0)
FNDA:7,(anonymous_1)
FNDA:4,(anonymous_2)
FNDA:4,(anonymous_3)
FNDA:4,(anonymous_4)
FNDA:4,(anonymous_5)
FNDA:4,(anonymous_6)
FNDA:4,(anonymous_7)
FNDA:8,(anonymous_8)
FNDA:85,(anonymous_9)
FNDA:84,(anonymous_10)
FNDA:85,(anonymous_11)
DA:1,5
DA:2,5
DA:3,5
DA:5,5
DA:7,85
DA:8,85
DA:9,85
DA:10,85
DA:11,85
DA:12,85
DA:13,85
DA:14,85
DA:16,85
DA:17,84
DA:18,79
DA:21,7
DA:25,4
DA:29,4
DA:33,4
DA:37,4
DA:41,4
DA:45,4
DA:49,8
DA:53,85
DA:54,1
DA:59,84
DA:60,5
DA:65,85
LF:28
LH:28
BRDA:53,0,0,1
BRDA:59,1,0,5
BRF:2
BRH:2
end_of_record
TN:
SF:src/modules/calendar/domain/DTOs/calendar.createClass.dto.ts
FN:23,(anonymous_1)
FNF:1
FNH:1
FNDA:3,(anonymous_1)
DA:1,1
DA:3,1
DA:15,1
DA:23,3
LF:4
LH:4
BRF:0
BRH:0
end_of_record
TN:
SF:src/modules/calendar/domain/DTOs/calendar.deleteClasses.dto.ts
FN:13,(anonymous_1)
FNF:1
FNH:1
FNDA:2,(anonymous_1)
DA:1,1
DA:2,1
DA:10,1
DA:13,2
LF:4
LH:4
BRF:0
BRH:0
end_of_record
TN:
SF:src/modules/calendar/domain/DTOs/calendar.findByPeriod.dto.ts
FN:11,(anonymous_1)
FNF:1
FNH:1
FNDA:2,(anonymous_1)
DA:1,1
DA:2,1
DA:9,1
DA:11,2
LF:4
LH:4
BRF:0
BRH:0
end_of_record
TN:
SF:src/modules/contracts/business/contract.Business.ts
FN:15,(anonymous_7)
FN:19,(anonymous_8)
FN:23,(anonymous_10)
FN:31,(anonymous_12)
FN:54,(anonymous_14)
FN:74,(anonymous_16)
FNF:6
FNH:6
FNDA:1,(anonymous_7)
FNDA:1,(anonymous_8)
FNDA:2,(anonymous_10)
FNDA:2,(anonymous_12)
FNDA:2,(anonymous_14)
FNDA:2,(anonymous_16)
DA:1,1
DA:5,1
DA:6,1
DA:7,1
DA:10,1
DA:11,1
DA:12,1
DA:14,1
DA:16,1
DA:20,1
DA:24,2
DA:25,2
DA:26,1
DA:28,1
DA:32,2
DA:33,2
DA:35,2
DA:36,2
DA:37,1
DA:40,1
DA:42,1
DA:51,1
DA:55,2
DA:56,2
DA:58,2
DA:60,2
DA:61,1
DA:64,1
DA:66,1
DA:67,1
DA:68,1
DA:69,1
DA:71,1
DA:75,2
DA:77,2
DA:79,2
DA:80,1
DA:83,1
DA:84,1
LF:39
LH:39
BRDA:25,0,0,1
BRDA:36,1,0,1
BRDA:40,2,0,1
BRDA:40,2,1,0
BRDA:60,3,0,1
BRDA:64,4,0,1
BRDA:64,4,1,0
BRDA:79,5,0,1
BRF:8
BRH:6
end_of_record
TN:
SF:src/modules/contracts/business/contract.utils.calculateEnd.ts
FN:1,(anonymous_0)
FNF:1
FNH:1
FNDA:5,(anonymous_0)
DA:1,2
DA:2,5
DA:3,5
DA:4,5
DA:5,5
DA:6,5
DA:7,5
DA:8,5
LF:8
LH:8
BRF:0
BRH:0
end_of_record
TN:
SF:src/modules/contracts/controller/contract.Controller.ts
FN:9,(anonymous_7)
FN:11,(anonymous_8)
FN:16,(anonymous_10)
FN:22,(anonymous_12)
FN:28,(anonymous_14)
FN:39,(anonymous_16)
FN:51,(anonymous_18)
FNF:7
FNH:7
FNDA:1,(anonymous_7)
FNDA:1,(anonymous_8)
FNDA:1,(anonymous_10)
FNDA:1,(anonymous_12)
FNDA:1,(anonymous_14)
FNDA:1,(anonymous_16)
FNDA:1,(anonymous_18)
DA:2,1
DA:4,1
DA:5,1
DA:6,1
DA:8,1
DA:9,1
DA:12,1
DA:13,1
DA:17,1
DA:18,1
DA:19,1
DA:23,1
DA:24,1
DA:25,1
DA:29,1
DA:35,1
DA:36,1
DA:40,1
DA:45,1
DA:46,1
DA:52,1
DA:56,1
DA:57,1
LF:23
LH:23
BRF:0
BRH:0
end_of_record
TN:
SF:src/modules/contracts/database/contracts.Database.ts
FN:5,(anonymous_7)
FN:10,(anonymous_8)
FN:12,(anonymous_11)
FN:15,(anonymous_12)
FN:20,(anonymous_15)
FN:24,(anonymous_18)
FN:28,(anonymous_21)
FNF:7
FNH:7
FNDA:2,(anonymous_7)
FNDA:1,(anonymous_8)
FNDA:2,(anonymous_11)
FNDA:6,(anonymous_12)
FNDA:1,(anonymous_15)
FNDA:1,(anonymous_18)
FNDA:2,(anonymous_21)
DA:2,2
DA:3,2
DA:5,2
DA:8,2
DA:11,1
DA:12,2
DA:16,6
DA:17,6
DA:21,1
DA:25,1
DA:29,2
LF:11
LH:11
BRDA:17,0,0,6
BRDA:17,0,1,0
BRF:2
BRH:1
end_of_record
TN:
SF:src/modules/contracts/domain/contract.Entity.ts
FN:8,(anonymous_0)
FN:21,(anonymous_1)
FN:24,(anonymous_2)
FN:27,(anonymous_3)
FN:30,(anonymous_4)
FN:33,(anonymous_5)
FN:36,(anonymous_6)
FN:40,(anonymous_7)
FN:45,(anonymous_8)
FN:50,(anonymous_9)
FN:57,(anonymous_10)
FN:61,(anonymous_11)
FN:66,(anonymous_12)
FN:73,(anonymous_13)
FNF:14
FNH:14
FNDA:27,(anonymous_0)
FNDA:18,(anonymous_1)
FNDA:5,(anonymous_2)
FNDA:9,(anonymous_3)
FNDA:4,(anonymous_4)
FNDA:4,(anonymous_5)
FNDA:8,(anonymous_6)
FNDA:2,(anonymous_7)
FNDA:2,(anonymous_8)
FNDA:2,(anonymous_9)
FNDA:3,(anonymous_10)
FNDA:29,(anonymous_11)
FNDA:24,(anonymous_12)
FNDA:27,(anonymous_13)
DA:1,5
DA:2,5
DA:3,5
DA:4,5
DA:7,5
DA:9,27
DA:10,27
DA:11,27
DA:12,27
DA:13,27
DA:14,27
DA:16,27
DA:17,27
DA:18,24
DA:22,18
DA:25,5
DA:28,9
DA:31,4
DA:34,4
DA:37,8
DA:41,2
DA:42,2
DA:46,2
DA:47,2
DA:51,2
DA:52,2
DA:53,2
DA:58,3
DA:62,29
DA:63,3
DA:67,24
DA:68,24
DA:69,21
DA:74,27
DA:82,24
LF:35
LH:35
BRDA:52,0,0,2
BRDA:62,1,0,3
BRDA:68,2,0,21
BRF:3
BRH:3
end_of_record
TN:
SF:src/modules/contracts/domain/DTOs/contract.changeClasses.dto.ts
FN:12,(anonymous_1)
FNF:1
FNH:1
FNDA:1,(anonymous_1)
DA:1,1
DA:2,1
DA:9,1
DA:12,1
LF:4
LH:4
BRF:0
BRH:0
end_of_record
TN:
SF:src/modules/contracts/domain/DTOs/contract.changePlan.dto.ts
FN:15,(anonymous_1)
FNF:1
FNH:1
FNDA:1,(anonymous_1)
DA:1,1
DA:3,1
DA:11,1
DA:15,1
LF:4
LH:4
BRF:0
BRH:0
end_of_record
TN:
SF:src/modules/contracts/domain/DTOs/contract.create.dto.ts
FN:17,(anonymous_1)
FNF:1
FNH:1
FNDA:1,(anonymous_1)
DA:1,1
DA:3,1
DA:12,1
DA:17,1
LF:4
LH:4
BRF:0
BRH:0
end_of_record
TN:
SF:src/modules/firm/business/firm.Business.ts
FN:7,(anonymous_7)
FN:9,(anonymous_8)
FN:13,(anonymous_10)
FNF:3
FNH:3
FNDA:1,(anonymous_7)
FNDA:1,(anonymous_8)
FNDA:2,(anonymous_10)
DA:6,1
DA:7,1
DA:10,1
DA:15,2
DA:17,2
DA:19,2
DA:20,2
DA:21,2
DA:22,2
DA:23,2
DA:24,2
DA:25,2
DA:27,2
LF:13
LH:13
BRDA:19,0,0,2
BRDA:19,0,1,2
BRDA:20,1,0,2
BRDA:20,1,1,1
BRDA:21,2,0,2
BRDA:21,2,1,1
BRDA:22,3,0,2
BRDA:22,3,1,1
BRDA:23,4,0,2
BRDA:23,4,1,1
BRDA:24,5,0,2
BRDA:24,5,1,1
BRDA:25,6,0,2
BRDA:25,6,1,1
BRF:14
BRH:14
end_of_record
TN:
SF:src/modules/firm/controller/firm.Controller.ts
FN:6,(anonymous_7)
FN:8,(anonymous_8)
FN:13,(anonymous_10)
FNF:3
FNH:3
FNDA:1,(anonymous_7)
FNDA:1,(anonymous_8)
FNDA:2,(anonymous_10)
DA:3,1
DA:5,1
DA:6,1
DA:9,1
DA:10,1
DA:14,2
DA:23,2
DA:24,2
LF:8
LH:8
BRF:0
BRH:0
end_of_record
TN:
SF:src/modules/firm/database/firm.database.ts
FN:6,(anonymous_7)
FN:9,(anonymous_8)
FN:14,(anonymous_11)
FN:18,(anonymous_13)
FNF:4
FNH:4
FNDA:1,(anonymous_7)
FNDA:2,(anonymous_8)
FNDA:2,(anonymous_11)
FNDA:2,(anonymous_13)
DA:2,1
DA:4,1
DA:6,1
DA:7,1
DA:10,2
DA:11,2
DA:15,2
DA:19,2
LF:8
LH:8
BRF:0
BRH:0
end_of_record
TN:
SF:src/modules/firm/domain/firm.Entity.ts
FN:2,(anonymous_0)
FN:13,(anonymous_1)
FN:17,(anonymous_2)
FN:21,(anonymous_3)
FN:25,(anonymous_4)
FN:29,(anonymous_5)
FN:33,(anonymous_6)
FN:37,(anonymous_7)
FN:41,(anonymous_8)
FN:45,(anonymous_9)
FN:49,(anonymous_10)
FN:53,(anonymous_11)
FN:57,(anonymous_12)
FN:61,(anonymous_13)
FN:65,(anonymous_14)
FN:69,(anonymous_15)
FNF:16
FNH:16
FNDA:9,(anonymous_0)
FNDA:5,(anonymous_1)
FNDA:4,(anonymous_2)
FNDA:4,(anonymous_3)
FNDA:4,(anonymous_4)
FNDA:4,(anonymous_5)
FNDA:4,(anonymous_6)
FNDA:4,(anonymous_7)
FNDA:5,(anonymous_8)
FNDA:2,(anonymous_9)
FNDA:2,(anonymous_10)
FNDA:2,(anonymous_11)
FNDA:2,(anonymous_12)
FNDA:2,(anonymous_13)
FNDA:2,(anonymous_14)
FNDA:9,(anonymous_15)
DA:1,4
DA:3,9
DA:4,9
DA:5,9
DA:6,9
DA:7,9
DA:8,9
DA:9,9
DA:14,5
DA:18,4
DA:22,4
DA:26,4
DA:30,4
DA:34,4
DA:38,4
DA:42,5
DA:46,2
DA:50,2
DA:54,2
DA:58,2
DA:62,2
DA:66,2
DA:70,9
LF:23
LH:23
BRF:0
BRH:0
end_of_record
TN:
SF:src/modules/firm/domain/DTOs/firm.edit.dto.ts
FN:22,(anonymous_1)
FNF:1
FNH:1
FNDA:2,(anonymous_1)
DA:1,1
DA:2,1
DA:14,1
DA:22,2
LF:4
LH:4
BRF:0
BRH:0
end_of_record
TN:
SF:src/modules/plans/business/plan.Business.ts
FN:11,(anonymous_7)
FN:13,(anonymous_8)
FN:17,(anonymous_10)
FN:37,(anonymous_12)
FN:53,(anonymous_14)
FNF:5
FNH:5
FNDA:1,(anonymous_7)
FNDA:1,(anonymous_8)
FNDA:2,(anonymous_10)
FNDA:3,(anonymous_12)
FNDA:1,(anonymous_14)
DA:1,1
DA:2,1
DA:6,1
DA:8,1
DA:10,1
DA:11,1
DA:14,1
DA:18,2
DA:19,2
DA:21,2
DA:22,2
DA:23,1
DA:26,1
DA:34,1
DA:38,3
DA:39,3
DA:41,3
DA:42,1
DA:45,2
DA:46,1
DA:49,1
DA:50,1
DA:54,1
LF:23
LH:23
BRDA:22,0,0,1
BRDA:41,1,0,1
BRDA:45,2,0,1
BRF:3
BRH:3
end_of_record
TN:
SF:src/modules/plans/business/plan.utils.formatPrice.ts
FN:1,(anonymous_0)
FNF:1
FNH:1
FNDA:2,(anonymous_0)
DA:1,2
LF:1
LH:1
BRF:0
BRH:0
end_of_record
TN:
SF:src/modules/plans/controller/plan.Controller.ts
FN:8,(anonymous_7)
FN:10,(anonymous_8)
FN:15,(anonymous_10)
FN:27,(anonymous_12)
FN:36,(anonymous_14)
FNF:5
FNH:5
FNDA:1,(anonymous_7)
FNDA:1,(anonymous_8)
FNDA:1,(anonymous_10)
FNDA:1,(anonymous_12)
FNDA:1,(anonymous_14)
DA:2,1
DA:4,1
DA:5,1
DA:7,1
DA:8,1
DA:11,1
DA:12,1
DA:16,1
DA:23,1
DA:24,1
DA:28,1
DA:32,1
DA:33,1
DA:37,1
DA:38,1
DA:39,1
LF:16
LH:16
BRF:0
BRH:0
end_of_record
TN:
SF:src/modules/plans/database/plan.Database.ts
FN:6,(anonymous_7)
FN:10,(anonymous_8)
FN:12,(anonymous_11)
FN:15,(anonymous_12)
FN:24,(anonymous_15)
FN:28,(anonymous_18)
FN:32,(anonymous_21)
FN:36,(anonymous_24)
FN:47,(anonymous_25)
FNF:9
FNH:9
FNDA:1,(anonymous_7)
FNDA:1,(anonymous_8)
FNDA:2,(anonymous_11)
FNDA:3,(anonymous_12)
FNDA:1,(anonymous_15)
FNDA:2,(anonymous_18)
FNDA:2,(anonymous_21)
FNDA:2,(anonymous_24)
FNDA:4,(anonymous_25)
DA:2,1
DA:3,1
DA:4,1
DA:6,1
DA:8,1
DA:11,1
DA:12,2
DA:16,3
DA:17,3
DA:18,1
DA:21,2
DA:25,1
DA:29,2
DA:33,2
DA:37,2
DA:48,4
LF:16
LH:16
BRDA:17,0,0,1
BRDA:48,1,0,3
BRDA:48,1,1,1
BRF:3
BRH:3
end_of_record
TN:
SF:src/modules/plans/domain/plan.Entity.ts
FN:5,(anonymous_0)
FN:17,(anonymous_1)
FN:21,(anonymous_2)
FN:25,(anonymous_3)
FN:29,(anonymous_4)
FN:33,(anonymous_5)
FN:37,(anonymous_6)
FN:41,(anonymous_7)
FN:45,(anonymous_8)
FN:51,(anonymous_9)
FN:57,(anonymous_10)
FN:71,(anonymous_11)
FN:75,(anonymous_12)
FNF:13
FNH:13
FNDA:30,(anonymous_0)
FNDA:11,(anonymous_1)
FNDA:3,(anonymous_2)
FNDA:4,(anonymous_3)
FNDA:3,(anonymous_4)
FNDA:3,(anonymous_5)
FNDA:4,(anonymous_6)
FNDA:2,(anonymous_7)
FNDA:26,(anonymous_8)
FNDA:30,(anonymous_9)
FNDA:30,(anonymous_10)
FNDA:4,(anonymous_11)
FNDA:3,(anonymous_12)
DA:1,4
DA:2,4
DA:4,4
DA:6,30
DA:7,30
DA:8,30
DA:9,30
DA:10,30
DA:11,30
DA:13,30
DA:14,26
DA:18,11
DA:22,3
DA:26,4
DA:30,3
DA:34,3
DA:38,4
DA:42,2
DA:46,26
DA:47,3
DA:52,30
DA:53,4
DA:58,30
DA:70,4
DA:71,4
DA:76,3
LF:26
LH:26
BRDA:46,0,0,3
BRDA:52,1,0,4
BRF:2
BRH:2
end_of_record
TN:
SF:src/modules/plans/domain/DTOs/plan.createPlan.dto.ts
FN:18,(anonymous_1)
FNF:1
FNH:1
FNDA:1,(anonymous_1)
DA:1,1
DA:2,1
DA:12,1
DA:18,1
LF:4
LH:4
BRF:0
BRH:0
end_of_record
TN:
SF:src/modules/plans/domain/DTOs/plan.editPlan.dto.ts
FN:13,(anonymous_1)
FNF:1
FNH:1
FNDA:1,(anonymous_1)
DA:2,1
DA:3,1
DA:10,1
DA:13,1
LF:4
LH:4
BRF:0
BRH:0
end_of_record
TN:
SF:tests/common/mocks/common.service.id.mock.ts
FN:4,(anonymous_0)
FN:5,(anonymous_1)
FNF:2
FNH:2
FNDA:2,(anonymous_0)
FNDA:62,(anonymous_1)
DA:4,2
DA:5,2
DA:6,62
LF:3
LH:3
BRF:0
BRH:0
end_of_record
TN:
SF:tests/modules/auth/mocks/auth.businessMock.ts
FN:14,(anonymous_7)
FN:21,(anonymous_8)
FN:21,(anonymous_9)
FN:24,(anonymous_10)
FN:24,(anonymous_11)
FN:26,(anonymous_12)
FN:26,(anonymous_13)
FN:28,(anonymous_14)
FN:28,(anonymous_15)
FN:30,(anonymous_16)
FN:30,(anonymous_17)
FN:33,(anonymous_18)
FN:33,(anonymous_19)
FNF:13
FNH:13
FNDA:1,(anonymous_7)
FNDA:1,(anonymous_8)
FNDA:1,(anonymous_9)
FNDA:1,(anonymous_10)
FNDA:1,(anonymous_11)
FNDA:1,(anonymous_12)
FNDA:1,(anonymous_13)
FNDA:1,(anonymous_14)
FNDA:1,(anonymous_15)
FNDA:1,(anonymous_16)
FNDA:1,(anonymous_17)
FNDA:1,(anonymous_18)
FNDA:1,(anonymous_19)
DA:9,1
DA:13,1
DA:15,1
DA:16,1
DA:17,1
DA:20,1
DA:21,1
DA:24,1
DA:26,1
DA:28,1
DA:30,1
DA:32,1
DA:33,1
LF:13
LH:13
BRF:0
BRH:0
end_of_record
TN:
SF:tests/modules/auth/mocks/auth.database.mock.ts
FN:7,(anonymous_7)
FN:10,(anonymous_8)
FN:10,(anonymous_9)
FN:14,(anonymous_10)
FN:14,(anonymous_11)
FN:19,(anonymous_12)
FN:19,(anonymous_13)
FN:21,(anonymous_14)
FN:21,(anonymous_15)
FN:24,(anonymous_16)
FN:24,(anonymous_17)
FN:27,(anonymous_18)
FN:27,(anonymous_19)
FN:28,(anonymous_20)
FN:28,(anonymous_21)
FN:31,(anonymous_22)
FN:31,(anonymous_23)
FN:32,(anonymous_24)
FN:32,(anonymous_25)
FN:33,(anonymous_26)
FN:33,(anonymous_27)
FNF:21
FNH:17
FNDA:2,(anonymous_7)
FNDA:1,(anonymous_8)
FNDA:1,(anonymous_9)
FNDA:0,(anonymous_10)
FNDA:0,(anonymous_11)
FNDA:1,(anonymous_12)
FNDA:1,(anonymous_13)
FNDA:1,(anonymous_14)
FNDA:1,(anonymous_15)
FNDA:1,(anonymous_16)
FNDA:1,(anonymous_17)
FNDA:0,(anonymous_18)
FNDA:0,(anonymous_19)
FNDA:1,(anonymous_20)
FNDA:1,(anonymous_21)
FNDA:1,(anonymous_22)
FNDA:1,(anonymous_23)
FNDA:1,(anonymous_24)
FNDA:1,(anonymous_25)
FNDA:2,(anonymous_26)
FNDA:2,(anonymous_27)
DA:4,2
DA:7,2
DA:9,2
DA:10,1
DA:11,1
DA:13,2
DA:14,0
DA:15,0
DA:19,2
DA:21,2
DA:22,1
DA:24,2
DA:25,1
DA:27,2
DA:28,2
DA:29,1
DA:31,2
DA:32,2
DA:33,2
LF:19
LH:17
BRF:0
BRH:0
end_of_record
TN:
SF:tests/modules/auth/mocks/auth.mailer.service.mock.ts
FN:3,(anonymous_7)
FN:5,(anonymous_8)
FN:8,(anonymous_9)
FNF:3
FNH:3
FNDA:2,(anonymous_7)
FNDA:2,(anonymous_8)
FNDA:2,(anonymous_9)
DA:3,2
DA:5,2
DA:8,2
LF:3
LH:3
BRF:0
BRH:0
end_of_record
TN:
SF:tests/modules/auth/mocks/auth.userMock.ts
FNF:0
FNH:0
DA:1,2
DA:3,2
LF:2
LH:2
BRF:0
BRH:0
end_of_record
TN:
SF:tests/modules/auth/mocks/common.token.mock.ts
FN:3,(anonymous_0)
FN:4,(anonymous_1)
FN:7,(anonymous_2)
FN:10,(anonymous_3)
FN:11,(anonymous_4)
FNF:5
FNH:2
FNDA:2,(anonymous_0)
FNDA:2,(anonymous_1)
FNDA:0,(anonymous_2)
FNDA:0,(anonymous_3)
FNDA:0,(anonymous_4)
DA:3,2
DA:4,2
DA:5,2
DA:7,2
DA:8,0
DA:10,2
DA:11,2
LF:7
LH:6
BRF:0
BRH:0
end_of_record
TN:
SF:tests/modules/booking/mocks/bookin.business.mock.ts
FN:11,(anonymous_7)
FN:12,(anonymous_8)
FN:12,(anonymous_9)
FN:16,(anonymous_10)
FN:16,(anonymous_11)
FN:21,(anonymous_12)
FN:21,(anonymous_13)
FN:26,(anonymous_14)
FN:26,(anonymous_15)
FN:31,(anonymous_16)
FN:31,(anonymous_17)
FN:35,(anonymous_18)
FN:35,(anonymous_19)
FNF:13
FNH:13
FNDA:1,(anonymous_7)
FNDA:1,(anonymous_8)
FNDA:1,(anonymous_9)
FNDA:2,(anonymous_10)
FNDA:2,(anonymous_11)
FNDA:2,(anonymous_12)
FNDA:2,(anonymous_13)
FNDA:1,(anonymous_14)
FNDA:1,(anonymous_15)
FNDA:1,(anonymous_16)
FNDA:1,(anonymous_17)
FNDA:1,(anonymous_18)
FNDA:1,(anonymous_19)
DA:10,1
DA:11,1
DA:12,1
DA:13,1
DA:16,2
DA:17,2
DA:21,2
DA:22,2
DA:26,1
DA:31,1
DA:35,1
LF:11
LH:11
BRF:0
BRH:0
end_of_record
TN:
SF:tests/modules/booking/mocks/booking.database.mock.ts
FN:14,(anonymous_7)
FN:16,(anonymous_8)
FN:16,(anonymous_9)
FN:21,(anonymous_10)
FN:21,(anonymous_11)
FN:23,(anonymous_12)
FN:23,(anonymous_13)
FN:27,(anonymous_14)
FN:27,(anonymous_15)
FN:28,(anonymous_16)
FN:28,(anonymous_17)
FNF:11
FNH:11
FNDA:2,(anonymous_7)
FNDA:5,(anonymous_8)
FNDA:5,(anonymous_9)
FNDA:5,(anonymous_10)
FNDA:5,(anonymous_11)
FNDA:6,(anonymous_12)
FNDA:6,(anonymous_13)
FNDA:2,(anonymous_14)
FNDA:2,(anonymous_15)
FNDA:2,(anonymous_16)
FNDA:2,(anonymous_17)
DA:2,2
DA:5,2
DA:14,2
DA:15,2
DA:16,5
DA:17,5
DA:20,2
DA:21,5
DA:23,6
DA:24,6
DA:27,2
DA:28,2
LF:12
LH:12
BRDA:24,0,0,3
BRDA:24,0,1,3
BRF:2
BRH:2
end_of_record
TN:
SF:tests/modules/calendar/mocks/calendar.business.mock.ts
FN:11,(anonymous_7)
FN:16,(anonymous_8)
FN:16,(anonymous_9)
FN:21,(anonymous_10)
FN:21,(anonymous_11)
FN:25,(anonymous_12)
FN:25,(anonymous_13)
FN:29,(anonymous_14)
FN:29,(anonymous_15)
FNF:9
FNH:9
FNDA:1,(anonymous_7)
FNDA:2,(anonymous_8)
FNDA:2,(anonymous_9)
FNDA:1,(anonymous_10)
FNDA:1,(anonymous_11)
FNDA:3,(anonymous_12)
FNDA:3,(anonymous_13)
FNDA:2,(anonymous_14)
FNDA:2,(anonymous_15)
DA:8,1
DA:10,1
DA:12,1
DA:13,1
DA:16,2
DA:17,2
DA:21,1
DA:22,1
DA:25,3
DA:29,2
LF:10
LH:10
BRF:0
BRH:0
end_of_record
TN:
SF:tests/modules/calendar/mocks/calendar.database.mock.ts
FN:28,(anonymous_7)
FN:29,(anonymous_8)
FN:29,(anonymous_9)
FN:32,(anonymous_10)
FN:32,(anonymous_11)
FN:36,(anonymous_12)
FN:36,(anonymous_13)
FN:37,(anonymous_14)
FN:37,(anonymous_15)
FN:38,(anonymous_16)
FN:38,(anonymous_17)
FNF:11
FNH:11
FNDA:2,(anonymous_7)
FNDA:2,(anonymous_8)
FNDA:2,(anonymous_9)
FNDA:1,(anonymous_10)
FNDA:1,(anonymous_11)
FNDA:62,(anonymous_12)
FNDA:62,(anonymous_13)
FNDA:1,(anonymous_14)
FNDA:1,(anonymous_15)
FNDA:1,(anonymous_16)
FNDA:1,(anonymous_17)
DA:2,2
DA:4,2
DA:28,2
DA:29,2
DA:30,2
DA:32,2
DA:33,1
DA:36,62
DA:37,2
DA:38,2
LF:10
LH:10
BRF:0
BRH:0
end_of_record
TN:
SF:tests/modules/contract/mocks/contract.business.mock.ts
FN:10,(anonymous_7)
FN:12,(anonymous_8)
FN:12,(anonymous_9)
FN:16,(anonymous_10)
FN:16,(anonymous_11)
FN:21,(anonymous_12)
FN:21,(anonymous_13)
FN:24,(anonymous_14)
FN:24,(anonymous_15)
FN:27,(anonymous_16)
FN:27,(anonymous_17)
FNF:11
FNH:11
FNDA:1,(anonymous_7)
FNDA:1,(anonymous_8)
FNDA:1,(anonymous_9)
FNDA:2,(anonymous_10)
FNDA:2,(anonymous_11)
FNDA:1,(anonymous_12)
FNDA:1,(anonymous_13)
FNDA:1,(anonymous_14)
FNDA:1,(anonymous_15)
FNDA:1,(anonymous_16)
FNDA:1,(anonymous_17)
DA:7,1
DA:9,1
DA:10,1
DA:12,1
DA:13,1
DA:16,2
DA:17,2
DA:20,1
DA:21,1
DA:24,1
DA:26,1
DA:27,1
LF:12
LH:12
BRF:0
BRH:0
end_of_record
TN:
SF:tests/modules/contract/mocks/contract.database.mock.ts
FN:23,(anonymous_7)
FN:24,(anonymous_8)
FN:24,(anonymous_9)
FN:27,(anonymous_10)
FN:27,(anonymous_11)
FN:28,(anonymous_12)
FN:32,(anonymous_13)
FN:32,(anonymous_14)
FN:33,(anonymous_15)
FN:33,(anonymous_16)
FNF:10
FNH:10
FNDA:2,(anonymous_7)
FNDA:1,(anonymous_8)
FNDA:1,(anonymous_9)
FNDA:8,(anonymous_10)
FNDA:8,(anonymous_11)
FNDA:12,(anonymous_12)
FNDA:1,(anonymous_13)
FNDA:1,(anonymous_14)
FNDA:2,(anonymous_15)
FNDA:2,(anonymous_16)
DA:2,2
DA:4,2
DA:23,2
DA:24,2
DA:25,1
DA:27,8
DA:28,12
DA:29,8
DA:32,2
DA:33,2
LF:10
LH:10
BRDA:29,0,0,4
BRDA:29,0,1,4
BRDA:29,1,0,8
BRDA:29,1,1,8
BRF:4
BRH:4
end_of_record
TN:
SF:tests/modules/firm/mocks/firm.business.mock.ts
FN:7,(anonymous_7)
FN:9,(anonymous_8)
FN:9,(anonymous_9)
FN:13,(anonymous_10)
FN:13,(anonymous_11)
FNF:5
FNH:5
FNDA:1,(anonymous_7)
FNDA:1,(anonymous_8)
FNDA:1,(anonymous_9)
FNDA:2,(anonymous_10)
FNDA:2,(anonymous_11)
DA:4,1
DA:6,1
DA:7,1
DA:9,1
DA:10,1
DA:13,2
LF:6
LH:6
BRF:0
BRH:0
end_of_record
TN:
SF:tests/modules/firm/mocks/firm.database.mock.ts
FN:15,(anonymous_7)
FN:16,(anonymous_8)
FN:16,(anonymous_9)
FN:19,(anonymous_10)
FN:19,(anonymous_11)
FNF:5
FNH:5
FNDA:2,(anonymous_7)
FNDA:3,(anonymous_8)
FNDA:3,(anonymous_9)
FNDA:2,(anonymous_10)
FNDA:2,(anonymous_11)
DA:2,3
DA:4,3
DA:15,3
DA:16,3
DA:17,3
DA:19,2
LF:6
LH:6
BRF:0
BRH:0
end_of_record
TN:
SF:tests/modules/plan/mocks/plan.business.mock.ts
FN:8,(anonymous_7)
FN:10,(anonymous_8)
FN:10,(anonymous_9)
FN:15,(anonymous_10)
FN:15,(anonymous_11)
FN:18,(anonymous_12)
FN:18,(anonymous_13)
FN:20,(anonymous_14)
FN:20,(anonymous_15)
FNF:9
FNH:9
FNDA:1,(anonymous_7)
FNDA:1,(anonymous_8)
FNDA:1,(anonymous_9)
FNDA:1,(anonymous_10)
FNDA:1,(anonymous_11)
FNDA:1,(anonymous_12)
FNDA:1,(anonymous_13)
FNDA:1,(anonymous_14)
FNDA:1,(anonymous_15)
DA:7,1
DA:8,1
DA:10,1
DA:11,1
DA:14,1
DA:15,1
DA:18,1
DA:20,1
LF:8
LH:8
BRF:0
BRH:0
end_of_record
TN:
SF:tests/modules/plan/mocks/plan.database.mock.ts
FN:18,(anonymous_7)
FN:19,(anonymous_8)
FN:19,(anonymous_9)
FN:20,(anonymous_10)
FN:23,(anonymous_11)
FN:23,(anonymous_12)
FN:24,(anonymous_13)
FN:24,(anonymous_14)
FN:25,(anonymous_15)
FN:25,(anonymous_16)
FN:28,(anonymous_17)
FN:28,(anonymous_18)
FNF:12
FNH:12
FNDA:2,(anonymous_7)
FNDA:5,(anonymous_8)
FNDA:5,(anonymous_9)
FNDA:8,(anonymous_10)
FNDA:1,(anonymous_11)
FNDA:1,(anonymous_12)
FNDA:1,(anonymous_13)
FNDA:1,(anonymous_14)
FNDA:1,(anonymous_15)
FNDA:1,(anonymous_16)
FNDA:1,(anonymous_17)
FNDA:1,(anonymous_18)
DA:1,2
DA:3,2
DA:6,2
DA:18,2
DA:19,5
DA:20,8
DA:23,2
DA:24,2
DA:25,2
DA:26,1
DA:28,2
LF:11
LH:11
BRF:0
BRH:0
end_of_record
