TN:
SF:src/common/customError/customError.ts
FN:2,(anonymous_0)
FNF:1
FNH:1
FNDA:18,(anonymous_0)
DA:1,9
DA:2,18
DA:3,18
LF:3
LH:3
BRDA:2,0,0,0
BRF:1
BRH:0
end_of_record
TN:
SF:src/common/customError/notFound.ts
FN:5,(anonymous_0)
FNF:1
FNH:1
FNDA:4,(anonymous_0)
DA:1,3
DA:4,3
DA:5,4
DA:6,4
LF:4
LH:4
BRDA:5,0,0,2
BRF:1
BRH:1
end_of_record
TN:
SF:src/common/database/BaseDatabase.ts
FN:23,(anonymous_14)
FN:27,(anonymous_15)
FN:29,(anonymous_17)
FN:32,(anonymous_18)
FN:37,(anonymous_20)
FN:41,(anonymous_22)
FN:49,(anonymous_24)
FNF:7
FNH:7
FNDA:15,(anonymous_14)
FNDA:1,(anonymous_15)
FNDA:2,(anonymous_17)
FNDA:5,(anonymous_18)
FNDA:2,(anonymous_20)
FNDA:2,(anonymous_22)
FNDA:3,(anonymous_24)
DA:1,2
DA:2,2
DA:4,2
DA:5,2
DA:7,2
DA:9,2
DA:14,2
DA:16,2
DA:18,2
DA:24,15
DA:28,1
DA:29,2
DA:33,5
DA:34,5
DA:38,2
DA:42,2
DA:43,2
DA:44,1
DA:46,1
DA:50,3
DA:51,3
DA:52,2
DA:54,1
LF:23
LH:23
BRDA:34,0,0,5
BRDA:34,0,1,0
BRDA:43,1,0,1
BRDA:51,2,0,2
BRDA:51,2,1,1
BRF:5
BRH:4
end_of_record
TN:
SF:src/common/database/config.ts
FNF:0
FNH:0
DA:3,2
DA:18,2
LF:2
LH:2
BRDA:7,0,0,0
BRDA:7,0,1,2
BRDA:7,1,0,2
BRDA:7,1,1,2
BRF:4
BRH:3
end_of_record
TN:
SF:src/common/domain/common.enum.ts
FN:1,(anonymous_0)
FN:8,(anonymous_1)
FN:18,(anonymous_2)
FN:27,(anonymous_3)
FN:33,(anonymous_4)
FNF:5
FNH:5
FNDA:4,(anonymous_0)
FNDA:4,(anonymous_1)
FNDA:4,(anonymous_2)
FNDA:4,(anonymous_3)
FNDA:4,(anonymous_4)
DA:1,4
DA:2,4
DA:3,4
DA:4,4
DA:5,4
DA:8,4
DA:9,4
DA:10,4
DA:11,4
DA:12,4
DA:13,4
DA:14,4
DA:15,4
DA:18,4
DA:19,4
DA:20,4
DA:21,4
DA:22,4
DA:23,4
DA:24,4
DA:27,4
DA:28,4
DA:29,4
DA:30,4
DA:33,4
DA:34,4
DA:35,4
DA:36,4
DA:37,4
DA:38,4
DA:39,4
DA:40,4
DA:41,4
DA:42,4
DA:43,4
DA:44,4
DA:45,4
DA:48,4
LF:38
LH:38
BRDA:1,0,0,4
BRDA:1,0,1,4
BRDA:8,1,0,4
BRDA:8,1,1,4
BRDA:18,2,0,4
BRDA:18,2,1,4
BRDA:27,3,0,4
BRDA:27,3,1,4
BRDA:33,4,0,4
BRDA:33,4,1,4
BRF:10
BRH:10
end_of_record
TN:
SF:src/common/domain/common.id.dto.ts
FN:10,(anonymous_1)
FNF:1
FNH:1
FNDA:3,(anonymous_1)
DA:1,2
DA:7,2
DA:10,3
LF:3
LH:3
BRF:0
BRH:0
end_of_record
TN:
SF:src/common/domain/common.pattern.name.ts
FN:3,(anonymous_0)
FNF:1
FNH:1
FNDA:23,(anonymous_0)
DA:1,5
DA:3,5
DA:5,23
DA:6,23
DA:7,5
LF:5
LH:5
BRDA:6,0,0,5
BRF:1
BRH:1
end_of_record
TN:
SF:src/common/domain/common.zodPatterns.ts
FNF:0
FNH:0
DA:1,3
DA:3,3
DA:8,3
DA:12,3
DA:16,3
DA:18,3
DA:22,3
DA:26,3
DA:30,3
DA:34,3
DA:38,3
DA:42,3
DA:46,3
DA:55,3
DA:57,3
LF:15
LH:15
BRF:0
BRH:0
end_of_record
TN:
SF:src/common/utils/common.utils.capitilizeName.ts
FN:1,(anonymous_0)
FN:2,(anonymous_1)
FNF:2
FNH:2
FNDA:1,(anonymous_0)
FNDA:1,(anonymous_1)
DA:1,1
DA:2,1
LF:2
LH:2
BRF:0
BRH:0
end_of_record
TN:
SF:src/modules/auth/business/auth.Business.ts
FN:12,(anonymous_7)
FN:18,(anonymous_8)
FN:23,(anonymous_10)
FN:36,(anonymous_12)
FN:40,(anonymous_14)
FN:45,(anonymous_16)
FN:51,(anonymous_18)
FNF:7
FNH:7
FNDA:1,(anonymous_7)
FNDA:1,(anonymous_8)
FNDA:1,(anonymous_10)
FNDA:1,(anonymous_12)
FNDA:1,(anonymous_14)
FNDA:1,(anonymous_16)
FNDA:2,(anonymous_18)
DA:3,1
DA:4,1
DA:11,1
DA:13,1
DA:14,1
DA:15,1
DA:19,1
DA:20,1
DA:24,1
DA:25,1
DA:27,1
DA:32,1
DA:33,1
DA:37,1
DA:41,1
DA:42,1
DA:46,1
DA:47,1
DA:48,1
DA:52,2
DA:53,2
LF:21
LH:21
BRF:0
BRH:0
end_of_record
TN:
SF:src/modules/auth/controller/auth.Controller.ts
FN:9,(anonymous_7)
FN:11,(anonymous_8)
FN:17,(anonymous_10)
FN:26,(anonymous_12)
FN:31,(anonymous_14)
FN:37,(anonymous_16)
FN:43,(anonymous_18)
FNF:7
FNH:7
FNDA:1,(anonymous_7)
FNDA:1,(anonymous_8)
FNDA:1,(anonymous_10)
FNDA:1,(anonymous_12)
FNDA:1,(anonymous_14)
FNDA:1,(anonymous_16)
FNDA:1,(anonymous_18)
DA:2,1
DA:4,1
DA:5,1
DA:6,1
DA:8,1
DA:9,1
DA:12,1
DA:13,1
DA:14,1
DA:18,1
DA:22,1
DA:23,1
DA:27,1
DA:28,1
DA:32,1
DA:33,1
DA:34,1
DA:38,1
DA:39,1
DA:40,1
DA:44,1
DA:45,1
DA:46,1
LF:23
LH:23
BRF:0
BRH:0
end_of_record
TN:
SF:src/modules/auth/database/auth.Database.ts
FN:7,(anonymous_7)
FN:10,(anonymous_8)
FN:19,(anonymous_11)
FN:24,(anonymous_13)
FN:28,(anonymous_15)
FN:32,(anonymous_18)
FN:40,(anonymous_21)
FN:42,(anonymous_23)
FN:45,(anonymous_24)
FN:52,(anonymous_27)
FN:59,(anonymous_29)
FN:63,(anonymous_31)
FN:72,(anonymous_32)
FN:76,(anonymous_34)
FN:82,(anonymous_36)
FN:83,(anonymous_37)
FNF:16
FNH:11
FNDA:1,(anonymous_7)
FNDA:0,(anonymous_8)
FNDA:0,(anonymous_11)
FNDA:0,(anonymous_13)
FNDA:1,(anonymous_15)
FNDA:3,(anonymous_18)
FNDA:1,(anonymous_21)
FNDA:2,(anonymous_23)
FNDA:1,(anonymous_24)
FNDA:0,(anonymous_27)
FNDA:1,(anonymous_29)
FNDA:1,(anonymous_31)
FNDA:1,(anonymous_32)
FNDA:1,(anonymous_34)
FNDA:1,(anonymous_36)
FNDA:0,(anonymous_37)
DA:2,1
DA:3,1
DA:5,1
DA:7,1
DA:8,1
DA:11,0
DA:12,0
DA:13,0
DA:14,0
DA:16,0
DA:20,0
DA:21,0
DA:25,0
DA:29,1
DA:33,3
DA:34,3
DA:35,1
DA:37,2
DA:41,1
DA:42,2
DA:46,1
DA:47,1
DA:48,1
DA:53,0
DA:56,0
DA:60,1
DA:64,1
DA:74,1
DA:78,1
DA:83,1
LF:30
LH:20
BRDA:13,0,0,0
BRDA:34,1,0,1
BRF:2
BRH:1
end_of_record
TN:
SF:src/modules/auth/domain/auth.Entity.ts
FN:4,(anonymous_0)
FN:14,(anonymous_1)
FN:18,(anonymous_2)
FN:22,(anonymous_3)
FN:26,(anonymous_4)
FN:29,(anonymous_5)
FN:35,(anonymous_6)
FNF:7
FNH:7
FNDA:13,(anonymous_0)
FNDA:2,(anonymous_1)
FNDA:3,(anonymous_2)
FNDA:4,(anonymous_3)
FNDA:1,(anonymous_4)
FNDA:13,(anonymous_5)
FNDA:12,(anonymous_6)
DA:1,4
DA:3,4
DA:5,13
DA:6,13
DA:7,13
DA:8,13
DA:9,13
DA:11,13
DA:15,2
DA:19,3
DA:23,4
DA:27,1
DA:30,13
DA:31,12
DA:36,12
LF:15
LH:15
BRDA:8,0,0,5
BRDA:9,1,0,6
BRDA:15,2,0,2
BRDA:15,2,1,0
BRDA:19,3,0,3
BRDA:19,3,1,0
BRDA:30,4,0,12
BRF:7
BRH:5
end_of_record
TN:
SF:src/modules/auth/domain/DTOs/auth.email.dto.ts
FN:10,(anonymous_1)
FNF:1
FNH:1
FNDA:1,(anonymous_1)
DA:1,1
DA:2,1
DA:8,1
DA:10,1
LF:4
LH:4
BRF:0
BRH:0
end_of_record
TN:
SF:src/modules/auth/domain/DTOs/auth.login.dto.ts
FN:11,(anonymous_1)
FNF:1
FNH:1
FNDA:1,(anonymous_1)
DA:1,1
DA:2,1
DA:8,1
DA:11,1
LF:4
LH:4
BRF:0
BRH:0
end_of_record
TN:
SF:src/modules/auth/domain/DTOs/auth.signup.dto.ts
FN:12,(anonymous_1)
FNF:1
FNH:1
FNDA:1,(anonymous_1)
DA:1,1
DA:2,1
DA:9,1
DA:12,1
LF:4
LH:4
BRF:0
BRH:0
end_of_record
TN:
SF:src/modules/plans/business/plan.Business.ts
FN:11,(anonymous_7)
FN:13,(anonymous_8)
FN:17,(anonymous_10)
FN:37,(anonymous_12)
FN:53,(anonymous_14)
FNF:5
FNH:5
FNDA:1,(anonymous_7)
FNDA:1,(anonymous_8)
FNDA:2,(anonymous_10)
FNDA:3,(anonymous_12)
FNDA:1,(anonymous_14)
DA:1,1
DA:2,1
DA:6,1
DA:8,1
DA:10,1
DA:11,1
DA:14,1
DA:18,2
DA:19,2
DA:21,2
DA:22,2
DA:23,1
DA:26,1
DA:34,1
DA:38,3
DA:39,3
DA:41,3
DA:42,1
DA:45,2
DA:46,1
DA:49,1
DA:50,1
DA:54,1
LF:23
LH:23
BRDA:22,0,0,1
BRDA:41,1,0,1
BRDA:45,2,0,1
BRF:3
BRH:3
end_of_record
TN:
SF:src/modules/plans/business/plan.utils.formatPrice.ts
FN:1,(anonymous_0)
FNF:1
FNH:1
FNDA:2,(anonymous_0)
DA:1,2
LF:1
LH:1
BRF:0
BRH:0
end_of_record
TN:
SF:src/modules/plans/controller/plan.Controller.ts
FN:8,(anonymous_7)
FN:10,(anonymous_8)
FN:15,(anonymous_10)
FN:27,(anonymous_12)
FN:36,(anonymous_14)
FNF:5
FNH:5
FNDA:1,(anonymous_7)
FNDA:1,(anonymous_8)
FNDA:1,(anonymous_10)
FNDA:1,(anonymous_12)
FNDA:1,(anonymous_14)
DA:2,1
DA:4,1
DA:5,1
DA:7,1
DA:8,1
DA:11,1
DA:12,1
DA:16,1
DA:23,1
DA:24,1
DA:28,1
DA:32,1
DA:33,1
DA:37,1
DA:38,1
DA:39,1
LF:16
LH:16
BRF:0
BRH:0
end_of_record
TN:
SF:src/modules/plans/database/plan.Database.ts
FN:6,(anonymous_7)
FN:10,(anonymous_8)
FN:12,(anonymous_11)
FN:15,(anonymous_12)
FN:24,(anonymous_15)
FN:28,(anonymous_18)
FN:32,(anonymous_21)
FN:36,(anonymous_24)
FN:47,(anonymous_25)
FNF:9
FNH:9
FNDA:1,(anonymous_7)
FNDA:1,(anonymous_8)
FNDA:2,(anonymous_11)
FNDA:2,(anonymous_12)
FNDA:1,(anonymous_15)
FNDA:2,(anonymous_18)
FNDA:2,(anonymous_21)
FNDA:2,(anonymous_24)
FNDA:4,(anonymous_25)
DA:2,1
DA:3,1
DA:4,1
DA:6,1
DA:8,1
DA:11,1
DA:12,2
DA:16,2
DA:17,2
DA:18,0
DA:21,2
DA:25,1
DA:29,2
DA:33,2
DA:37,2
DA:48,4
LF:16
LH:15
BRDA:17,0,0,0
BRDA:48,1,0,3
BRDA:48,1,1,1
BRF:3
BRH:2
end_of_record
TN:
SF:src/modules/plans/domain/plan.Entity.ts
FN:5,(anonymous_0)
FN:17,(anonymous_1)
FN:21,(anonymous_2)
FN:25,(anonymous_3)
FN:29,(anonymous_4)
FN:33,(anonymous_5)
FN:37,(anonymous_6)
FN:41,(anonymous_7)
FN:45,(anonymous_8)
FN:51,(anonymous_9)
FN:57,(anonymous_10)
FN:71,(anonymous_11)
FN:75,(anonymous_12)
FNF:13
FNH:13
FNDA:30,(anonymous_0)
FNDA:11,(anonymous_1)
FNDA:3,(anonymous_2)
FNDA:4,(anonymous_3)
FNDA:3,(anonymous_4)
FNDA:3,(anonymous_5)
FNDA:4,(anonymous_6)
FNDA:2,(anonymous_7)
FNDA:26,(anonymous_8)
FNDA:30,(anonymous_9)
FNDA:30,(anonymous_10)
FNDA:4,(anonymous_11)
FNDA:3,(anonymous_12)
DA:1,4
DA:2,4
DA:4,4
DA:6,30
DA:7,30
DA:8,30
DA:9,30
DA:10,30
DA:11,30
DA:13,30
DA:14,26
DA:18,11
DA:22,3
DA:26,4
DA:30,3
DA:34,3
DA:38,4
DA:42,2
DA:46,26
DA:47,3
DA:52,30
DA:53,4
DA:58,30
DA:70,4
DA:71,4
DA:76,3
LF:26
LH:26
BRDA:46,0,0,3
BRDA:52,1,0,4
BRF:2
BRH:2
end_of_record
TN:
SF:src/modules/plans/domain/DTOs/plan.createPlan.dto.ts
FN:18,(anonymous_1)
FNF:1
FNH:1
FNDA:1,(anonymous_1)
DA:1,1
DA:2,1
DA:12,1
DA:18,1
LF:4
LH:4
BRF:0
BRH:0
end_of_record
TN:
SF:src/modules/plans/domain/DTOs/plan.editPlan.dto.ts
FN:13,(anonymous_1)
FNF:1
FNH:1
FNDA:1,(anonymous_1)
DA:2,1
DA:3,1
DA:10,1
DA:13,1
LF:4
LH:4
BRF:0
BRH:0
end_of_record
TN:
SF:tests/modules/auth/mocks/auth.businessMock.ts
FN:14,(anonymous_7)
FN:21,(anonymous_8)
FN:21,(anonymous_9)
FN:24,(anonymous_10)
FN:24,(anonymous_11)
FN:26,(anonymous_12)
FN:26,(anonymous_13)
FN:28,(anonymous_14)
FN:28,(anonymous_15)
FN:30,(anonymous_16)
FN:30,(anonymous_17)
FN:33,(anonymous_18)
FN:33,(anonymous_19)
FNF:13
FNH:13
FNDA:1,(anonymous_7)
FNDA:1,(anonymous_8)
FNDA:1,(anonymous_9)
FNDA:1,(anonymous_10)
FNDA:1,(anonymous_11)
FNDA:1,(anonymous_12)
FNDA:1,(anonymous_13)
FNDA:1,(anonymous_14)
FNDA:1,(anonymous_15)
FNDA:1,(anonymous_16)
FNDA:1,(anonymous_17)
FNDA:1,(anonymous_18)
FNDA:1,(anonymous_19)
DA:9,1
DA:13,1
DA:15,1
DA:16,1
DA:17,1
DA:20,1
DA:21,1
DA:24,1
DA:26,1
DA:28,1
DA:30,1
DA:32,1
DA:33,1
LF:13
LH:13
BRF:0
BRH:0
end_of_record
TN:
SF:tests/modules/auth/mocks/auth.database.mock.ts
FN:7,(anonymous_7)
FN:10,(anonymous_8)
FN:10,(anonymous_9)
FN:14,(anonymous_10)
FN:14,(anonymous_11)
FN:19,(anonymous_12)
FN:19,(anonymous_13)
FN:21,(anonymous_14)
FN:21,(anonymous_15)
FN:24,(anonymous_16)
FN:24,(anonymous_17)
FN:27,(anonymous_18)
FN:27,(anonymous_19)
FN:28,(anonymous_20)
FN:28,(anonymous_21)
FN:31,(anonymous_22)
FN:31,(anonymous_23)
FN:32,(anonymous_24)
FN:32,(anonymous_25)
FN:33,(anonymous_26)
FN:33,(anonymous_27)
FNF:21
FNH:17
FNDA:2,(anonymous_7)
FNDA:1,(anonymous_8)
FNDA:1,(anonymous_9)
FNDA:0,(anonymous_10)
FNDA:0,(anonymous_11)
FNDA:1,(anonymous_12)
FNDA:1,(anonymous_13)
FNDA:1,(anonymous_14)
FNDA:1,(anonymous_15)
FNDA:1,(anonymous_16)
FNDA:1,(anonymous_17)
FNDA:0,(anonymous_18)
FNDA:0,(anonymous_19)
FNDA:1,(anonymous_20)
FNDA:1,(anonymous_21)
FNDA:1,(anonymous_22)
FNDA:1,(anonymous_23)
FNDA:1,(anonymous_24)
FNDA:1,(anonymous_25)
FNDA:2,(anonymous_26)
FNDA:2,(anonymous_27)
DA:4,2
DA:7,2
DA:9,2
DA:10,1
DA:11,1
DA:13,2
DA:14,0
DA:15,0
DA:19,2
DA:21,2
DA:22,1
DA:24,2
DA:25,1
DA:27,2
DA:28,2
DA:29,1
DA:31,2
DA:32,2
DA:33,2
LF:19
LH:17
BRF:0
BRH:0
end_of_record
TN:
SF:tests/modules/auth/mocks/auth.mailer.service.mock.ts
FN:3,(anonymous_7)
FN:5,(anonymous_8)
FN:8,(anonymous_9)
FNF:3
FNH:3
FNDA:2,(anonymous_7)
FNDA:2,(anonymous_8)
FNDA:2,(anonymous_9)
DA:3,2
DA:5,2
DA:8,2
LF:3
LH:3
BRF:0
BRH:0
end_of_record
TN:
SF:tests/modules/auth/mocks/auth.userMock.ts
FNF:0
FNH:0
DA:1,2
DA:3,2
LF:2
LH:2
BRF:0
BRH:0
end_of_record
TN:
SF:tests/modules/auth/mocks/common.token.mock.ts
FN:3,(anonymous_0)
FN:4,(anonymous_1)
FN:7,(anonymous_2)
FN:10,(anonymous_3)
FN:11,(anonymous_4)
FNF:5
FNH:2
FNDA:2,(anonymous_0)
FNDA:2,(anonymous_1)
FNDA:0,(anonymous_2)
FNDA:0,(anonymous_3)
FNDA:0,(anonymous_4)
DA:3,2
DA:4,2
DA:5,2
DA:7,2
DA:8,0
DA:10,2
DA:11,2
LF:7
LH:6
BRF:0
BRH:0
end_of_record
TN:
SF:tests/modules/plan/mocks/plan.business.mock.ts
FN:8,(anonymous_7)
FN:10,(anonymous_8)
FN:10,(anonymous_9)
FN:15,(anonymous_10)
FN:15,(anonymous_11)
FN:18,(anonymous_12)
FN:18,(anonymous_13)
FN:20,(anonymous_14)
FN:20,(anonymous_15)
FNF:9
FNH:9
FNDA:1,(anonymous_7)
FNDA:1,(anonymous_8)
FNDA:1,(anonymous_9)
FNDA:1,(anonymous_10)
FNDA:1,(anonymous_11)
FNDA:1,(anonymous_12)
FNDA:1,(anonymous_13)
FNDA:1,(anonymous_14)
FNDA:1,(anonymous_15)
DA:7,1
DA:8,1
DA:10,1
DA:11,1
DA:14,1
DA:15,1
DA:18,1
DA:20,1
LF:8
LH:8
BRF:0
BRH:0
end_of_record
TN:
SF:tests/modules/plan/mocks/plan.database.mock.ts
FN:18,(anonymous_7)
FN:19,(anonymous_8)
FN:19,(anonymous_9)
FN:20,(anonymous_10)
FN:23,(anonymous_11)
FN:23,(anonymous_12)
FN:24,(anonymous_13)
FN:24,(anonymous_14)
FN:25,(anonymous_15)
FN:25,(anonymous_16)
FN:28,(anonymous_17)
FN:28,(anonymous_18)
FNF:12
FNH:12
FNDA:2,(anonymous_7)
FNDA:5,(anonymous_8)
FNDA:5,(anonymous_9)
FNDA:8,(anonymous_10)
FNDA:1,(anonymous_11)
FNDA:1,(anonymous_12)
FNDA:1,(anonymous_13)
FNDA:1,(anonymous_14)
FNDA:1,(anonymous_15)
FNDA:1,(anonymous_16)
FNDA:1,(anonymous_17)
FNDA:1,(anonymous_18)
DA:1,2
DA:3,2
DA:6,2
DA:18,2
DA:19,5
DA:20,8
DA:23,2
DA:24,2
DA:25,2
DA:26,1
DA:28,2
LF:11
LH:11
BRF:0
BRH:0
end_of_record
